2024-07-25 16:10:20 error: uncaughtException: listen EADDRINUSE: address already in use :::3001
Error: listen EADDRINUSE: address already in use :::3001
    at Server.setupListenHandle [as _listen2] (node:net:1372:16)
    at listenInCluster (node:net:1420:12)
    at Server.listen (node:net:1508:7)
    at Function.listen (/Users/suvidhapatekar/Downloads/typescript-graphql-poc/node_modules/express/lib/application.js:635:24)
    at App.listen (/Users/suvidhapatekar/Downloads/typescript-graphql-poc/src/app.ts:14:14)
    at new Server (/Users/suvidhapatekar/Downloads/typescript-graphql-poc/src/server.ts:11:14)
    at Object.<anonymous> (/Users/suvidhapatekar/Downloads/typescript-graphql-poc/src/server.ts:15:16)
    at Module._compile (node:internal/modules/cjs/loader:1105:14)
    at Module.m._compile (/Users/suvidhapatekar/Downloads/typescript-graphql-poc/node_modules/ts-node/src/index.ts:1618:23)
    at Module._extensions..js (node:internal/modules/cjs/loader:1159:10)
2024-07-25 16:10:34 error: uncaughtException: listen EADDRINUSE: address already in use :::3001
Error: listen EADDRINUSE: address already in use :::3001
    at Server.setupListenHandle [as _listen2] (node:net:1372:16)
    at listenInCluster (node:net:1420:12)
    at Server.listen (node:net:1508:7)
    at Function.listen (/Users/suvidhapatekar/Downloads/typescript-graphql-poc/node_modules/express/lib/application.js:635:24)
    at App.listen (/Users/suvidhapatekar/Downloads/typescript-graphql-poc/src/app.ts:14:14)
    at new Server (/Users/suvidhapatekar/Downloads/typescript-graphql-poc/src/server.ts:11:14)
    at Object.<anonymous> (/Users/suvidhapatekar/Downloads/typescript-graphql-poc/src/server.ts:15:16)
    at Module._compile (node:internal/modules/cjs/loader:1105:14)
    at Module.m._compile (/Users/suvidhapatekar/Downloads/typescript-graphql-poc/node_modules/ts-node/src/index.ts:1618:23)
    at Module._extensions..js (node:internal/modules/cjs/loader:1159:10)
2024-07-25 16:11:32 error: uncaughtException: request to http://aadhar-dash-dash:3025/aadhar-dash/api/v1/internal/page/get-page-info-by-id/EeF9iVr5jC failed, reason: getaddrinfo ENOTFOUND aadhar-dash-dash
FetchError: request to http://aadhar-dash-dash:3025/aadhar-dash/api/v1/internal/page/get-page-info-by-id/EeF9iVr5jC failed, reason: getaddrinfo ENOTFOUND aadhar-dash-dash
    at ClientRequest.<anonymous> (/Users/suvidhapatekar/Downloads/typescript-graphql-poc/node_modules/node-fetch/lib/index.js:1501:11)
    at ClientRequest.emit (node:events:527:28)
    at ClientRequest.emit (node:domain:475:12)
    at Socket.socketErrorListener (node:_http_client:454:9)
    at Socket.emit (node:events:527:28)
    at Socket.emit (node:domain:475:12)
    at emitErrorNT (node:internal/streams/destroy:157:8)
    at emitErrorCloseNT (node:internal/streams/destroy:122:3)
    at processTicksAndRejections (node:internal/process/task_queues:83:21)
2024-07-25 16:11:57 error: uncaughtException: request to http://aadhar-dash-dash:3025/aadhar-dash/api/v1/internal/page/get-page-info-by-id/EeF9iVr5jC failed, reason: getaddrinfo ENOTFOUND aadhar-dash-dash
FetchError: request to http://aadhar-dash-dash:3025/aadhar-dash/api/v1/internal/page/get-page-info-by-id/EeF9iVr5jC failed, reason: getaddrinfo ENOTFOUND aadhar-dash-dash
    at ClientRequest.<anonymous> (/Users/suvidhapatekar/Downloads/typescript-graphql-poc/node_modules/node-fetch/lib/index.js:1501:11)
    at ClientRequest.emit (node:events:527:28)
    at ClientRequest.emit (node:domain:475:12)
    at Socket.socketErrorListener (node:_http_client:454:9)
    at Socket.emit (node:events:527:28)
    at Socket.emit (node:domain:475:12)
    at emitErrorNT (node:internal/streams/destroy:157:8)
    at emitErrorCloseNT (node:internal/streams/destroy:122:3)
    at processTicksAndRejections (node:internal/process/task_queues:83:21)
2024-07-25 18:01:36 error: uncaughtException: listen EADDRINUSE: address already in use :::3001
Error: listen EADDRINUSE: address already in use :::3001
    at Server.setupListenHandle [as _listen2] (node:net:1372:16)
    at listenInCluster (node:net:1420:12)
    at Server.listen (node:net:1508:7)
    at Function.listen (/Users/suvidhapatekar/Downloads/typescript-graphql-poc/node_modules/express/lib/application.js:635:24)
    at App.listen (/Users/suvidhapatekar/Downloads/typescript-graphql-poc/src/app.ts:14:14)
    at new Server (/Users/suvidhapatekar/Downloads/typescript-graphql-poc/src/server.ts:11:14)
    at Object.<anonymous> (/Users/suvidhapatekar/Downloads/typescript-graphql-poc/src/server.ts:15:16)
    at Module._compile (node:internal/modules/cjs/loader:1105:14)
    at Module.m._compile (/Users/suvidhapatekar/Downloads/typescript-graphql-poc/node_modules/ts-node/src/index.ts:1618:23)
    at Module._extensions..js (node:internal/modules/cjs/loader:1159:10)
2024-07-25 18:02:08 error: uncaughtException: listen EADDRINUSE: address already in use :::3001
Error: listen EADDRINUSE: address already in use :::3001
    at Server.setupListenHandle [as _listen2] (node:net:1372:16)
    at listenInCluster (node:net:1420:12)
    at Server.listen (node:net:1508:7)
    at Function.listen (/Users/suvidhapatekar/Downloads/typescript-graphql-poc/node_modules/express/lib/application.js:635:24)
    at App.listen (/Users/suvidhapatekar/Downloads/typescript-graphql-poc/src/app.ts:14:14)
    at new Server (/Users/suvidhapatekar/Downloads/typescript-graphql-poc/src/server.ts:11:14)
    at Object.<anonymous> (/Users/suvidhapatekar/Downloads/typescript-graphql-poc/src/server.ts:15:16)
    at Module._compile (node:internal/modules/cjs/loader:1105:14)
    at Module.m._compile (/Users/suvidhapatekar/Downloads/typescript-graphql-poc/node_modules/ts-node/src/index.ts:1618:23)
    at Module._extensions..js (node:internal/modules/cjs/loader:1159:10)
2024-07-25 18:05:22 error: uncaughtException: listen EADDRINUSE: address already in use :::3001
Error: listen EADDRINUSE: address already in use :::3001
    at Server.setupListenHandle [as _listen2] (node:net:1372:16)
    at listenInCluster (node:net:1420:12)
    at Server.listen (node:net:1508:7)
    at Function.listen (/Users/suvidhapatekar/Downloads/typescript-graphql-poc/node_modules/express/lib/application.js:635:24)
    at App.listen (/Users/suvidhapatekar/Downloads/typescript-graphql-poc/src/app.ts:14:14)
    at new Server (/Users/suvidhapatekar/Downloads/typescript-graphql-poc/src/server.ts:11:14)
    at Object.<anonymous> (/Users/suvidhapatekar/Downloads/typescript-graphql-poc/src/server.ts:15:16)
    at Module._compile (node:internal/modules/cjs/loader:1105:14)
    at Module.m._compile (/Users/suvidhapatekar/Downloads/typescript-graphql-poc/node_modules/ts-node/src/index.ts:1618:23)
    at Module._extensions..js (node:internal/modules/cjs/loader:1159:10)
2024-07-25 18:05:29 error: uncaughtException: listen EADDRINUSE: address already in use :::3001
Error: listen EADDRINUSE: address already in use :::3001
    at Server.setupListenHandle [as _listen2] (node:net:1372:16)
    at listenInCluster (node:net:1420:12)
    at Server.listen (node:net:1508:7)
    at Function.listen (/Users/suvidhapatekar/Downloads/typescript-graphql-poc/node_modules/express/lib/application.js:635:24)
    at App.listen (/Users/suvidhapatekar/Downloads/typescript-graphql-poc/src/app.ts:14:14)
    at new Server (/Users/suvidhapatekar/Downloads/typescript-graphql-poc/src/server.ts:11:14)
    at Object.<anonymous> (/Users/suvidhapatekar/Downloads/typescript-graphql-poc/src/server.ts:15:16)
    at Module._compile (node:internal/modules/cjs/loader:1105:14)
    at Module.m._compile (/Users/suvidhapatekar/Downloads/typescript-graphql-poc/node_modules/ts-node/src/index.ts:1618:23)
    at Module._extensions..js (node:internal/modules/cjs/loader:1159:10)
2024-07-25 18:05:34 error: uncaughtException: тип Unable to compile TypeScript:
[96msrc/controllers/localJsonController.ts[0m:[93m14[0m:[93m35[0m - [91merror[0m[90m TS1005: [0m',' expected.

[7m14[0m           console.debug("data is" data)
[7m  [0m [91m                                  ~~~~[0m

TSError: тип Unable to compile TypeScript:
[96msrc/controllers/localJsonController.ts[0m:[93m14[0m:[93m35[0m - [91merror[0m[90m TS1005: [0m',' expected.

[7m14[0m           console.debug("data is" data)
[7m  [0m [91m                                  ~~~~[0m

    at createTSError (/Users/suvidhapatekar/Downloads/typescript-graphql-poc/node_modules/ts-node/src/index.ts:859:12)
    at reportTSError (/Users/suvidhapatekar/Downloads/typescript-graphql-poc/node_modules/ts-node/src/index.ts:863:19)
    at /Users/suvidhapatekar/Downloads/typescript-graphql-poc/node_modules/ts-node/src/index.ts:1379:34
    at Object.compile (/Users/suvidhapatekar/Downloads/typescript-graphql-poc/node_modules/ts-node/src/index.ts:1458:13)
    at Module.m._compile (/Users/suvidhapatekar/Downloads/typescript-graphql-poc/node_modules/ts-node/src/index.ts:1617:30)
    at Module._extensions..js (node:internal/modules/cjs/loader:1159:10)
    at Object.require.extensions.<computed> [as .ts] (/Users/suvidhapatekar/Downloads/typescript-graphql-poc/node_modules/ts-node/src/index.ts:1621:12)
    at Module.load (node:internal/modules/cjs/loader:981:32)
    at Function.Module._load (node:internal/modules/cjs/loader:822:12)
    at Module.require (node:internal/modules/cjs/loader:1005:19)
2024-07-25 18:05:34 error: uncaughtException: тип Unable to compile TypeScript:
[96msrc/controllers/localJsonController.ts[0m:[93m14[0m:[93m35[0m - [91merror[0m[90m TS1005: [0m',' expected.

[7m14[0m           console.debug("data is" data)
[7m  [0m [91m                                  ~~~~[0m

TSError: тип Unable to compile TypeScript:
[96msrc/controllers/localJsonController.ts[0m:[93m14[0m:[93m35[0m - [91merror[0m[90m TS1005: [0m',' expected.

[7m14[0m           console.debug("data is" data)
[7m  [0m [91m                                  ~~~~[0m

    at createTSError (/Users/suvidhapatekar/Downloads/typescript-graphql-poc/node_modules/ts-node/src/index.ts:859:12)
    at reportTSError (/Users/suvidhapatekar/Downloads/typescript-graphql-poc/node_modules/ts-node/src/index.ts:863:19)
    at /Users/suvidhapatekar/Downloads/typescript-graphql-poc/node_modules/ts-node/src/index.ts:1379:34
    at Object.compile (/Users/suvidhapatekar/Downloads/typescript-graphql-poc/node_modules/ts-node/src/index.ts:1458:13)
    at Module.m._compile (/Users/suvidhapatekar/Downloads/typescript-graphql-poc/node_modules/ts-node/src/index.ts:1617:30)
    at Module._extensions..js (node:internal/modules/cjs/loader:1159:10)
    at Object.require.extensions.<computed> [as .ts] (/Users/suvidhapatekar/Downloads/typescript-graphql-poc/node_modules/ts-node/src/index.ts:1621:12)
    at Module.load (node:internal/modules/cjs/loader:981:32)
    at Function.Module._load (node:internal/modules/cjs/loader:822:12)
    at Module.require (node:internal/modules/cjs/loader:1005:19)
2024-07-25 18:05:36 error: uncaughtException: тип Unable to compile TypeScript:
[96msrc/controllers/localJsonController.ts[0m:[93m14[0m:[93m35[0m - [91merror[0m[90m TS1005: [0m',' expected.

[7m14[0m           console.debug("data is" $data)
[7m  [0m [91m                                  ~~~~~[0m

TSError: тип Unable to compile TypeScript:
[96msrc/controllers/localJsonController.ts[0m:[93m14[0m:[93m35[0m - [91merror[0m[90m TS1005: [0m',' expected.

[7m14[0m           console.debug("data is" $data)
[7m  [0m [91m                                  ~~~~~[0m

    at createTSError (/Users/suvidhapatekar/Downloads/typescript-graphql-poc/node_modules/ts-node/src/index.ts:859:12)
    at reportTSError (/Users/suvidhapatekar/Downloads/typescript-graphql-poc/node_modules/ts-node/src/index.ts:863:19)
    at /Users/suvidhapatekar/Downloads/typescript-graphql-poc/node_modules/ts-node/src/index.ts:1379:34
    at Object.compile (/Users/suvidhapatekar/Downloads/typescript-graphql-poc/node_modules/ts-node/src/index.ts:1458:13)
    at Module.m._compile (/Users/suvidhapatekar/Downloads/typescript-graphql-poc/node_modules/ts-node/src/index.ts:1617:30)
    at Module._extensions..js (node:internal/modules/cjs/loader:1159:10)
    at Object.require.extensions.<computed> [as .ts] (/Users/suvidhapatekar/Downloads/typescript-graphql-poc/node_modules/ts-node/src/index.ts:1621:12)
    at Module.load (node:internal/modules/cjs/loader:981:32)
    at Function.Module._load (node:internal/modules/cjs/loader:822:12)
    at Module.require (node:internal/modules/cjs/loader:1005:19)
2024-07-25 18:05:36 error: uncaughtException: тип Unable to compile TypeScript:
[96msrc/controllers/localJsonController.ts[0m:[93m14[0m:[93m35[0m - [91merror[0m[90m TS1005: [0m',' expected.

[7m14[0m           console.debug("data is" $data)
[7m  [0m [91m                                  ~~~~~[0m

TSError: тип Unable to compile TypeScript:
[96msrc/controllers/localJsonController.ts[0m:[93m14[0m:[93m35[0m - [91merror[0m[90m TS1005: [0m',' expected.

[7m14[0m           console.debug("data is" $data)
[7m  [0m [91m                                  ~~~~~[0m

    at createTSError (/Users/suvidhapatekar/Downloads/typescript-graphql-poc/node_modules/ts-node/src/index.ts:859:12)
    at reportTSError (/Users/suvidhapatekar/Downloads/typescript-graphql-poc/node_modules/ts-node/src/index.ts:863:19)
    at /Users/suvidhapatekar/Downloads/typescript-graphql-poc/node_modules/ts-node/src/index.ts:1379:34
    at Object.compile (/Users/suvidhapatekar/Downloads/typescript-graphql-poc/node_modules/ts-node/src/index.ts:1458:13)
    at Module.m._compile (/Users/suvidhapatekar/Downloads/typescript-graphql-poc/node_modules/ts-node/src/index.ts:1617:30)
    at Module._extensions..js (node:internal/modules/cjs/loader:1159:10)
    at Object.require.extensions.<computed> [as .ts] (/Users/suvidhapatekar/Downloads/typescript-graphql-poc/node_modules/ts-node/src/index.ts:1621:12)
    at Module.load (node:internal/modules/cjs/loader:981:32)
    at Function.Module._load (node:internal/modules/cjs/loader:822:12)
    at Module.require (node:internal/modules/cjs/loader:1005:19)
2024-07-25 18:05:38 error: uncaughtException: тип Unable to compile TypeScript:
[96msrc/controllers/localJsonController.ts[0m:[93m14[0m:[93m35[0m - [91merror[0m[90m TS1005: [0m',' expected.

[7m14[0m           console.debug("data is" data)
[7m  [0m [91m                                  ~~~~[0m

TSError: тип Unable to compile TypeScript:
[96msrc/controllers/localJsonController.ts[0m:[93m14[0m:[93m35[0m - [91merror[0m[90m TS1005: [0m',' expected.

[7m14[0m           console.debug("data is" data)
[7m  [0m [91m                                  ~~~~[0m

    at createTSError (/Users/suvidhapatekar/Downloads/typescript-graphql-poc/node_modules/ts-node/src/index.ts:859:12)
    at reportTSError (/Users/suvidhapatekar/Downloads/typescript-graphql-poc/node_modules/ts-node/src/index.ts:863:19)
    at /Users/suvidhapatekar/Downloads/typescript-graphql-poc/node_modules/ts-node/src/index.ts:1379:34
    at Object.compile (/Users/suvidhapatekar/Downloads/typescript-graphql-poc/node_modules/ts-node/src/index.ts:1458:13)
    at Module.m._compile (/Users/suvidhapatekar/Downloads/typescript-graphql-poc/node_modules/ts-node/src/index.ts:1617:30)
    at Module._extensions..js (node:internal/modules/cjs/loader:1159:10)
    at Object.require.extensions.<computed> [as .ts] (/Users/suvidhapatekar/Downloads/typescript-graphql-poc/node_modules/ts-node/src/index.ts:1621:12)
    at Module.load (node:internal/modules/cjs/loader:981:32)
    at Function.Module._load (node:internal/modules/cjs/loader:822:12)
    at Module.require (node:internal/modules/cjs/loader:1005:19)
2024-07-25 18:05:38 error: uncaughtException: тип Unable to compile TypeScript:
[96msrc/controllers/localJsonController.ts[0m:[93m14[0m:[93m35[0m - [91merror[0m[90m TS1005: [0m',' expected.

[7m14[0m           console.debug("data is" data)
[7m  [0m [91m                                  ~~~~[0m

TSError: тип Unable to compile TypeScript:
[96msrc/controllers/localJsonController.ts[0m:[93m14[0m:[93m35[0m - [91merror[0m[90m TS1005: [0m',' expected.

[7m14[0m           console.debug("data is" data)
[7m  [0m [91m                                  ~~~~[0m

    at createTSError (/Users/suvidhapatekar/Downloads/typescript-graphql-poc/node_modules/ts-node/src/index.ts:859:12)
    at reportTSError (/Users/suvidhapatekar/Downloads/typescript-graphql-poc/node_modules/ts-node/src/index.ts:863:19)
    at /Users/suvidhapatekar/Downloads/typescript-graphql-poc/node_modules/ts-node/src/index.ts:1379:34
    at Object.compile (/Users/suvidhapatekar/Downloads/typescript-graphql-poc/node_modules/ts-node/src/index.ts:1458:13)
    at Module.m._compile (/Users/suvidhapatekar/Downloads/typescript-graphql-poc/node_modules/ts-node/src/index.ts:1617:30)
    at Module._extensions..js (node:internal/modules/cjs/loader:1159:10)
    at Object.require.extensions.<computed> [as .ts] (/Users/suvidhapatekar/Downloads/typescript-graphql-poc/node_modules/ts-node/src/index.ts:1621:12)
    at Module.load (node:internal/modules/cjs/loader:981:32)
    at Function.Module._load (node:internal/modules/cjs/loader:822:12)
    at Module.require (node:internal/modules/cjs/loader:1005:19)
2024-07-25 18:05:41 error: uncaughtException: тип Unable to compile TypeScript:
[96msrc/controllers/localJsonController.ts[0m:[93m14[0m:[93m33[0m - [91merror[0m[90m TS1005: [0m',' expected.

[7m14[0m           console.log("data is" data)
[7m  [0m [91m                                ~~~~[0m

TSError: тип Unable to compile TypeScript:
[96msrc/controllers/localJsonController.ts[0m:[93m14[0m:[93m33[0m - [91merror[0m[90m TS1005: [0m',' expected.

[7m14[0m           console.log("data is" data)
[7m  [0m [91m                                ~~~~[0m

    at createTSError (/Users/suvidhapatekar/Downloads/typescript-graphql-poc/node_modules/ts-node/src/index.ts:859:12)
    at reportTSError (/Users/suvidhapatekar/Downloads/typescript-graphql-poc/node_modules/ts-node/src/index.ts:863:19)
    at /Users/suvidhapatekar/Downloads/typescript-graphql-poc/node_modules/ts-node/src/index.ts:1379:34
    at Object.compile (/Users/suvidhapatekar/Downloads/typescript-graphql-poc/node_modules/ts-node/src/index.ts:1458:13)
    at Module.m._compile (/Users/suvidhapatekar/Downloads/typescript-graphql-poc/node_modules/ts-node/src/index.ts:1617:30)
    at Module._extensions..js (node:internal/modules/cjs/loader:1159:10)
    at Object.require.extensions.<computed> [as .ts] (/Users/suvidhapatekar/Downloads/typescript-graphql-poc/node_modules/ts-node/src/index.ts:1621:12)
    at Module.load (node:internal/modules/cjs/loader:981:32)
    at Function.Module._load (node:internal/modules/cjs/loader:822:12)
    at Module.require (node:internal/modules/cjs/loader:1005:19)
2024-07-25 18:05:41 error: uncaughtException: тип Unable to compile TypeScript:
[96msrc/controllers/localJsonController.ts[0m:[93m14[0m:[93m33[0m - [91merror[0m[90m TS1005: [0m',' expected.

[7m14[0m           console.log("data is" data)
[7m  [0m [91m                                ~~~~[0m

TSError: тип Unable to compile TypeScript:
[96msrc/controllers/localJsonController.ts[0m:[93m14[0m:[93m33[0m - [91merror[0m[90m TS1005: [0m',' expected.

[7m14[0m           console.log("data is" data)
[7m  [0m [91m                                ~~~~[0m

    at createTSError (/Users/suvidhapatekar/Downloads/typescript-graphql-poc/node_modules/ts-node/src/index.ts:859:12)
    at reportTSError (/Users/suvidhapatekar/Downloads/typescript-graphql-poc/node_modules/ts-node/src/index.ts:863:19)
    at /Users/suvidhapatekar/Downloads/typescript-graphql-poc/node_modules/ts-node/src/index.ts:1379:34
    at Object.compile (/Users/suvidhapatekar/Downloads/typescript-graphql-poc/node_modules/ts-node/src/index.ts:1458:13)
    at Module.m._compile (/Users/suvidhapatekar/Downloads/typescript-graphql-poc/node_modules/ts-node/src/index.ts:1617:30)
    at Module._extensions..js (node:internal/modules/cjs/loader:1159:10)
    at Object.require.extensions.<computed> [as .ts] (/Users/suvidhapatekar/Downloads/typescript-graphql-poc/node_modules/ts-node/src/index.ts:1621:12)
    at Module.load (node:internal/modules/cjs/loader:981:32)
    at Function.Module._load (node:internal/modules/cjs/loader:822:12)
    at Module.require (node:internal/modules/cjs/loader:1005:19)
2024-07-25 18:05:43 error: uncaughtException: listen EADDRINUSE: address already in use :::3001
Error: listen EADDRINUSE: address already in use :::3001
    at Server.setupListenHandle [as _listen2] (node:net:1372:16)
    at listenInCluster (node:net:1420:12)
    at Server.listen (node:net:1508:7)
    at Function.listen (/Users/suvidhapatekar/Downloads/typescript-graphql-poc/node_modules/express/lib/application.js:635:24)
    at App.listen (/Users/suvidhapatekar/Downloads/typescript-graphql-poc/src/app.ts:14:14)
    at new Server (/Users/suvidhapatekar/Downloads/typescript-graphql-poc/src/server.ts:11:14)
    at Object.<anonymous> (/Users/suvidhapatekar/Downloads/typescript-graphql-poc/src/server.ts:15:16)
    at Module._compile (node:internal/modules/cjs/loader:1105:14)
    at Module.m._compile (/Users/suvidhapatekar/Downloads/typescript-graphql-poc/node_modules/ts-node/src/index.ts:1618:23)
    at Module._extensions..js (node:internal/modules/cjs/loader:1159:10)
2024-07-25 18:05:45 error: uncaughtException: listen EADDRINUSE: address already in use :::3001
Error: listen EADDRINUSE: address already in use :::3001
    at Server.setupListenHandle [as _listen2] (node:net:1372:16)
    at listenInCluster (node:net:1420:12)
    at Server.listen (node:net:1508:7)
    at Function.listen (/Users/suvidhapatekar/Downloads/typescript-graphql-poc/node_modules/express/lib/application.js:635:24)
    at App.listen (/Users/suvidhapatekar/Downloads/typescript-graphql-poc/src/app.ts:14:14)
    at new Server (/Users/suvidhapatekar/Downloads/typescript-graphql-poc/src/server.ts:11:14)
    at Object.<anonymous> (/Users/suvidhapatekar/Downloads/typescript-graphql-poc/src/server.ts:15:16)
    at Module._compile (node:internal/modules/cjs/loader:1105:14)
    at Module.m._compile (/Users/suvidhapatekar/Downloads/typescript-graphql-poc/node_modules/ts-node/src/index.ts:1618:23)
    at Module._extensions..js (node:internal/modules/cjs/loader:1159:10)
2024-07-25 18:05:48 error: uncaughtException: listen EADDRINUSE: address already in use :::3001
Error: listen EADDRINUSE: address already in use :::3001
    at Server.setupListenHandle [as _listen2] (node:net:1372:16)
    at listenInCluster (node:net:1420:12)
    at Server.listen (node:net:1508:7)
    at Function.listen (/Users/suvidhapatekar/Downloads/typescript-graphql-poc/node_modules/express/lib/application.js:635:24)
    at App.listen (/Users/suvidhapatekar/Downloads/typescript-graphql-poc/src/app.ts:14:14)
    at new Server (/Users/suvidhapatekar/Downloads/typescript-graphql-poc/src/server.ts:11:14)
    at Object.<anonymous> (/Users/suvidhapatekar/Downloads/typescript-graphql-poc/src/server.ts:15:16)
    at Module._compile (node:internal/modules/cjs/loader:1105:14)
    at Module.m._compile (/Users/suvidhapatekar/Downloads/typescript-graphql-poc/node_modules/ts-node/src/index.ts:1618:23)
    at Module._extensions..js (node:internal/modules/cjs/loader:1159:10)
2024-07-25 18:05:59 error: uncaughtException: тип Unable to compile TypeScript:
[96msrc/controllers/localJsonController.ts[0m:[93m14[0m:[93m39[0m - [91merror[0m[90m TS1002: [0mUnterminated string literal.

[7m14[0m           console.log('data is $data")
[7m  [0m [91m                                      [0m
[96msrc/controllers/localJsonController.ts[0m:[93m15[0m:[93m11[0m - [91merror[0m[90m TS1005: [0m',' expected.

[7m15[0m           return res.status(200).json({
[7m  [0m [91m          ~~~~~~[0m

TSError: тип Unable to compile TypeScript:
[96msrc/controllers/localJsonController.ts[0m:[93m14[0m:[93m39[0m - [91merror[0m[90m TS1002: [0mUnterminated string literal.

[7m14[0m           console.log('data is $data")
[7m  [0m [91m                                      [0m
[96msrc/controllers/localJsonController.ts[0m:[93m15[0m:[93m11[0m - [91merror[0m[90m TS1005: [0m',' expected.

[7m15[0m           return res.status(200).json({
[7m  [0m [91m          ~~~~~~[0m

    at createTSError (/Users/suvidhapatekar/Downloads/typescript-graphql-poc/node_modules/ts-node/src/index.ts:859:12)
    at reportTSError (/Users/suvidhapatekar/Downloads/typescript-graphql-poc/node_modules/ts-node/src/index.ts:863:19)
    at /Users/suvidhapatekar/Downloads/typescript-graphql-poc/node_modules/ts-node/src/index.ts:1379:34
    at Object.compile (/Users/suvidhapatekar/Downloads/typescript-graphql-poc/node_modules/ts-node/src/index.ts:1458:13)
    at Module.m._compile (/Users/suvidhapatekar/Downloads/typescript-graphql-poc/node_modules/ts-node/src/index.ts:1617:30)
    at Module._extensions..js (node:internal/modules/cjs/loader:1159:10)
    at Object.require.extensions.<computed> [as .ts] (/Users/suvidhapatekar/Downloads/typescript-graphql-poc/node_modules/ts-node/src/index.ts:1621:12)
    at Module.load (node:internal/modules/cjs/loader:981:32)
    at Function.Module._load (node:internal/modules/cjs/loader:822:12)
    at Module.require (node:internal/modules/cjs/loader:1005:19)
2024-07-25 18:05:59 error: uncaughtException: тип Unable to compile TypeScript:
[96msrc/controllers/localJsonController.ts[0m:[93m14[0m:[93m39[0m - [91merror[0m[90m TS1002: [0mUnterminated string literal.

[7m14[0m           console.log('data is $data")
[7m  [0m [91m                                      [0m
[96msrc/controllers/localJsonController.ts[0m:[93m15[0m:[93m11[0m - [91merror[0m[90m TS1005: [0m',' expected.

[7m15[0m           return res.status(200).json({
[7m  [0m [91m          ~~~~~~[0m

TSError: тип Unable to compile TypeScript:
[96msrc/controllers/localJsonController.ts[0m:[93m14[0m:[93m39[0m - [91merror[0m[90m TS1002: [0mUnterminated string literal.

[7m14[0m           console.log('data is $data")
[7m  [0m [91m                                      [0m
[96msrc/controllers/localJsonController.ts[0m:[93m15[0m:[93m11[0m - [91merror[0m[90m TS1005: [0m',' expected.

[7m15[0m           return res.status(200).json({
[7m  [0m [91m          ~~~~~~[0m

    at createTSError (/Users/suvidhapatekar/Downloads/typescript-graphql-poc/node_modules/ts-node/src/index.ts:859:12)
    at reportTSError (/Users/suvidhapatekar/Downloads/typescript-graphql-poc/node_modules/ts-node/src/index.ts:863:19)
    at /Users/suvidhapatekar/Downloads/typescript-graphql-poc/node_modules/ts-node/src/index.ts:1379:34
    at Object.compile (/Users/suvidhapatekar/Downloads/typescript-graphql-poc/node_modules/ts-node/src/index.ts:1458:13)
    at Module.m._compile (/Users/suvidhapatekar/Downloads/typescript-graphql-poc/node_modules/ts-node/src/index.ts:1617:30)
    at Module._extensions..js (node:internal/modules/cjs/loader:1159:10)
    at Object.require.extensions.<computed> [as .ts] (/Users/suvidhapatekar/Downloads/typescript-graphql-poc/node_modules/ts-node/src/index.ts:1621:12)
    at Module.load (node:internal/modules/cjs/loader:981:32)
    at Function.Module._load (node:internal/modules/cjs/loader:822:12)
    at Module.require (node:internal/modules/cjs/loader:1005:19)
2024-07-25 18:06:01 error: uncaughtException: тип Unable to compile TypeScript:
[96msrc/controllers/localJsonController.ts[0m:[93m14[0m:[93m23[0m - [91merror[0m[90m TS1135: [0mArgument expression expected.

[7m14[0m           console.log(,data is $data")
[7m  [0m [91m                      ~[0m
[96msrc/controllers/localJsonController.ts[0m:[93m14[0m:[93m29[0m - [91merror[0m[90m TS1005: [0m',' expected.

[7m14[0m           console.log(,data is $data")
[7m  [0m [91m                            ~~[0m
[96msrc/controllers/localJsonController.ts[0m:[93m14[0m:[93m32[0m - [91merror[0m[90m TS1005: [0m',' expected.

[7m14[0m           console.log(,data is $data")
[7m  [0m [91m                               ~~~~~[0m
[96msrc/controllers/localJsonController.ts[0m:[93m14[0m:[93m39[0m - [91merror[0m[90m TS1002: [0mUnterminated string literal.

[7m14[0m           console.log(,data is $data")
[7m  [0m [91m                                      [0m
[96msrc/controllers/localJsonController.ts[0m:[93m14[0m:[93m37[0m - [91merror[0m[90m TS1005: [0m',' expected.

[7m14[0m           console.log(,data is $data")
[7m  [0m [91m                                    ~~[0m
[96msrc/controllers/localJsonController.ts[0m:[93m15[0m:[93m11[0m - [91merror[0m[90m TS1005: [0m',' expected.

[7m15[0m           return res.status(200).json({
[7m  [0m [91m          ~~~~~~[0m

TSError: тип Unable to compile TypeScript:
[96msrc/controllers/localJsonController.ts[0m:[93m14[0m:[93m23[0m - [91merror[0m[90m TS1135: [0mArgument expression expected.

[7m14[0m           console.log(,data is $data")
[7m  [0m [91m                      ~[0m
[96msrc/controllers/localJsonController.ts[0m:[93m14[0m:[93m29[0m - [91merror[0m[90m TS1005: [0m',' expected.

[7m14[0m           console.log(,data is $data")
[7m  [0m [91m                            ~~[0m
[96msrc/controllers/localJsonController.ts[0m:[93m14[0m:[93m32[0m - [91merror[0m[90m TS1005: [0m',' expected.

[7m14[0m           console.log(,data is $data")
[7m  [0m [91m                               ~~~~~[0m
[96msrc/controllers/localJsonController.ts[0m:[93m14[0m:[93m39[0m - [91merror[0m[90m TS1002: [0mUnterminated string literal.

[7m14[0m           console.log(,data is $data")
[7m  [0m [91m                                      [0m
[96msrc/controllers/localJsonController.ts[0m:[93m14[0m:[93m37[0m - [91merror[0m[90m TS1005: [0m',' expected.

[7m14[0m           console.log(,data is $data")
[7m  [0m [91m                                    ~~[0m
[96msrc/controllers/localJsonController.ts[0m:[93m15[0m:[93m11[0m - [91merror[0m[90m TS1005: [0m',' expected.

[7m15[0m           return res.status(200).json({
[7m  [0m [91m          ~~~~~~[0m

    at createTSError (/Users/suvidhapatekar/Downloads/typescript-graphql-poc/node_modules/ts-node/src/index.ts:859:12)
    at reportTSError (/Users/suvidhapatekar/Downloads/typescript-graphql-poc/node_modules/ts-node/src/index.ts:863:19)
    at /Users/suvidhapatekar/Downloads/typescript-graphql-poc/node_modules/ts-node/src/index.ts:1379:34
    at Object.compile (/Users/suvidhapatekar/Downloads/typescript-graphql-poc/node_modules/ts-node/src/index.ts:1458:13)
    at Module.m._compile (/Users/suvidhapatekar/Downloads/typescript-graphql-poc/node_modules/ts-node/src/index.ts:1617:30)
    at Module._extensions..js (node:internal/modules/cjs/loader:1159:10)
    at Object.require.extensions.<computed> [as .ts] (/Users/suvidhapatekar/Downloads/typescript-graphql-poc/node_modules/ts-node/src/index.ts:1621:12)
    at Module.load (node:internal/modules/cjs/loader:981:32)
    at Function.Module._load (node:internal/modules/cjs/loader:822:12)
    at Module.require (node:internal/modules/cjs/loader:1005:19)
2024-07-25 18:06:01 error: uncaughtException: тип Unable to compile TypeScript:
[96msrc/controllers/localJsonController.ts[0m:[93m14[0m:[93m23[0m - [91merror[0m[90m TS1135: [0mArgument expression expected.

[7m14[0m           console.log(,data is $data")
[7m  [0m [91m                      ~[0m
[96msrc/controllers/localJsonController.ts[0m:[93m14[0m:[93m29[0m - [91merror[0m[90m TS1005: [0m',' expected.

[7m14[0m           console.log(,data is $data")
[7m  [0m [91m                            ~~[0m
[96msrc/controllers/localJsonController.ts[0m:[93m14[0m:[93m32[0m - [91merror[0m[90m TS1005: [0m',' expected.

[7m14[0m           console.log(,data is $data")
[7m  [0m [91m                               ~~~~~[0m
[96msrc/controllers/localJsonController.ts[0m:[93m14[0m:[93m39[0m - [91merror[0m[90m TS1002: [0mUnterminated string literal.

[7m14[0m           console.log(,data is $data")
[7m  [0m [91m                                      [0m
[96msrc/controllers/localJsonController.ts[0m:[93m14[0m:[93m37[0m - [91merror[0m[90m TS1005: [0m',' expected.

[7m14[0m           console.log(,data is $data")
[7m  [0m [91m                                    ~~[0m
[96msrc/controllers/localJsonController.ts[0m:[93m15[0m:[93m11[0m - [91merror[0m[90m TS1005: [0m',' expected.

[7m15[0m           return res.status(200).json({
[7m  [0m [91m          ~~~~~~[0m

TSError: тип Unable to compile TypeScript:
[96msrc/controllers/localJsonController.ts[0m:[93m14[0m:[93m23[0m - [91merror[0m[90m TS1135: [0mArgument expression expected.

[7m14[0m           console.log(,data is $data")
[7m  [0m [91m                      ~[0m
[96msrc/controllers/localJsonController.ts[0m:[93m14[0m:[93m29[0m - [91merror[0m[90m TS1005: [0m',' expected.

[7m14[0m           console.log(,data is $data")
[7m  [0m [91m                            ~~[0m
[96msrc/controllers/localJsonController.ts[0m:[93m14[0m:[93m32[0m - [91merror[0m[90m TS1005: [0m',' expected.

[7m14[0m           console.log(,data is $data")
[7m  [0m [91m                               ~~~~~[0m
[96msrc/controllers/localJsonController.ts[0m:[93m14[0m:[93m39[0m - [91merror[0m[90m TS1002: [0mUnterminated string literal.

[7m14[0m           console.log(,data is $data")
[7m  [0m [91m                                      [0m
[96msrc/controllers/localJsonController.ts[0m:[93m14[0m:[93m37[0m - [91merror[0m[90m TS1005: [0m',' expected.

[7m14[0m           console.log(,data is $data")
[7m  [0m [91m                                    ~~[0m
[96msrc/controllers/localJsonController.ts[0m:[93m15[0m:[93m11[0m - [91merror[0m[90m TS1005: [0m',' expected.

[7m15[0m           return res.status(200).json({
[7m  [0m [91m          ~~~~~~[0m

    at createTSError (/Users/suvidhapatekar/Downloads/typescript-graphql-poc/node_modules/ts-node/src/index.ts:859:12)
    at reportTSError (/Users/suvidhapatekar/Downloads/typescript-graphql-poc/node_modules/ts-node/src/index.ts:863:19)
    at /Users/suvidhapatekar/Downloads/typescript-graphql-poc/node_modules/ts-node/src/index.ts:1379:34
    at Object.compile (/Users/suvidhapatekar/Downloads/typescript-graphql-poc/node_modules/ts-node/src/index.ts:1458:13)
    at Module.m._compile (/Users/suvidhapatekar/Downloads/typescript-graphql-poc/node_modules/ts-node/src/index.ts:1617:30)
    at Module._extensions..js (node:internal/modules/cjs/loader:1159:10)
    at Object.require.extensions.<computed> [as .ts] (/Users/suvidhapatekar/Downloads/typescript-graphql-poc/node_modules/ts-node/src/index.ts:1621:12)
    at Module.load (node:internal/modules/cjs/loader:981:32)
    at Function.Module._load (node:internal/modules/cjs/loader:822:12)
    at Module.require (node:internal/modules/cjs/loader:1005:19)
2024-07-25 18:06:02 error: uncaughtException: тип Unable to compile TypeScript:
[96msrc/controllers/localJsonController.ts[0m:[93m14[0m:[93m28[0m - [91merror[0m[90m TS1005: [0m',' expected.

[7m14[0m           console.log(data is $data")
[7m  [0m [91m                           ~~[0m
[96msrc/controllers/localJsonController.ts[0m:[93m14[0m:[93m31[0m - [91merror[0m[90m TS1005: [0m',' expected.

[7m14[0m           console.log(data is $data")
[7m  [0m [91m                              ~~~~~[0m
[96msrc/controllers/localJsonController.ts[0m:[93m14[0m:[93m38[0m - [91merror[0m[90m TS1002: [0mUnterminated string literal.

[7m14[0m           console.log(data is $data")
[7m  [0m [91m                                     [0m
[96msrc/controllers/localJsonController.ts[0m:[93m14[0m:[93m36[0m - [91merror[0m[90m TS1005: [0m',' expected.

[7m14[0m           console.log(data is $data")
[7m  [0m [91m                                   ~~[0m
[96msrc/controllers/localJsonController.ts[0m:[93m15[0m:[93m11[0m - [91merror[0m[90m TS1005: [0m',' expected.

[7m15[0m           return res.status(200).json({
[7m  [0m [91m          ~~~~~~[0m

TSError: тип Unable to compile TypeScript:
[96msrc/controllers/localJsonController.ts[0m:[93m14[0m:[93m28[0m - [91merror[0m[90m TS1005: [0m',' expected.

[7m14[0m           console.log(data is $data")
[7m  [0m [91m                           ~~[0m
[96msrc/controllers/localJsonController.ts[0m:[93m14[0m:[93m31[0m - [91merror[0m[90m TS1005: [0m',' expected.

[7m14[0m           console.log(data is $data")
[7m  [0m [91m                              ~~~~~[0m
[96msrc/controllers/localJsonController.ts[0m:[93m14[0m:[93m38[0m - [91merror[0m[90m TS1002: [0mUnterminated string literal.

[7m14[0m           console.log(data is $data")
[7m  [0m [91m                                     [0m
[96msrc/controllers/localJsonController.ts[0m:[93m14[0m:[93m36[0m - [91merror[0m[90m TS1005: [0m',' expected.

[7m14[0m           console.log(data is $data")
[7m  [0m [91m                                   ~~[0m
[96msrc/controllers/localJsonController.ts[0m:[93m15[0m:[93m11[0m - [91merror[0m[90m TS1005: [0m',' expected.

[7m15[0m           return res.status(200).json({
[7m  [0m [91m          ~~~~~~[0m

    at createTSError (/Users/suvidhapatekar/Downloads/typescript-graphql-poc/node_modules/ts-node/src/index.ts:859:12)
    at reportTSError (/Users/suvidhapatekar/Downloads/typescript-graphql-poc/node_modules/ts-node/src/index.ts:863:19)
    at /Users/suvidhapatekar/Downloads/typescript-graphql-poc/node_modules/ts-node/src/index.ts:1379:34
    at Object.compile (/Users/suvidhapatekar/Downloads/typescript-graphql-poc/node_modules/ts-node/src/index.ts:1458:13)
    at Module.m._compile (/Users/suvidhapatekar/Downloads/typescript-graphql-poc/node_modules/ts-node/src/index.ts:1617:30)
    at Module._extensions..js (node:internal/modules/cjs/loader:1159:10)
    at Object.require.extensions.<computed> [as .ts] (/Users/suvidhapatekar/Downloads/typescript-graphql-poc/node_modules/ts-node/src/index.ts:1621:12)
    at Module.load (node:internal/modules/cjs/loader:981:32)
    at Function.Module._load (node:internal/modules/cjs/loader:822:12)
    at Module.require (node:internal/modules/cjs/loader:1005:19)
2024-07-25 18:06:02 error: uncaughtException: тип Unable to compile TypeScript:
[96msrc/controllers/localJsonController.ts[0m:[93m14[0m:[93m28[0m - [91merror[0m[90m TS1005: [0m',' expected.

[7m14[0m           console.log(data is $data")
[7m  [0m [91m                           ~~[0m
[96msrc/controllers/localJsonController.ts[0m:[93m14[0m:[93m31[0m - [91merror[0m[90m TS1005: [0m',' expected.

[7m14[0m           console.log(data is $data")
[7m  [0m [91m                              ~~~~~[0m
[96msrc/controllers/localJsonController.ts[0m:[93m14[0m:[93m38[0m - [91merror[0m[90m TS1002: [0mUnterminated string literal.

[7m14[0m           console.log(data is $data")
[7m  [0m [91m                                     [0m
[96msrc/controllers/localJsonController.ts[0m:[93m14[0m:[93m36[0m - [91merror[0m[90m TS1005: [0m',' expected.

[7m14[0m           console.log(data is $data")
[7m  [0m [91m                                   ~~[0m
[96msrc/controllers/localJsonController.ts[0m:[93m15[0m:[93m11[0m - [91merror[0m[90m TS1005: [0m',' expected.

[7m15[0m           return res.status(200).json({
[7m  [0m [91m          ~~~~~~[0m

TSError: тип Unable to compile TypeScript:
[96msrc/controllers/localJsonController.ts[0m:[93m14[0m:[93m28[0m - [91merror[0m[90m TS1005: [0m',' expected.

[7m14[0m           console.log(data is $data")
[7m  [0m [91m                           ~~[0m
[96msrc/controllers/localJsonController.ts[0m:[93m14[0m:[93m31[0m - [91merror[0m[90m TS1005: [0m',' expected.

[7m14[0m           console.log(data is $data")
[7m  [0m [91m                              ~~~~~[0m
[96msrc/controllers/localJsonController.ts[0m:[93m14[0m:[93m38[0m - [91merror[0m[90m TS1002: [0mUnterminated string literal.

[7m14[0m           console.log(data is $data")
[7m  [0m [91m                                     [0m
[96msrc/controllers/localJsonController.ts[0m:[93m14[0m:[93m36[0m - [91merror[0m[90m TS1005: [0m',' expected.

[7m14[0m           console.log(data is $data")
[7m  [0m [91m                                   ~~[0m
[96msrc/controllers/localJsonController.ts[0m:[93m15[0m:[93m11[0m - [91merror[0m[90m TS1005: [0m',' expected.

[7m15[0m           return res.status(200).json({
[7m  [0m [91m          ~~~~~~[0m

    at createTSError (/Users/suvidhapatekar/Downloads/typescript-graphql-poc/node_modules/ts-node/src/index.ts:859:12)
    at reportTSError (/Users/suvidhapatekar/Downloads/typescript-graphql-poc/node_modules/ts-node/src/index.ts:863:19)
    at /Users/suvidhapatekar/Downloads/typescript-graphql-poc/node_modules/ts-node/src/index.ts:1379:34
    at Object.compile (/Users/suvidhapatekar/Downloads/typescript-graphql-poc/node_modules/ts-node/src/index.ts:1458:13)
    at Module.m._compile (/Users/suvidhapatekar/Downloads/typescript-graphql-poc/node_modules/ts-node/src/index.ts:1617:30)
    at Module._extensions..js (node:internal/modules/cjs/loader:1159:10)
    at Object.require.extensions.<computed> [as .ts] (/Users/suvidhapatekar/Downloads/typescript-graphql-poc/node_modules/ts-node/src/index.ts:1621:12)
    at Module.load (node:internal/modules/cjs/loader:981:32)
    at Function.Module._load (node:internal/modules/cjs/loader:822:12)
    at Module.require (node:internal/modules/cjs/loader:1005:19)
2024-07-25 18:06:03 error: uncaughtException: listen EADDRINUSE: address already in use :::3001
Error: listen EADDRINUSE: address already in use :::3001
    at Server.setupListenHandle [as _listen2] (node:net:1372:16)
    at listenInCluster (node:net:1420:12)
    at Server.listen (node:net:1508:7)
    at Function.listen (/Users/suvidhapatekar/Downloads/typescript-graphql-poc/node_modules/express/lib/application.js:635:24)
    at App.listen (/Users/suvidhapatekar/Downloads/typescript-graphql-poc/src/app.ts:14:14)
    at new Server (/Users/suvidhapatekar/Downloads/typescript-graphql-poc/src/server.ts:11:14)
    at Object.<anonymous> (/Users/suvidhapatekar/Downloads/typescript-graphql-poc/src/server.ts:15:16)
    at Module._compile (node:internal/modules/cjs/loader:1105:14)
    at Module.m._compile (/Users/suvidhapatekar/Downloads/typescript-graphql-poc/node_modules/ts-node/src/index.ts:1618:23)
    at Module._extensions..js (node:internal/modules/cjs/loader:1159:10)
2024-07-25 18:06:06 error: uncaughtException: тип Unable to compile TypeScript:
[96msrc/controllers/localJsonController.ts[0m:[93m14[0m:[93m39[0m - [91merror[0m[90m TS1002: [0mUnterminated string literal.

[7m14[0m           console.log('data is $data")
[7m  [0m [91m                                      [0m
[96msrc/controllers/localJsonController.ts[0m:[93m15[0m:[93m11[0m - [91merror[0m[90m TS1005: [0m',' expected.

[7m15[0m           return res.status(200).json({
[7m  [0m [91m          ~~~~~~[0m

TSError: тип Unable to compile TypeScript:
[96msrc/controllers/localJsonController.ts[0m:[93m14[0m:[93m39[0m - [91merror[0m[90m TS1002: [0mUnterminated string literal.

[7m14[0m           console.log('data is $data")
[7m  [0m [91m                                      [0m
[96msrc/controllers/localJsonController.ts[0m:[93m15[0m:[93m11[0m - [91merror[0m[90m TS1005: [0m',' expected.

[7m15[0m           return res.status(200).json({
[7m  [0m [91m          ~~~~~~[0m

    at createTSError (/Users/suvidhapatekar/Downloads/typescript-graphql-poc/node_modules/ts-node/src/index.ts:859:12)
    at reportTSError (/Users/suvidhapatekar/Downloads/typescript-graphql-poc/node_modules/ts-node/src/index.ts:863:19)
    at /Users/suvidhapatekar/Downloads/typescript-graphql-poc/node_modules/ts-node/src/index.ts:1379:34
    at Object.compile (/Users/suvidhapatekar/Downloads/typescript-graphql-poc/node_modules/ts-node/src/index.ts:1458:13)
    at Module.m._compile (/Users/suvidhapatekar/Downloads/typescript-graphql-poc/node_modules/ts-node/src/index.ts:1617:30)
    at Module._extensions..js (node:internal/modules/cjs/loader:1159:10)
    at Object.require.extensions.<computed> [as .ts] (/Users/suvidhapatekar/Downloads/typescript-graphql-poc/node_modules/ts-node/src/index.ts:1621:12)
    at Module.load (node:internal/modules/cjs/loader:981:32)
    at Function.Module._load (node:internal/modules/cjs/loader:822:12)
    at Module.require (node:internal/modules/cjs/loader:1005:19)
2024-07-25 18:06:06 error: uncaughtException: тип Unable to compile TypeScript:
[96msrc/controllers/localJsonController.ts[0m:[93m14[0m:[93m39[0m - [91merror[0m[90m TS1002: [0mUnterminated string literal.

[7m14[0m           console.log('data is $data")
[7m  [0m [91m                                      [0m
[96msrc/controllers/localJsonController.ts[0m:[93m15[0m:[93m11[0m - [91merror[0m[90m TS1005: [0m',' expected.

[7m15[0m           return res.status(200).json({
[7m  [0m [91m          ~~~~~~[0m

TSError: тип Unable to compile TypeScript:
[96msrc/controllers/localJsonController.ts[0m:[93m14[0m:[93m39[0m - [91merror[0m[90m TS1002: [0mUnterminated string literal.

[7m14[0m           console.log('data is $data")
[7m  [0m [91m                                      [0m
[96msrc/controllers/localJsonController.ts[0m:[93m15[0m:[93m11[0m - [91merror[0m[90m TS1005: [0m',' expected.

[7m15[0m           return res.status(200).json({
[7m  [0m [91m          ~~~~~~[0m

    at createTSError (/Users/suvidhapatekar/Downloads/typescript-graphql-poc/node_modules/ts-node/src/index.ts:859:12)
    at reportTSError (/Users/suvidhapatekar/Downloads/typescript-graphql-poc/node_modules/ts-node/src/index.ts:863:19)
    at /Users/suvidhapatekar/Downloads/typescript-graphql-poc/node_modules/ts-node/src/index.ts:1379:34
    at Object.compile (/Users/suvidhapatekar/Downloads/typescript-graphql-poc/node_modules/ts-node/src/index.ts:1458:13)
    at Module.m._compile (/Users/suvidhapatekar/Downloads/typescript-graphql-poc/node_modules/ts-node/src/index.ts:1617:30)
    at Module._extensions..js (node:internal/modules/cjs/loader:1159:10)
    at Object.require.extensions.<computed> [as .ts] (/Users/suvidhapatekar/Downloads/typescript-graphql-poc/node_modules/ts-node/src/index.ts:1621:12)
    at Module.load (node:internal/modules/cjs/loader:981:32)
    at Function.Module._load (node:internal/modules/cjs/loader:822:12)
    at Module.require (node:internal/modules/cjs/loader:1005:19)
2024-07-25 18:06:08 error: uncaughtException: listen EADDRINUSE: address already in use :::3001
Error: listen EADDRINUSE: address already in use :::3001
    at Server.setupListenHandle [as _listen2] (node:net:1372:16)
    at listenInCluster (node:net:1420:12)
    at Server.listen (node:net:1508:7)
    at Function.listen (/Users/suvidhapatekar/Downloads/typescript-graphql-poc/node_modules/express/lib/application.js:635:24)
    at App.listen (/Users/suvidhapatekar/Downloads/typescript-graphql-poc/src/app.ts:14:14)
    at new Server (/Users/suvidhapatekar/Downloads/typescript-graphql-poc/src/server.ts:11:14)
    at Object.<anonymous> (/Users/suvidhapatekar/Downloads/typescript-graphql-poc/src/server.ts:15:16)
    at Module._compile (node:internal/modules/cjs/loader:1105:14)
    at Module.m._compile (/Users/suvidhapatekar/Downloads/typescript-graphql-poc/node_modules/ts-node/src/index.ts:1618:23)
    at Module._extensions..js (node:internal/modules/cjs/loader:1159:10)
2024-07-25 18:06:10 error: uncaughtException: listen EADDRINUSE: address already in use :::3001
Error: listen EADDRINUSE: address already in use :::3001
    at Server.setupListenHandle [as _listen2] (node:net:1372:16)
    at listenInCluster (node:net:1420:12)
    at Server.listen (node:net:1508:7)
    at Function.listen (/Users/suvidhapatekar/Downloads/typescript-graphql-poc/node_modules/express/lib/application.js:635:24)
    at App.listen (/Users/suvidhapatekar/Downloads/typescript-graphql-poc/src/app.ts:14:14)
    at new Server (/Users/suvidhapatekar/Downloads/typescript-graphql-poc/src/server.ts:11:14)
    at Object.<anonymous> (/Users/suvidhapatekar/Downloads/typescript-graphql-poc/src/server.ts:15:16)
    at Module._compile (node:internal/modules/cjs/loader:1105:14)
    at Module.m._compile (/Users/suvidhapatekar/Downloads/typescript-graphql-poc/node_modules/ts-node/src/index.ts:1618:23)
    at Module._extensions..js (node:internal/modules/cjs/loader:1159:10)
2024-07-25 18:06:11 error: uncaughtException: listen EADDRINUSE: address already in use :::3001
Error: listen EADDRINUSE: address already in use :::3001
    at Server.setupListenHandle [as _listen2] (node:net:1372:16)
    at listenInCluster (node:net:1420:12)
    at Server.listen (node:net:1508:7)
    at Function.listen (/Users/suvidhapatekar/Downloads/typescript-graphql-poc/node_modules/express/lib/application.js:635:24)
    at App.listen (/Users/suvidhapatekar/Downloads/typescript-graphql-poc/src/app.ts:14:14)
    at new Server (/Users/suvidhapatekar/Downloads/typescript-graphql-poc/src/server.ts:11:14)
    at Object.<anonymous> (/Users/suvidhapatekar/Downloads/typescript-graphql-poc/src/server.ts:15:16)
    at Module._compile (node:internal/modules/cjs/loader:1105:14)
    at Module.m._compile (/Users/suvidhapatekar/Downloads/typescript-graphql-poc/node_modules/ts-node/src/index.ts:1618:23)
    at Module._extensions..js (node:internal/modules/cjs/loader:1159:10)
2024-07-25 18:06:20 error: uncaughtException: listen EADDRINUSE: address already in use :::3001
Error: listen EADDRINUSE: address already in use :::3001
    at Server.setupListenHandle [as _listen2] (node:net:1372:16)
    at listenInCluster (node:net:1420:12)
    at Server.listen (node:net:1508:7)
    at Function.listen (/Users/suvidhapatekar/Downloads/typescript-graphql-poc/node_modules/express/lib/application.js:635:24)
    at App.listen (/Users/suvidhapatekar/Downloads/typescript-graphql-poc/src/app.ts:14:14)
    at new Server (/Users/suvidhapatekar/Downloads/typescript-graphql-poc/src/server.ts:11:14)
    at Object.<anonymous> (/Users/suvidhapatekar/Downloads/typescript-graphql-poc/src/server.ts:15:16)
    at Module._compile (node:internal/modules/cjs/loader:1105:14)
    at Module.m._compile (/Users/suvidhapatekar/Downloads/typescript-graphql-poc/node_modules/ts-node/src/index.ts:1618:23)
    at Module._extensions..js (node:internal/modules/cjs/loader:1159:10)
2024-07-25 18:06:22 error: uncaughtException: тип Unable to compile TypeScript:
[96msrc/controllers/localJsonController.ts[0m:[93m14[0m:[93m28[0m - [91merror[0m[90m TS1005: [0m',' expected.

[7m14[0m           console.log(data is ${data}')
[7m  [0m [91m                           ~~[0m
[96msrc/controllers/localJsonController.ts[0m:[93m14[0m:[93m31[0m - [91merror[0m[90m TS1005: [0m',' expected.

[7m14[0m           console.log(data is ${data}')
[7m  [0m [91m                              ~[0m
[96msrc/controllers/localJsonController.ts[0m:[93m14[0m:[93m32[0m - [91merror[0m[90m TS1005: [0m',' expected.

[7m14[0m           console.log(data is ${data}')
[7m  [0m [91m                               ~[0m
[96msrc/controllers/localJsonController.ts[0m:[93m14[0m:[93m40[0m - [91merror[0m[90m TS1002: [0mUnterminated string literal.

[7m14[0m           console.log(data is ${data}')
[7m  [0m [91m                                       [0m
[96msrc/controllers/localJsonController.ts[0m:[93m14[0m:[93m38[0m - [91merror[0m[90m TS1005: [0m',' expected.

[7m14[0m           console.log(data is ${data}')
[7m  [0m [91m                                     ~~[0m
[96msrc/controllers/localJsonController.ts[0m:[93m15[0m:[93m11[0m - [91merror[0m[90m TS1005: [0m',' expected.

[7m15[0m           return res.status(200).json({
[7m  [0m [91m          ~~~~~~[0m

TSError: тип Unable to compile TypeScript:
[96msrc/controllers/localJsonController.ts[0m:[93m14[0m:[93m28[0m - [91merror[0m[90m TS1005: [0m',' expected.

[7m14[0m           console.log(data is ${data}')
[7m  [0m [91m                           ~~[0m
[96msrc/controllers/localJsonController.ts[0m:[93m14[0m:[93m31[0m - [91merror[0m[90m TS1005: [0m',' expected.

[7m14[0m           console.log(data is ${data}')
[7m  [0m [91m                              ~[0m
[96msrc/controllers/localJsonController.ts[0m:[93m14[0m:[93m32[0m - [91merror[0m[90m TS1005: [0m',' expected.

[7m14[0m           console.log(data is ${data}')
[7m  [0m [91m                               ~[0m
[96msrc/controllers/localJsonController.ts[0m:[93m14[0m:[93m40[0m - [91merror[0m[90m TS1002: [0mUnterminated string literal.

[7m14[0m           console.log(data is ${data}')
[7m  [0m [91m                                       [0m
[96msrc/controllers/localJsonController.ts[0m:[93m14[0m:[93m38[0m - [91merror[0m[90m TS1005: [0m',' expected.

[7m14[0m           console.log(data is ${data}')
[7m  [0m [91m                                     ~~[0m
[96msrc/controllers/localJsonController.ts[0m:[93m15[0m:[93m11[0m - [91merror[0m[90m TS1005: [0m',' expected.

[7m15[0m           return res.status(200).json({
[7m  [0m [91m          ~~~~~~[0m

    at createTSError (/Users/suvidhapatekar/Downloads/typescript-graphql-poc/node_modules/ts-node/src/index.ts:859:12)
    at reportTSError (/Users/suvidhapatekar/Downloads/typescript-graphql-poc/node_modules/ts-node/src/index.ts:863:19)
    at /Users/suvidhapatekar/Downloads/typescript-graphql-poc/node_modules/ts-node/src/index.ts:1379:34
    at Object.compile (/Users/suvidhapatekar/Downloads/typescript-graphql-poc/node_modules/ts-node/src/index.ts:1458:13)
    at Module.m._compile (/Users/suvidhapatekar/Downloads/typescript-graphql-poc/node_modules/ts-node/src/index.ts:1617:30)
    at Module._extensions..js (node:internal/modules/cjs/loader:1159:10)
    at Object.require.extensions.<computed> [as .ts] (/Users/suvidhapatekar/Downloads/typescript-graphql-poc/node_modules/ts-node/src/index.ts:1621:12)
    at Module.load (node:internal/modules/cjs/loader:981:32)
    at Function.Module._load (node:internal/modules/cjs/loader:822:12)
    at Module.require (node:internal/modules/cjs/loader:1005:19)
2024-07-25 18:06:22 error: uncaughtException: тип Unable to compile TypeScript:
[96msrc/controllers/localJsonController.ts[0m:[93m14[0m:[93m28[0m - [91merror[0m[90m TS1005: [0m',' expected.

[7m14[0m           console.log(data is ${data}')
[7m  [0m [91m                           ~~[0m
[96msrc/controllers/localJsonController.ts[0m:[93m14[0m:[93m31[0m - [91merror[0m[90m TS1005: [0m',' expected.

[7m14[0m           console.log(data is ${data}')
[7m  [0m [91m                              ~[0m
[96msrc/controllers/localJsonController.ts[0m:[93m14[0m:[93m32[0m - [91merror[0m[90m TS1005: [0m',' expected.

[7m14[0m           console.log(data is ${data}')
[7m  [0m [91m                               ~[0m
[96msrc/controllers/localJsonController.ts[0m:[93m14[0m:[93m40[0m - [91merror[0m[90m TS1002: [0mUnterminated string literal.

[7m14[0m           console.log(data is ${data}')
[7m  [0m [91m                                       [0m
[96msrc/controllers/localJsonController.ts[0m:[93m14[0m:[93m38[0m - [91merror[0m[90m TS1005: [0m',' expected.

[7m14[0m           console.log(data is ${data}')
[7m  [0m [91m                                     ~~[0m
[96msrc/controllers/localJsonController.ts[0m:[93m15[0m:[93m11[0m - [91merror[0m[90m TS1005: [0m',' expected.

[7m15[0m           return res.status(200).json({
[7m  [0m [91m          ~~~~~~[0m

TSError: тип Unable to compile TypeScript:
[96msrc/controllers/localJsonController.ts[0m:[93m14[0m:[93m28[0m - [91merror[0m[90m TS1005: [0m',' expected.

[7m14[0m           console.log(data is ${data}')
[7m  [0m [91m                           ~~[0m
[96msrc/controllers/localJsonController.ts[0m:[93m14[0m:[93m31[0m - [91merror[0m[90m TS1005: [0m',' expected.

[7m14[0m           console.log(data is ${data}')
[7m  [0m [91m                              ~[0m
[96msrc/controllers/localJsonController.ts[0m:[93m14[0m:[93m32[0m - [91merror[0m[90m TS1005: [0m',' expected.

[7m14[0m           console.log(data is ${data}')
[7m  [0m [91m                               ~[0m
[96msrc/controllers/localJsonController.ts[0m:[93m14[0m:[93m40[0m - [91merror[0m[90m TS1002: [0mUnterminated string literal.

[7m14[0m           console.log(data is ${data}')
[7m  [0m [91m                                       [0m
[96msrc/controllers/localJsonController.ts[0m:[93m14[0m:[93m38[0m - [91merror[0m[90m TS1005: [0m',' expected.

[7m14[0m           console.log(data is ${data}')
[7m  [0m [91m                                     ~~[0m
[96msrc/controllers/localJsonController.ts[0m:[93m15[0m:[93m11[0m - [91merror[0m[90m TS1005: [0m',' expected.

[7m15[0m           return res.status(200).json({
[7m  [0m [91m          ~~~~~~[0m

    at createTSError (/Users/suvidhapatekar/Downloads/typescript-graphql-poc/node_modules/ts-node/src/index.ts:859:12)
    at reportTSError (/Users/suvidhapatekar/Downloads/typescript-graphql-poc/node_modules/ts-node/src/index.ts:863:19)
    at /Users/suvidhapatekar/Downloads/typescript-graphql-poc/node_modules/ts-node/src/index.ts:1379:34
    at Object.compile (/Users/suvidhapatekar/Downloads/typescript-graphql-poc/node_modules/ts-node/src/index.ts:1458:13)
    at Module.m._compile (/Users/suvidhapatekar/Downloads/typescript-graphql-poc/node_modules/ts-node/src/index.ts:1617:30)
    at Module._extensions..js (node:internal/modules/cjs/loader:1159:10)
    at Object.require.extensions.<computed> [as .ts] (/Users/suvidhapatekar/Downloads/typescript-graphql-poc/node_modules/ts-node/src/index.ts:1621:12)
    at Module.load (node:internal/modules/cjs/loader:981:32)
    at Function.Module._load (node:internal/modules/cjs/loader:822:12)
    at Module.require (node:internal/modules/cjs/loader:1005:19)
2024-07-25 18:06:26 error: uncaughtException: тип Unable to compile TypeScript:
[96msrc/controllers/localJsonController.ts[0m:[93m14[0m:[93m28[0m - [91merror[0m[90m TS1005: [0m',' expected.

[7m14[0m           console.log(data is ${data}')
[7m  [0m [91m                           ~~[0m
[96msrc/controllers/localJsonController.ts[0m:[93m14[0m:[93m31[0m - [91merror[0m[90m TS1005: [0m',' expected.

[7m14[0m           console.log(data is ${data}')
[7m  [0m [91m                              ~[0m
[96msrc/controllers/localJsonController.ts[0m:[93m14[0m:[93m32[0m - [91merror[0m[90m TS1005: [0m',' expected.

[7m14[0m           console.log(data is ${data}')
[7m  [0m [91m                               ~[0m
[96msrc/controllers/localJsonController.ts[0m:[93m14[0m:[93m40[0m - [91merror[0m[90m TS1002: [0mUnterminated string literal.

[7m14[0m           console.log(data is ${data}')
[7m  [0m [91m                                       [0m
[96msrc/controllers/localJsonController.ts[0m:[93m14[0m:[93m38[0m - [91merror[0m[90m TS1005: [0m',' expected.

[7m14[0m           console.log(data is ${data}')
[7m  [0m [91m                                     ~~[0m
[96msrc/controllers/localJsonController.ts[0m:[93m15[0m:[93m11[0m - [91merror[0m[90m TS1005: [0m',' expected.

[7m15[0m           return res.status(200).json({
[7m  [0m [91m          ~~~~~~[0m

TSError: тип Unable to compile TypeScript:
[96msrc/controllers/localJsonController.ts[0m:[93m14[0m:[93m28[0m - [91merror[0m[90m TS1005: [0m',' expected.

[7m14[0m           console.log(data is ${data}')
[7m  [0m [91m                           ~~[0m
[96msrc/controllers/localJsonController.ts[0m:[93m14[0m:[93m31[0m - [91merror[0m[90m TS1005: [0m',' expected.

[7m14[0m           console.log(data is ${data}')
[7m  [0m [91m                              ~[0m
[96msrc/controllers/localJsonController.ts[0m:[93m14[0m:[93m32[0m - [91merror[0m[90m TS1005: [0m',' expected.

[7m14[0m           console.log(data is ${data}')
[7m  [0m [91m                               ~[0m
[96msrc/controllers/localJsonController.ts[0m:[93m14[0m:[93m40[0m - [91merror[0m[90m TS1002: [0mUnterminated string literal.

[7m14[0m           console.log(data is ${data}')
[7m  [0m [91m                                       [0m
[96msrc/controllers/localJsonController.ts[0m:[93m14[0m:[93m38[0m - [91merror[0m[90m TS1005: [0m',' expected.

[7m14[0m           console.log(data is ${data}')
[7m  [0m [91m                                     ~~[0m
[96msrc/controllers/localJsonController.ts[0m:[93m15[0m:[93m11[0m - [91merror[0m[90m TS1005: [0m',' expected.

[7m15[0m           return res.status(200).json({
[7m  [0m [91m          ~~~~~~[0m

    at createTSError (/Users/suvidhapatekar/Downloads/typescript-graphql-poc/node_modules/ts-node/src/index.ts:859:12)
    at reportTSError (/Users/suvidhapatekar/Downloads/typescript-graphql-poc/node_modules/ts-node/src/index.ts:863:19)
    at /Users/suvidhapatekar/Downloads/typescript-graphql-poc/node_modules/ts-node/src/index.ts:1379:34
    at Object.compile (/Users/suvidhapatekar/Downloads/typescript-graphql-poc/node_modules/ts-node/src/index.ts:1458:13)
    at Module.m._compile (/Users/suvidhapatekar/Downloads/typescript-graphql-poc/node_modules/ts-node/src/index.ts:1617:30)
    at Module._extensions..js (node:internal/modules/cjs/loader:1159:10)
    at Object.require.extensions.<computed> [as .ts] (/Users/suvidhapatekar/Downloads/typescript-graphql-poc/node_modules/ts-node/src/index.ts:1621:12)
    at Module.load (node:internal/modules/cjs/loader:981:32)
    at Function.Module._load (node:internal/modules/cjs/loader:822:12)
    at Module.require (node:internal/modules/cjs/loader:1005:19)
2024-07-25 18:06:26 error: uncaughtException: тип Unable to compile TypeScript:
[96msrc/controllers/localJsonController.ts[0m:[93m14[0m:[93m28[0m - [91merror[0m[90m TS1005: [0m',' expected.

[7m14[0m           console.log(data is ${data}')
[7m  [0m [91m                           ~~[0m
[96msrc/controllers/localJsonController.ts[0m:[93m14[0m:[93m31[0m - [91merror[0m[90m TS1005: [0m',' expected.

[7m14[0m           console.log(data is ${data}')
[7m  [0m [91m                              ~[0m
[96msrc/controllers/localJsonController.ts[0m:[93m14[0m:[93m32[0m - [91merror[0m[90m TS1005: [0m',' expected.

[7m14[0m           console.log(data is ${data}')
[7m  [0m [91m                               ~[0m
[96msrc/controllers/localJsonController.ts[0m:[93m14[0m:[93m40[0m - [91merror[0m[90m TS1002: [0mUnterminated string literal.

[7m14[0m           console.log(data is ${data}')
[7m  [0m [91m                                       [0m
[96msrc/controllers/localJsonController.ts[0m:[93m14[0m:[93m38[0m - [91merror[0m[90m TS1005: [0m',' expected.

[7m14[0m           console.log(data is ${data}')
[7m  [0m [91m                                     ~~[0m
[96msrc/controllers/localJsonController.ts[0m:[93m15[0m:[93m11[0m - [91merror[0m[90m TS1005: [0m',' expected.

[7m15[0m           return res.status(200).json({
[7m  [0m [91m          ~~~~~~[0m

TSError: тип Unable to compile TypeScript:
[96msrc/controllers/localJsonController.ts[0m:[93m14[0m:[93m28[0m - [91merror[0m[90m TS1005: [0m',' expected.

[7m14[0m           console.log(data is ${data}')
[7m  [0m [91m                           ~~[0m
[96msrc/controllers/localJsonController.ts[0m:[93m14[0m:[93m31[0m - [91merror[0m[90m TS1005: [0m',' expected.

[7m14[0m           console.log(data is ${data}')
[7m  [0m [91m                              ~[0m
[96msrc/controllers/localJsonController.ts[0m:[93m14[0m:[93m32[0m - [91merror[0m[90m TS1005: [0m',' expected.

[7m14[0m           console.log(data is ${data}')
[7m  [0m [91m                               ~[0m
[96msrc/controllers/localJsonController.ts[0m:[93m14[0m:[93m40[0m - [91merror[0m[90m TS1002: [0mUnterminated string literal.

[7m14[0m           console.log(data is ${data}')
[7m  [0m [91m                                       [0m
[96msrc/controllers/localJsonController.ts[0m:[93m14[0m:[93m38[0m - [91merror[0m[90m TS1005: [0m',' expected.

[7m14[0m           console.log(data is ${data}')
[7m  [0m [91m                                     ~~[0m
[96msrc/controllers/localJsonController.ts[0m:[93m15[0m:[93m11[0m - [91merror[0m[90m TS1005: [0m',' expected.

[7m15[0m           return res.status(200).json({
[7m  [0m [91m          ~~~~~~[0m

    at createTSError (/Users/suvidhapatekar/Downloads/typescript-graphql-poc/node_modules/ts-node/src/index.ts:859:12)
    at reportTSError (/Users/suvidhapatekar/Downloads/typescript-graphql-poc/node_modules/ts-node/src/index.ts:863:19)
    at /Users/suvidhapatekar/Downloads/typescript-graphql-poc/node_modules/ts-node/src/index.ts:1379:34
    at Object.compile (/Users/suvidhapatekar/Downloads/typescript-graphql-poc/node_modules/ts-node/src/index.ts:1458:13)
    at Module.m._compile (/Users/suvidhapatekar/Downloads/typescript-graphql-poc/node_modules/ts-node/src/index.ts:1617:30)
    at Module._extensions..js (node:internal/modules/cjs/loader:1159:10)
    at Object.require.extensions.<computed> [as .ts] (/Users/suvidhapatekar/Downloads/typescript-graphql-poc/node_modules/ts-node/src/index.ts:1621:12)
    at Module.load (node:internal/modules/cjs/loader:981:32)
    at Function.Module._load (node:internal/modules/cjs/loader:822:12)
    at Module.require (node:internal/modules/cjs/loader:1005:19)
2024-07-25 18:06:27 error: uncaughtException: listen EADDRINUSE: address already in use :::3001
Error: listen EADDRINUSE: address already in use :::3001
    at Server.setupListenHandle [as _listen2] (node:net:1372:16)
    at listenInCluster (node:net:1420:12)
    at Server.listen (node:net:1508:7)
    at Function.listen (/Users/suvidhapatekar/Downloads/typescript-graphql-poc/node_modules/express/lib/application.js:635:24)
    at App.listen (/Users/suvidhapatekar/Downloads/typescript-graphql-poc/src/app.ts:14:14)
    at new Server (/Users/suvidhapatekar/Downloads/typescript-graphql-poc/src/server.ts:11:14)
    at Object.<anonymous> (/Users/suvidhapatekar/Downloads/typescript-graphql-poc/src/server.ts:15:16)
    at Module._compile (node:internal/modules/cjs/loader:1105:14)
    at Module.m._compile (/Users/suvidhapatekar/Downloads/typescript-graphql-poc/node_modules/ts-node/src/index.ts:1618:23)
    at Module._extensions..js (node:internal/modules/cjs/loader:1159:10)
2024-07-25 18:06:29 error: uncaughtException: listen EADDRINUSE: address already in use :::3001
Error: listen EADDRINUSE: address already in use :::3001
    at Server.setupListenHandle [as _listen2] (node:net:1372:16)
    at listenInCluster (node:net:1420:12)
    at Server.listen (node:net:1508:7)
    at Function.listen (/Users/suvidhapatekar/Downloads/typescript-graphql-poc/node_modules/express/lib/application.js:635:24)
    at App.listen (/Users/suvidhapatekar/Downloads/typescript-graphql-poc/src/app.ts:14:14)
    at new Server (/Users/suvidhapatekar/Downloads/typescript-graphql-poc/src/server.ts:11:14)
    at Object.<anonymous> (/Users/suvidhapatekar/Downloads/typescript-graphql-poc/src/server.ts:15:16)
    at Module._compile (node:internal/modules/cjs/loader:1105:14)
    at Module.m._compile (/Users/suvidhapatekar/Downloads/typescript-graphql-poc/node_modules/ts-node/src/index.ts:1618:23)
    at Module._extensions..js (node:internal/modules/cjs/loader:1159:10)
2024-07-25 18:06:44 error: uncaughtException: тип Unable to compile TypeScript:
[96msrc/controllers/localJsonController.ts[0m:[93m14[0m:[93m41[0m - [91merror[0m[90m TS1002: [0mUnterminated string literal.

[7m14[0m           console.log('data is ${data}`)
[7m  [0m [91m                                        [0m
[96msrc/controllers/localJsonController.ts[0m:[93m15[0m:[93m11[0m - [91merror[0m[90m TS1005: [0m',' expected.

[7m15[0m           return res.status(200).json({
[7m  [0m [91m          ~~~~~~[0m

TSError: тип Unable to compile TypeScript:
[96msrc/controllers/localJsonController.ts[0m:[93m14[0m:[93m41[0m - [91merror[0m[90m TS1002: [0mUnterminated string literal.

[7m14[0m           console.log('data is ${data}`)
[7m  [0m [91m                                        [0m
[96msrc/controllers/localJsonController.ts[0m:[93m15[0m:[93m11[0m - [91merror[0m[90m TS1005: [0m',' expected.

[7m15[0m           return res.status(200).json({
[7m  [0m [91m          ~~~~~~[0m

    at createTSError (/Users/suvidhapatekar/Downloads/typescript-graphql-poc/node_modules/ts-node/src/index.ts:859:12)
    at reportTSError (/Users/suvidhapatekar/Downloads/typescript-graphql-poc/node_modules/ts-node/src/index.ts:863:19)
    at /Users/suvidhapatekar/Downloads/typescript-graphql-poc/node_modules/ts-node/src/index.ts:1379:34
    at Object.compile (/Users/suvidhapatekar/Downloads/typescript-graphql-poc/node_modules/ts-node/src/index.ts:1458:13)
    at Module.m._compile (/Users/suvidhapatekar/Downloads/typescript-graphql-poc/node_modules/ts-node/src/index.ts:1617:30)
    at Module._extensions..js (node:internal/modules/cjs/loader:1159:10)
    at Object.require.extensions.<computed> [as .ts] (/Users/suvidhapatekar/Downloads/typescript-graphql-poc/node_modules/ts-node/src/index.ts:1621:12)
    at Module.load (node:internal/modules/cjs/loader:981:32)
    at Function.Module._load (node:internal/modules/cjs/loader:822:12)
    at Module.require (node:internal/modules/cjs/loader:1005:19)
2024-07-25 18:06:44 error: uncaughtException: тип Unable to compile TypeScript:
[96msrc/controllers/localJsonController.ts[0m:[93m14[0m:[93m41[0m - [91merror[0m[90m TS1002: [0mUnterminated string literal.

[7m14[0m           console.log('data is ${data}`)
[7m  [0m [91m                                        [0m
[96msrc/controllers/localJsonController.ts[0m:[93m15[0m:[93m11[0m - [91merror[0m[90m TS1005: [0m',' expected.

[7m15[0m           return res.status(200).json({
[7m  [0m [91m          ~~~~~~[0m

TSError: тип Unable to compile TypeScript:
[96msrc/controllers/localJsonController.ts[0m:[93m14[0m:[93m41[0m - [91merror[0m[90m TS1002: [0mUnterminated string literal.

[7m14[0m           console.log('data is ${data}`)
[7m  [0m [91m                                        [0m
[96msrc/controllers/localJsonController.ts[0m:[93m15[0m:[93m11[0m - [91merror[0m[90m TS1005: [0m',' expected.

[7m15[0m           return res.status(200).json({
[7m  [0m [91m          ~~~~~~[0m

    at createTSError (/Users/suvidhapatekar/Downloads/typescript-graphql-poc/node_modules/ts-node/src/index.ts:859:12)
    at reportTSError (/Users/suvidhapatekar/Downloads/typescript-graphql-poc/node_modules/ts-node/src/index.ts:863:19)
    at /Users/suvidhapatekar/Downloads/typescript-graphql-poc/node_modules/ts-node/src/index.ts:1379:34
    at Object.compile (/Users/suvidhapatekar/Downloads/typescript-graphql-poc/node_modules/ts-node/src/index.ts:1458:13)
    at Module.m._compile (/Users/suvidhapatekar/Downloads/typescript-graphql-poc/node_modules/ts-node/src/index.ts:1617:30)
    at Module._extensions..js (node:internal/modules/cjs/loader:1159:10)
    at Object.require.extensions.<computed> [as .ts] (/Users/suvidhapatekar/Downloads/typescript-graphql-poc/node_modules/ts-node/src/index.ts:1621:12)
    at Module.load (node:internal/modules/cjs/loader:981:32)
    at Function.Module._load (node:internal/modules/cjs/loader:822:12)
    at Module.require (node:internal/modules/cjs/loader:1005:19)
2024-07-25 18:06:46 error: uncaughtException: listen EADDRINUSE: address already in use :::3001
Error: listen EADDRINUSE: address already in use :::3001
    at Server.setupListenHandle [as _listen2] (node:net:1372:16)
    at listenInCluster (node:net:1420:12)
    at Server.listen (node:net:1508:7)
    at Function.listen (/Users/suvidhapatekar/Downloads/typescript-graphql-poc/node_modules/express/lib/application.js:635:24)
    at App.listen (/Users/suvidhapatekar/Downloads/typescript-graphql-poc/src/app.ts:14:14)
    at new Server (/Users/suvidhapatekar/Downloads/typescript-graphql-poc/src/server.ts:11:14)
    at Object.<anonymous> (/Users/suvidhapatekar/Downloads/typescript-graphql-poc/src/server.ts:15:16)
    at Module._compile (node:internal/modules/cjs/loader:1105:14)
    at Module.m._compile (/Users/suvidhapatekar/Downloads/typescript-graphql-poc/node_modules/ts-node/src/index.ts:1618:23)
    at Module._extensions..js (node:internal/modules/cjs/loader:1159:10)
2024-07-25 18:06:48 error: uncaughtException: listen EADDRINUSE: address already in use :::3001
Error: listen EADDRINUSE: address already in use :::3001
    at Server.setupListenHandle [as _listen2] (node:net:1372:16)
    at listenInCluster (node:net:1420:12)
    at Server.listen (node:net:1508:7)
    at Function.listen (/Users/suvidhapatekar/Downloads/typescript-graphql-poc/node_modules/express/lib/application.js:635:24)
    at App.listen (/Users/suvidhapatekar/Downloads/typescript-graphql-poc/src/app.ts:14:14)
    at new Server (/Users/suvidhapatekar/Downloads/typescript-graphql-poc/src/server.ts:11:14)
    at Object.<anonymous> (/Users/suvidhapatekar/Downloads/typescript-graphql-poc/src/server.ts:15:16)
    at Module._compile (node:internal/modules/cjs/loader:1105:14)
    at Module.m._compile (/Users/suvidhapatekar/Downloads/typescript-graphql-poc/node_modules/ts-node/src/index.ts:1618:23)
    at Module._extensions..js (node:internal/modules/cjs/loader:1159:10)
2024-07-25 18:07:52 error: uncaughtException: тип Unable to compile TypeScript:
[96msrc/controllers/localJsonController.ts[0m:[93m13[0m:[93m80[0m - [91merror[0m[90m TS1005: [0m',' expected.

[7m13[0m           let data = this.productService.getPageDetailsById("EeF9iVr5jC").then {
[7m  [0m [91m                                                                               ~[0m

TSError: тип Unable to compile TypeScript:
[96msrc/controllers/localJsonController.ts[0m:[93m13[0m:[93m80[0m - [91merror[0m[90m TS1005: [0m',' expected.

[7m13[0m           let data = this.productService.getPageDetailsById("EeF9iVr5jC").then {
[7m  [0m [91m                                                                               ~[0m

    at createTSError (/Users/suvidhapatekar/Downloads/typescript-graphql-poc/node_modules/ts-node/src/index.ts:859:12)
    at reportTSError (/Users/suvidhapatekar/Downloads/typescript-graphql-poc/node_modules/ts-node/src/index.ts:863:19)
    at /Users/suvidhapatekar/Downloads/typescript-graphql-poc/node_modules/ts-node/src/index.ts:1379:34
    at Object.compile (/Users/suvidhapatekar/Downloads/typescript-graphql-poc/node_modules/ts-node/src/index.ts:1458:13)
    at Module.m._compile (/Users/suvidhapatekar/Downloads/typescript-graphql-poc/node_modules/ts-node/src/index.ts:1617:30)
    at Module._extensions..js (node:internal/modules/cjs/loader:1159:10)
    at Object.require.extensions.<computed> [as .ts] (/Users/suvidhapatekar/Downloads/typescript-graphql-poc/node_modules/ts-node/src/index.ts:1621:12)
    at Module.load (node:internal/modules/cjs/loader:981:32)
    at Function.Module._load (node:internal/modules/cjs/loader:822:12)
    at Module.require (node:internal/modules/cjs/loader:1005:19)
2024-07-25 18:07:52 error: uncaughtException: тип Unable to compile TypeScript:
[96msrc/controllers/localJsonController.ts[0m:[93m13[0m:[93m80[0m - [91merror[0m[90m TS1005: [0m',' expected.

[7m13[0m           let data = this.productService.getPageDetailsById("EeF9iVr5jC").then {
[7m  [0m [91m                                                                               ~[0m

TSError: тип Unable to compile TypeScript:
[96msrc/controllers/localJsonController.ts[0m:[93m13[0m:[93m80[0m - [91merror[0m[90m TS1005: [0m',' expected.

[7m13[0m           let data = this.productService.getPageDetailsById("EeF9iVr5jC").then {
[7m  [0m [91m                                                                               ~[0m

    at createTSError (/Users/suvidhapatekar/Downloads/typescript-graphql-poc/node_modules/ts-node/src/index.ts:859:12)
    at reportTSError (/Users/suvidhapatekar/Downloads/typescript-graphql-poc/node_modules/ts-node/src/index.ts:863:19)
    at /Users/suvidhapatekar/Downloads/typescript-graphql-poc/node_modules/ts-node/src/index.ts:1379:34
    at Object.compile (/Users/suvidhapatekar/Downloads/typescript-graphql-poc/node_modules/ts-node/src/index.ts:1458:13)
    at Module.m._compile (/Users/suvidhapatekar/Downloads/typescript-graphql-poc/node_modules/ts-node/src/index.ts:1617:30)
    at Module._extensions..js (node:internal/modules/cjs/loader:1159:10)
    at Object.require.extensions.<computed> [as .ts] (/Users/suvidhapatekar/Downloads/typescript-graphql-poc/node_modules/ts-node/src/index.ts:1621:12)
    at Module.load (node:internal/modules/cjs/loader:981:32)
    at Function.Module._load (node:internal/modules/cjs/loader:822:12)
    at Module.require (node:internal/modules/cjs/loader:1005:19)
2024-07-25 18:07:55 error: uncaughtException: listen EADDRINUSE: address already in use :::3001
Error: listen EADDRINUSE: address already in use :::3001
    at Server.setupListenHandle [as _listen2] (node:net:1372:16)
    at listenInCluster (node:net:1420:12)
    at Server.listen (node:net:1508:7)
    at Function.listen (/Users/suvidhapatekar/Downloads/typescript-graphql-poc/node_modules/express/lib/application.js:635:24)
    at App.listen (/Users/suvidhapatekar/Downloads/typescript-graphql-poc/src/app.ts:14:14)
    at new Server (/Users/suvidhapatekar/Downloads/typescript-graphql-poc/src/server.ts:11:14)
    at Object.<anonymous> (/Users/suvidhapatekar/Downloads/typescript-graphql-poc/src/server.ts:15:16)
    at Module._compile (node:internal/modules/cjs/loader:1105:14)
    at Module.m._compile (/Users/suvidhapatekar/Downloads/typescript-graphql-poc/node_modules/ts-node/src/index.ts:1618:23)
    at Module._extensions..js (node:internal/modules/cjs/loader:1159:10)
2024-07-25 18:07:57 error: uncaughtException: listen EADDRINUSE: address already in use :::3001
Error: listen EADDRINUSE: address already in use :::3001
    at Server.setupListenHandle [as _listen2] (node:net:1372:16)
    at listenInCluster (node:net:1420:12)
    at Server.listen (node:net:1508:7)
    at Function.listen (/Users/suvidhapatekar/Downloads/typescript-graphql-poc/node_modules/express/lib/application.js:635:24)
    at App.listen (/Users/suvidhapatekar/Downloads/typescript-graphql-poc/src/app.ts:14:14)
    at new Server (/Users/suvidhapatekar/Downloads/typescript-graphql-poc/src/server.ts:11:14)
    at Object.<anonymous> (/Users/suvidhapatekar/Downloads/typescript-graphql-poc/src/server.ts:15:16)
    at Module._compile (node:internal/modules/cjs/loader:1105:14)
    at Module.m._compile (/Users/suvidhapatekar/Downloads/typescript-graphql-poc/node_modules/ts-node/src/index.ts:1618:23)
    at Module._extensions..js (node:internal/modules/cjs/loader:1159:10)
2024-07-25 18:08:00 error: uncaughtException: listen EADDRINUSE: address already in use :::3001
Error: listen EADDRINUSE: address already in use :::3001
    at Server.setupListenHandle [as _listen2] (node:net:1372:16)
    at listenInCluster (node:net:1420:12)
    at Server.listen (node:net:1508:7)
    at Function.listen (/Users/suvidhapatekar/Downloads/typescript-graphql-poc/node_modules/express/lib/application.js:635:24)
    at App.listen (/Users/suvidhapatekar/Downloads/typescript-graphql-poc/src/app.ts:14:14)
    at new Server (/Users/suvidhapatekar/Downloads/typescript-graphql-poc/src/server.ts:11:14)
    at Object.<anonymous> (/Users/suvidhapatekar/Downloads/typescript-graphql-poc/src/server.ts:15:16)
    at Module._compile (node:internal/modules/cjs/loader:1105:14)
    at Module.m._compile (/Users/suvidhapatekar/Downloads/typescript-graphql-poc/node_modules/ts-node/src/index.ts:1618:23)
    at Module._extensions..js (node:internal/modules/cjs/loader:1159:10)
2024-07-25 18:08:07 error: uncaughtException: тип Unable to compile TypeScript:
[96msrc/controllers/localJsonController.ts[0m:[93m15[0m:[93m11[0m - [91merror[0m[90m TS1135: [0mArgument expression expected.

[7m15[0m           })
[7m  [0m [91m          ~[0m
[96msrc/controllers/localJsonController.ts[0m:[93m15[0m:[93m12[0m - [91merror[0m[90m TS1472: [0m'catch' or 'finally' expected.

[7m15[0m           })
[7m  [0m [91m           ~[0m
[96msrc/controllers/localJsonController.ts[0m:[93m20[0m:[93m11[0m - [91merror[0m[90m TS1005: [0m';' expected.

[7m20[0m         } catch (error) {
[7m  [0m [91m          ~~~~~[0m
[96msrc/controllers/localJsonController.ts[0m:[93m24[0m:[93m1[0m - [91merror[0m[90m TS1128: [0mDeclaration or statement expected.

[7m24[0m }
[7m  [0m [91m~[0m

TSError: тип Unable to compile TypeScript:
[96msrc/controllers/localJsonController.ts[0m:[93m15[0m:[93m11[0m - [91merror[0m[90m TS1135: [0mArgument expression expected.

[7m15[0m           })
[7m  [0m [91m          ~[0m
[96msrc/controllers/localJsonController.ts[0m:[93m15[0m:[93m12[0m - [91merror[0m[90m TS1472: [0m'catch' or 'finally' expected.

[7m15[0m           })
[7m  [0m [91m           ~[0m
[96msrc/controllers/localJsonController.ts[0m:[93m20[0m:[93m11[0m - [91merror[0m[90m TS1005: [0m';' expected.

[7m20[0m         } catch (error) {
[7m  [0m [91m          ~~~~~[0m
[96msrc/controllers/localJsonController.ts[0m:[93m24[0m:[93m1[0m - [91merror[0m[90m TS1128: [0mDeclaration or statement expected.

[7m24[0m }
[7m  [0m [91m~[0m

    at createTSError (/Users/suvidhapatekar/Downloads/typescript-graphql-poc/node_modules/ts-node/src/index.ts:859:12)
    at reportTSError (/Users/suvidhapatekar/Downloads/typescript-graphql-poc/node_modules/ts-node/src/index.ts:863:19)
    at /Users/suvidhapatekar/Downloads/typescript-graphql-poc/node_modules/ts-node/src/index.ts:1379:34
    at Object.compile (/Users/suvidhapatekar/Downloads/typescript-graphql-poc/node_modules/ts-node/src/index.ts:1458:13)
    at Module.m._compile (/Users/suvidhapatekar/Downloads/typescript-graphql-poc/node_modules/ts-node/src/index.ts:1617:30)
    at Module._extensions..js (node:internal/modules/cjs/loader:1159:10)
    at Object.require.extensions.<computed> [as .ts] (/Users/suvidhapatekar/Downloads/typescript-graphql-poc/node_modules/ts-node/src/index.ts:1621:12)
    at Module.load (node:internal/modules/cjs/loader:981:32)
    at Function.Module._load (node:internal/modules/cjs/loader:822:12)
    at Module.require (node:internal/modules/cjs/loader:1005:19)
2024-07-25 18:08:07 error: uncaughtException: тип Unable to compile TypeScript:
[96msrc/controllers/localJsonController.ts[0m:[93m15[0m:[93m11[0m - [91merror[0m[90m TS1135: [0mArgument expression expected.

[7m15[0m           })
[7m  [0m [91m          ~[0m
[96msrc/controllers/localJsonController.ts[0m:[93m15[0m:[93m12[0m - [91merror[0m[90m TS1472: [0m'catch' or 'finally' expected.

[7m15[0m           })
[7m  [0m [91m           ~[0m
[96msrc/controllers/localJsonController.ts[0m:[93m20[0m:[93m11[0m - [91merror[0m[90m TS1005: [0m';' expected.

[7m20[0m         } catch (error) {
[7m  [0m [91m          ~~~~~[0m
[96msrc/controllers/localJsonController.ts[0m:[93m24[0m:[93m1[0m - [91merror[0m[90m TS1128: [0mDeclaration or statement expected.

[7m24[0m }
[7m  [0m [91m~[0m

TSError: тип Unable to compile TypeScript:
[96msrc/controllers/localJsonController.ts[0m:[93m15[0m:[93m11[0m - [91merror[0m[90m TS1135: [0mArgument expression expected.

[7m15[0m           })
[7m  [0m [91m          ~[0m
[96msrc/controllers/localJsonController.ts[0m:[93m15[0m:[93m12[0m - [91merror[0m[90m TS1472: [0m'catch' or 'finally' expected.

[7m15[0m           })
[7m  [0m [91m           ~[0m
[96msrc/controllers/localJsonController.ts[0m:[93m20[0m:[93m11[0m - [91merror[0m[90m TS1005: [0m';' expected.

[7m20[0m         } catch (error) {
[7m  [0m [91m          ~~~~~[0m
[96msrc/controllers/localJsonController.ts[0m:[93m24[0m:[93m1[0m - [91merror[0m[90m TS1128: [0mDeclaration or statement expected.

[7m24[0m }
[7m  [0m [91m~[0m

    at createTSError (/Users/suvidhapatekar/Downloads/typescript-graphql-poc/node_modules/ts-node/src/index.ts:859:12)
    at reportTSError (/Users/suvidhapatekar/Downloads/typescript-graphql-poc/node_modules/ts-node/src/index.ts:863:19)
    at /Users/suvidhapatekar/Downloads/typescript-graphql-poc/node_modules/ts-node/src/index.ts:1379:34
    at Object.compile (/Users/suvidhapatekar/Downloads/typescript-graphql-poc/node_modules/ts-node/src/index.ts:1458:13)
    at Module.m._compile (/Users/suvidhapatekar/Downloads/typescript-graphql-poc/node_modules/ts-node/src/index.ts:1617:30)
    at Module._extensions..js (node:internal/modules/cjs/loader:1159:10)
    at Object.require.extensions.<computed> [as .ts] (/Users/suvidhapatekar/Downloads/typescript-graphql-poc/node_modules/ts-node/src/index.ts:1621:12)
    at Module.load (node:internal/modules/cjs/loader:981:32)
    at Function.Module._load (node:internal/modules/cjs/loader:822:12)
    at Module.require (node:internal/modules/cjs/loader:1005:19)
2024-07-25 18:08:09 error: uncaughtException: listen EADDRINUSE: address already in use :::3001
Error: listen EADDRINUSE: address already in use :::3001
    at Server.setupListenHandle [as _listen2] (node:net:1372:16)
    at listenInCluster (node:net:1420:12)
    at Server.listen (node:net:1508:7)
    at Function.listen (/Users/suvidhapatekar/Downloads/typescript-graphql-poc/node_modules/express/lib/application.js:635:24)
    at App.listen (/Users/suvidhapatekar/Downloads/typescript-graphql-poc/src/app.ts:14:14)
    at new Server (/Users/suvidhapatekar/Downloads/typescript-graphql-poc/src/server.ts:11:14)
    at Object.<anonymous> (/Users/suvidhapatekar/Downloads/typescript-graphql-poc/src/server.ts:15:16)
    at Module._compile (node:internal/modules/cjs/loader:1105:14)
    at Module.m._compile (/Users/suvidhapatekar/Downloads/typescript-graphql-poc/node_modules/ts-node/src/index.ts:1618:23)
    at Module._extensions..js (node:internal/modules/cjs/loader:1159:10)
2024-07-25 18:08:11 error: uncaughtException: listen EADDRINUSE: address already in use :::3001
Error: listen EADDRINUSE: address already in use :::3001
    at Server.setupListenHandle [as _listen2] (node:net:1372:16)
    at listenInCluster (node:net:1420:12)
    at Server.listen (node:net:1508:7)
    at Function.listen (/Users/suvidhapatekar/Downloads/typescript-graphql-poc/node_modules/express/lib/application.js:635:24)
    at App.listen (/Users/suvidhapatekar/Downloads/typescript-graphql-poc/src/app.ts:14:14)
    at new Server (/Users/suvidhapatekar/Downloads/typescript-graphql-poc/src/server.ts:11:14)
    at Object.<anonymous> (/Users/suvidhapatekar/Downloads/typescript-graphql-poc/src/server.ts:15:16)
    at Module._compile (node:internal/modules/cjs/loader:1105:14)
    at Module.m._compile (/Users/suvidhapatekar/Downloads/typescript-graphql-poc/node_modules/ts-node/src/index.ts:1618:23)
    at Module._extensions..js (node:internal/modules/cjs/loader:1159:10)
2024-07-25 18:08:13 error: uncaughtException: тип Unable to compile TypeScript:
[96msrc/controllers/localJsonController.ts[0m:[93m15[0m:[93m11[0m - [91merror[0m[90m TS1109: [0mExpression expected.

[7m15[0m           )
[7m  [0m [91m          ~[0m

TSError: тип Unable to compile TypeScript:
[96msrc/controllers/localJsonController.ts[0m:[93m15[0m:[93m11[0m - [91merror[0m[90m TS1109: [0mExpression expected.

[7m15[0m           )
[7m  [0m [91m          ~[0m

    at createTSError (/Users/suvidhapatekar/Downloads/typescript-graphql-poc/node_modules/ts-node/src/index.ts:859:12)
    at reportTSError (/Users/suvidhapatekar/Downloads/typescript-graphql-poc/node_modules/ts-node/src/index.ts:863:19)
    at /Users/suvidhapatekar/Downloads/typescript-graphql-poc/node_modules/ts-node/src/index.ts:1379:34
    at Object.compile (/Users/suvidhapatekar/Downloads/typescript-graphql-poc/node_modules/ts-node/src/index.ts:1458:13)
    at Module.m._compile (/Users/suvidhapatekar/Downloads/typescript-graphql-poc/node_modules/ts-node/src/index.ts:1617:30)
    at Module._extensions..js (node:internal/modules/cjs/loader:1159:10)
    at Object.require.extensions.<computed> [as .ts] (/Users/suvidhapatekar/Downloads/typescript-graphql-poc/node_modules/ts-node/src/index.ts:1621:12)
    at Module.load (node:internal/modules/cjs/loader:981:32)
    at Function.Module._load (node:internal/modules/cjs/loader:822:12)
    at Module.require (node:internal/modules/cjs/loader:1005:19)
2024-07-25 18:08:13 error: uncaughtException: тип Unable to compile TypeScript:
[96msrc/controllers/localJsonController.ts[0m:[93m15[0m:[93m11[0m - [91merror[0m[90m TS1109: [0mExpression expected.

[7m15[0m           )
[7m  [0m [91m          ~[0m

TSError: тип Unable to compile TypeScript:
[96msrc/controllers/localJsonController.ts[0m:[93m15[0m:[93m11[0m - [91merror[0m[90m TS1109: [0mExpression expected.

[7m15[0m           )
[7m  [0m [91m          ~[0m

    at createTSError (/Users/suvidhapatekar/Downloads/typescript-graphql-poc/node_modules/ts-node/src/index.ts:859:12)
    at reportTSError (/Users/suvidhapatekar/Downloads/typescript-graphql-poc/node_modules/ts-node/src/index.ts:863:19)
    at /Users/suvidhapatekar/Downloads/typescript-graphql-poc/node_modules/ts-node/src/index.ts:1379:34
    at Object.compile (/Users/suvidhapatekar/Downloads/typescript-graphql-poc/node_modules/ts-node/src/index.ts:1458:13)
    at Module.m._compile (/Users/suvidhapatekar/Downloads/typescript-graphql-poc/node_modules/ts-node/src/index.ts:1617:30)
    at Module._extensions..js (node:internal/modules/cjs/loader:1159:10)
    at Object.require.extensions.<computed> [as .ts] (/Users/suvidhapatekar/Downloads/typescript-graphql-poc/node_modules/ts-node/src/index.ts:1621:12)
    at Module.load (node:internal/modules/cjs/loader:981:32)
    at Function.Module._load (node:internal/modules/cjs/loader:822:12)
    at Module.require (node:internal/modules/cjs/loader:1005:19)
2024-07-25 18:08:19 error: uncaughtException: тип Unable to compile TypeScript:
[96msrc/controllers/localJsonController.ts[0m:[93m15[0m:[93m13[0m - [91merror[0m[90m TS1005: [0m',' expected.

[7m15[0m             return res.status(200).json({
[7m  [0m [91m            ~~~~~~[0m
[96msrc/controllers/localJsonController.ts[0m:[93m18[0m:[93m11[0m - [91merror[0m[90m TS1128: [0mDeclaration or statement expected.

[7m18[0m           )
[7m  [0m [91m          ~[0m

TSError: тип Unable to compile TypeScript:
[96msrc/controllers/localJsonController.ts[0m:[93m15[0m:[93m13[0m - [91merror[0m[90m TS1005: [0m',' expected.

[7m15[0m             return res.status(200).json({
[7m  [0m [91m            ~~~~~~[0m
[96msrc/controllers/localJsonController.ts[0m:[93m18[0m:[93m11[0m - [91merror[0m[90m TS1128: [0mDeclaration or statement expected.

[7m18[0m           )
[7m  [0m [91m          ~[0m

    at createTSError (/Users/suvidhapatekar/Downloads/typescript-graphql-poc/node_modules/ts-node/src/index.ts:859:12)
    at reportTSError (/Users/suvidhapatekar/Downloads/typescript-graphql-poc/node_modules/ts-node/src/index.ts:863:19)
    at /Users/suvidhapatekar/Downloads/typescript-graphql-poc/node_modules/ts-node/src/index.ts:1379:34
    at Object.compile (/Users/suvidhapatekar/Downloads/typescript-graphql-poc/node_modules/ts-node/src/index.ts:1458:13)
    at Module.m._compile (/Users/suvidhapatekar/Downloads/typescript-graphql-poc/node_modules/ts-node/src/index.ts:1617:30)
    at Module._extensions..js (node:internal/modules/cjs/loader:1159:10)
    at Object.require.extensions.<computed> [as .ts] (/Users/suvidhapatekar/Downloads/typescript-graphql-poc/node_modules/ts-node/src/index.ts:1621:12)
    at Module.load (node:internal/modules/cjs/loader:981:32)
    at Function.Module._load (node:internal/modules/cjs/loader:822:12)
    at Module.require (node:internal/modules/cjs/loader:1005:19)
2024-07-25 18:08:19 error: uncaughtException: тип Unable to compile TypeScript:
[96msrc/controllers/localJsonController.ts[0m:[93m15[0m:[93m13[0m - [91merror[0m[90m TS1005: [0m',' expected.

[7m15[0m             return res.status(200).json({
[7m  [0m [91m            ~~~~~~[0m
[96msrc/controllers/localJsonController.ts[0m:[93m18[0m:[93m11[0m - [91merror[0m[90m TS1128: [0mDeclaration or statement expected.

[7m18[0m           )
[7m  [0m [91m          ~[0m

TSError: тип Unable to compile TypeScript:
[96msrc/controllers/localJsonController.ts[0m:[93m15[0m:[93m13[0m - [91merror[0m[90m TS1005: [0m',' expected.

[7m15[0m             return res.status(200).json({
[7m  [0m [91m            ~~~~~~[0m
[96msrc/controllers/localJsonController.ts[0m:[93m18[0m:[93m11[0m - [91merror[0m[90m TS1128: [0mDeclaration or statement expected.

[7m18[0m           )
[7m  [0m [91m          ~[0m

    at createTSError (/Users/suvidhapatekar/Downloads/typescript-graphql-poc/node_modules/ts-node/src/index.ts:859:12)
    at reportTSError (/Users/suvidhapatekar/Downloads/typescript-graphql-poc/node_modules/ts-node/src/index.ts:863:19)
    at /Users/suvidhapatekar/Downloads/typescript-graphql-poc/node_modules/ts-node/src/index.ts:1379:34
    at Object.compile (/Users/suvidhapatekar/Downloads/typescript-graphql-poc/node_modules/ts-node/src/index.ts:1458:13)
    at Module.m._compile (/Users/suvidhapatekar/Downloads/typescript-graphql-poc/node_modules/ts-node/src/index.ts:1617:30)
    at Module._extensions..js (node:internal/modules/cjs/loader:1159:10)
    at Object.require.extensions.<computed> [as .ts] (/Users/suvidhapatekar/Downloads/typescript-graphql-poc/node_modules/ts-node/src/index.ts:1621:12)
    at Module.load (node:internal/modules/cjs/loader:981:32)
    at Function.Module._load (node:internal/modules/cjs/loader:822:12)
    at Module.require (node:internal/modules/cjs/loader:1005:19)
2024-07-25 18:08:22 error: uncaughtException: тип Unable to compile TypeScript:
[96msrc/controllers/localJsonController.ts[0m:[93m15[0m:[93m13[0m - [91merror[0m[90m TS1005: [0m',' expected.

[7m15[0m             return res.status(200).json({
[7m  [0m [91m            ~~~~~~[0m
[96msrc/controllers/localJsonController.ts[0m:[93m18[0m:[93m11[0m - [91merror[0m[90m TS1128: [0mDeclaration or statement expected.

[7m18[0m           )
[7m  [0m [91m          ~[0m

TSError: тип Unable to compile TypeScript:
[96msrc/controllers/localJsonController.ts[0m:[93m15[0m:[93m13[0m - [91merror[0m[90m TS1005: [0m',' expected.

[7m15[0m             return res.status(200).json({
[7m  [0m [91m            ~~~~~~[0m
[96msrc/controllers/localJsonController.ts[0m:[93m18[0m:[93m11[0m - [91merror[0m[90m TS1128: [0mDeclaration or statement expected.

[7m18[0m           )
[7m  [0m [91m          ~[0m

    at createTSError (/Users/suvidhapatekar/Downloads/typescript-graphql-poc/node_modules/ts-node/src/index.ts:859:12)
    at reportTSError (/Users/suvidhapatekar/Downloads/typescript-graphql-poc/node_modules/ts-node/src/index.ts:863:19)
    at /Users/suvidhapatekar/Downloads/typescript-graphql-poc/node_modules/ts-node/src/index.ts:1379:34
    at Object.compile (/Users/suvidhapatekar/Downloads/typescript-graphql-poc/node_modules/ts-node/src/index.ts:1458:13)
    at Module.m._compile (/Users/suvidhapatekar/Downloads/typescript-graphql-poc/node_modules/ts-node/src/index.ts:1617:30)
    at Module._extensions..js (node:internal/modules/cjs/loader:1159:10)
    at Object.require.extensions.<computed> [as .ts] (/Users/suvidhapatekar/Downloads/typescript-graphql-poc/node_modules/ts-node/src/index.ts:1621:12)
    at Module.load (node:internal/modules/cjs/loader:981:32)
    at Function.Module._load (node:internal/modules/cjs/loader:822:12)
    at Module.require (node:internal/modules/cjs/loader:1005:19)
2024-07-25 18:08:22 error: uncaughtException: тип Unable to compile TypeScript:
[96msrc/controllers/localJsonController.ts[0m:[93m15[0m:[93m13[0m - [91merror[0m[90m TS1005: [0m',' expected.

[7m15[0m             return res.status(200).json({
[7m  [0m [91m            ~~~~~~[0m
[96msrc/controllers/localJsonController.ts[0m:[93m18[0m:[93m11[0m - [91merror[0m[90m TS1128: [0mDeclaration or statement expected.

[7m18[0m           )
[7m  [0m [91m          ~[0m

TSError: тип Unable to compile TypeScript:
[96msrc/controllers/localJsonController.ts[0m:[93m15[0m:[93m13[0m - [91merror[0m[90m TS1005: [0m',' expected.

[7m15[0m             return res.status(200).json({
[7m  [0m [91m            ~~~~~~[0m
[96msrc/controllers/localJsonController.ts[0m:[93m18[0m:[93m11[0m - [91merror[0m[90m TS1128: [0mDeclaration or statement expected.

[7m18[0m           )
[7m  [0m [91m          ~[0m

    at createTSError (/Users/suvidhapatekar/Downloads/typescript-graphql-poc/node_modules/ts-node/src/index.ts:859:12)
    at reportTSError (/Users/suvidhapatekar/Downloads/typescript-graphql-poc/node_modules/ts-node/src/index.ts:863:19)
    at /Users/suvidhapatekar/Downloads/typescript-graphql-poc/node_modules/ts-node/src/index.ts:1379:34
    at Object.compile (/Users/suvidhapatekar/Downloads/typescript-graphql-poc/node_modules/ts-node/src/index.ts:1458:13)
    at Module.m._compile (/Users/suvidhapatekar/Downloads/typescript-graphql-poc/node_modules/ts-node/src/index.ts:1617:30)
    at Module._extensions..js (node:internal/modules/cjs/loader:1159:10)
    at Object.require.extensions.<computed> [as .ts] (/Users/suvidhapatekar/Downloads/typescript-graphql-poc/node_modules/ts-node/src/index.ts:1621:12)
    at Module.load (node:internal/modules/cjs/loader:981:32)
    at Function.Module._load (node:internal/modules/cjs/loader:822:12)
    at Module.require (node:internal/modules/cjs/loader:1005:19)
2024-07-25 18:08:25 error: uncaughtException: тип Unable to compile TypeScript:
[96msrc/controllers/localJsonController.ts[0m:[93m15[0m:[93m13[0m - [91merror[0m[90m TS1005: [0m',' expected.

[7m15[0m             return res.status(200).json({
[7m  [0m [91m            ~~~~~~[0m
[96msrc/controllers/localJsonController.ts[0m:[93m18[0m:[93m11[0m - [91merror[0m[90m TS1128: [0mDeclaration or statement expected.

[7m18[0m           )
[7m  [0m [91m          ~[0m

TSError: тип Unable to compile TypeScript:
[96msrc/controllers/localJsonController.ts[0m:[93m15[0m:[93m13[0m - [91merror[0m[90m TS1005: [0m',' expected.

[7m15[0m             return res.status(200).json({
[7m  [0m [91m            ~~~~~~[0m
[96msrc/controllers/localJsonController.ts[0m:[93m18[0m:[93m11[0m - [91merror[0m[90m TS1128: [0mDeclaration or statement expected.

[7m18[0m           )
[7m  [0m [91m          ~[0m

    at createTSError (/Users/suvidhapatekar/Downloads/typescript-graphql-poc/node_modules/ts-node/src/index.ts:859:12)
    at reportTSError (/Users/suvidhapatekar/Downloads/typescript-graphql-poc/node_modules/ts-node/src/index.ts:863:19)
    at /Users/suvidhapatekar/Downloads/typescript-graphql-poc/node_modules/ts-node/src/index.ts:1379:34
    at Object.compile (/Users/suvidhapatekar/Downloads/typescript-graphql-poc/node_modules/ts-node/src/index.ts:1458:13)
    at Module.m._compile (/Users/suvidhapatekar/Downloads/typescript-graphql-poc/node_modules/ts-node/src/index.ts:1617:30)
    at Module._extensions..js (node:internal/modules/cjs/loader:1159:10)
    at Object.require.extensions.<computed> [as .ts] (/Users/suvidhapatekar/Downloads/typescript-graphql-poc/node_modules/ts-node/src/index.ts:1621:12)
    at Module.load (node:internal/modules/cjs/loader:981:32)
    at Function.Module._load (node:internal/modules/cjs/loader:822:12)
    at Module.require (node:internal/modules/cjs/loader:1005:19)
2024-07-25 18:08:25 error: uncaughtException: тип Unable to compile TypeScript:
[96msrc/controllers/localJsonController.ts[0m:[93m15[0m:[93m13[0m - [91merror[0m[90m TS1005: [0m',' expected.

[7m15[0m             return res.status(200).json({
[7m  [0m [91m            ~~~~~~[0m
[96msrc/controllers/localJsonController.ts[0m:[93m18[0m:[93m11[0m - [91merror[0m[90m TS1128: [0mDeclaration or statement expected.

[7m18[0m           )
[7m  [0m [91m          ~[0m

TSError: тип Unable to compile TypeScript:
[96msrc/controllers/localJsonController.ts[0m:[93m15[0m:[93m13[0m - [91merror[0m[90m TS1005: [0m',' expected.

[7m15[0m             return res.status(200).json({
[7m  [0m [91m            ~~~~~~[0m
[96msrc/controllers/localJsonController.ts[0m:[93m18[0m:[93m11[0m - [91merror[0m[90m TS1128: [0mDeclaration or statement expected.

[7m18[0m           )
[7m  [0m [91m          ~[0m

    at createTSError (/Users/suvidhapatekar/Downloads/typescript-graphql-poc/node_modules/ts-node/src/index.ts:859:12)
    at reportTSError (/Users/suvidhapatekar/Downloads/typescript-graphql-poc/node_modules/ts-node/src/index.ts:863:19)
    at /Users/suvidhapatekar/Downloads/typescript-graphql-poc/node_modules/ts-node/src/index.ts:1379:34
    at Object.compile (/Users/suvidhapatekar/Downloads/typescript-graphql-poc/node_modules/ts-node/src/index.ts:1458:13)
    at Module.m._compile (/Users/suvidhapatekar/Downloads/typescript-graphql-poc/node_modules/ts-node/src/index.ts:1617:30)
    at Module._extensions..js (node:internal/modules/cjs/loader:1159:10)
    at Object.require.extensions.<computed> [as .ts] (/Users/suvidhapatekar/Downloads/typescript-graphql-poc/node_modules/ts-node/src/index.ts:1621:12)
    at Module.load (node:internal/modules/cjs/loader:981:32)
    at Function.Module._load (node:internal/modules/cjs/loader:822:12)
    at Module.require (node:internal/modules/cjs/loader:1005:19)
2024-07-25 18:08:27 error: uncaughtException: тип Unable to compile TypeScript:
[96msrc/controllers/localJsonController.ts[0m:[93m15[0m:[93m13[0m - [91merror[0m[90m TS1005: [0m',' expected.

[7m15[0m             return res.status(200).json({
[7m  [0m [91m            ~~~~~~[0m
[96msrc/controllers/localJsonController.ts[0m:[93m18[0m:[93m11[0m - [91merror[0m[90m TS1128: [0mDeclaration or statement expected.

[7m18[0m           )
[7m  [0m [91m          ~[0m

TSError: тип Unable to compile TypeScript:
[96msrc/controllers/localJsonController.ts[0m:[93m15[0m:[93m13[0m - [91merror[0m[90m TS1005: [0m',' expected.

[7m15[0m             return res.status(200).json({
[7m  [0m [91m            ~~~~~~[0m
[96msrc/controllers/localJsonController.ts[0m:[93m18[0m:[93m11[0m - [91merror[0m[90m TS1128: [0mDeclaration or statement expected.

[7m18[0m           )
[7m  [0m [91m          ~[0m

    at createTSError (/Users/suvidhapatekar/Downloads/typescript-graphql-poc/node_modules/ts-node/src/index.ts:859:12)
    at reportTSError (/Users/suvidhapatekar/Downloads/typescript-graphql-poc/node_modules/ts-node/src/index.ts:863:19)
    at /Users/suvidhapatekar/Downloads/typescript-graphql-poc/node_modules/ts-node/src/index.ts:1379:34
    at Object.compile (/Users/suvidhapatekar/Downloads/typescript-graphql-poc/node_modules/ts-node/src/index.ts:1458:13)
    at Module.m._compile (/Users/suvidhapatekar/Downloads/typescript-graphql-poc/node_modules/ts-node/src/index.ts:1617:30)
    at Module._extensions..js (node:internal/modules/cjs/loader:1159:10)
    at Object.require.extensions.<computed> [as .ts] (/Users/suvidhapatekar/Downloads/typescript-graphql-poc/node_modules/ts-node/src/index.ts:1621:12)
    at Module.load (node:internal/modules/cjs/loader:981:32)
    at Function.Module._load (node:internal/modules/cjs/loader:822:12)
    at Module.require (node:internal/modules/cjs/loader:1005:19)
2024-07-25 18:08:27 error: uncaughtException: тип Unable to compile TypeScript:
[96msrc/controllers/localJsonController.ts[0m:[93m15[0m:[93m13[0m - [91merror[0m[90m TS1005: [0m',' expected.

[7m15[0m             return res.status(200).json({
[7m  [0m [91m            ~~~~~~[0m
[96msrc/controllers/localJsonController.ts[0m:[93m18[0m:[93m11[0m - [91merror[0m[90m TS1128: [0mDeclaration or statement expected.

[7m18[0m           )
[7m  [0m [91m          ~[0m

TSError: тип Unable to compile TypeScript:
[96msrc/controllers/localJsonController.ts[0m:[93m15[0m:[93m13[0m - [91merror[0m[90m TS1005: [0m',' expected.

[7m15[0m             return res.status(200).json({
[7m  [0m [91m            ~~~~~~[0m
[96msrc/controllers/localJsonController.ts[0m:[93m18[0m:[93m11[0m - [91merror[0m[90m TS1128: [0mDeclaration or statement expected.

[7m18[0m           )
[7m  [0m [91m          ~[0m

    at createTSError (/Users/suvidhapatekar/Downloads/typescript-graphql-poc/node_modules/ts-node/src/index.ts:859:12)
    at reportTSError (/Users/suvidhapatekar/Downloads/typescript-graphql-poc/node_modules/ts-node/src/index.ts:863:19)
    at /Users/suvidhapatekar/Downloads/typescript-graphql-poc/node_modules/ts-node/src/index.ts:1379:34
    at Object.compile (/Users/suvidhapatekar/Downloads/typescript-graphql-poc/node_modules/ts-node/src/index.ts:1458:13)
    at Module.m._compile (/Users/suvidhapatekar/Downloads/typescript-graphql-poc/node_modules/ts-node/src/index.ts:1617:30)
    at Module._extensions..js (node:internal/modules/cjs/loader:1159:10)
    at Object.require.extensions.<computed> [as .ts] (/Users/suvidhapatekar/Downloads/typescript-graphql-poc/node_modules/ts-node/src/index.ts:1621:12)
    at Module.load (node:internal/modules/cjs/loader:981:32)
    at Function.Module._load (node:internal/modules/cjs/loader:822:12)
    at Module.require (node:internal/modules/cjs/loader:1005:19)
2024-07-25 18:08:28 error: uncaughtException: тип Unable to compile TypeScript:
[96msrc/controllers/localJsonController.ts[0m:[93m15[0m:[93m14[0m - [91merror[0m[90m TS1005: [0m',' expected.

[7m15[0m              res.status(200).json({
[7m  [0m [91m             ~~~[0m
[96msrc/controllers/localJsonController.ts[0m:[93m17[0m:[93m15[0m - [91merror[0m[90m TS1005: [0m')' expected.

[7m17[0m             });
[7m  [0m [91m              ~[0m
[96msrc/controllers/localJsonController.ts[0m:[93m18[0m:[93m11[0m - [91merror[0m[90m TS1128: [0mDeclaration or statement expected.

[7m18[0m           )
[7m  [0m [91m          ~[0m

TSError: тип Unable to compile TypeScript:
[96msrc/controllers/localJsonController.ts[0m:[93m15[0m:[93m14[0m - [91merror[0m[90m TS1005: [0m',' expected.

[7m15[0m              res.status(200).json({
[7m  [0m [91m             ~~~[0m
[96msrc/controllers/localJsonController.ts[0m:[93m17[0m:[93m15[0m - [91merror[0m[90m TS1005: [0m')' expected.

[7m17[0m             });
[7m  [0m [91m              ~[0m
[96msrc/controllers/localJsonController.ts[0m:[93m18[0m:[93m11[0m - [91merror[0m[90m TS1128: [0mDeclaration or statement expected.

[7m18[0m           )
[7m  [0m [91m          ~[0m

    at createTSError (/Users/suvidhapatekar/Downloads/typescript-graphql-poc/node_modules/ts-node/src/index.ts:859:12)
    at reportTSError (/Users/suvidhapatekar/Downloads/typescript-graphql-poc/node_modules/ts-node/src/index.ts:863:19)
    at /Users/suvidhapatekar/Downloads/typescript-graphql-poc/node_modules/ts-node/src/index.ts:1379:34
    at Object.compile (/Users/suvidhapatekar/Downloads/typescript-graphql-poc/node_modules/ts-node/src/index.ts:1458:13)
    at Module.m._compile (/Users/suvidhapatekar/Downloads/typescript-graphql-poc/node_modules/ts-node/src/index.ts:1617:30)
    at Module._extensions..js (node:internal/modules/cjs/loader:1159:10)
    at Object.require.extensions.<computed> [as .ts] (/Users/suvidhapatekar/Downloads/typescript-graphql-poc/node_modules/ts-node/src/index.ts:1621:12)
    at Module.load (node:internal/modules/cjs/loader:981:32)
    at Function.Module._load (node:internal/modules/cjs/loader:822:12)
    at Module.require (node:internal/modules/cjs/loader:1005:19)
2024-07-25 18:08:28 error: uncaughtException: тип Unable to compile TypeScript:
[96msrc/controllers/localJsonController.ts[0m:[93m15[0m:[93m14[0m - [91merror[0m[90m TS1005: [0m',' expected.

[7m15[0m              res.status(200).json({
[7m  [0m [91m             ~~~[0m
[96msrc/controllers/localJsonController.ts[0m:[93m17[0m:[93m15[0m - [91merror[0m[90m TS1005: [0m')' expected.

[7m17[0m             });
[7m  [0m [91m              ~[0m
[96msrc/controllers/localJsonController.ts[0m:[93m18[0m:[93m11[0m - [91merror[0m[90m TS1128: [0mDeclaration or statement expected.

[7m18[0m           )
[7m  [0m [91m          ~[0m

TSError: тип Unable to compile TypeScript:
[96msrc/controllers/localJsonController.ts[0m:[93m15[0m:[93m14[0m - [91merror[0m[90m TS1005: [0m',' expected.

[7m15[0m              res.status(200).json({
[7m  [0m [91m             ~~~[0m
[96msrc/controllers/localJsonController.ts[0m:[93m17[0m:[93m15[0m - [91merror[0m[90m TS1005: [0m')' expected.

[7m17[0m             });
[7m  [0m [91m              ~[0m
[96msrc/controllers/localJsonController.ts[0m:[93m18[0m:[93m11[0m - [91merror[0m[90m TS1128: [0mDeclaration or statement expected.

[7m18[0m           )
[7m  [0m [91m          ~[0m

    at createTSError (/Users/suvidhapatekar/Downloads/typescript-graphql-poc/node_modules/ts-node/src/index.ts:859:12)
    at reportTSError (/Users/suvidhapatekar/Downloads/typescript-graphql-poc/node_modules/ts-node/src/index.ts:863:19)
    at /Users/suvidhapatekar/Downloads/typescript-graphql-poc/node_modules/ts-node/src/index.ts:1379:34
    at Object.compile (/Users/suvidhapatekar/Downloads/typescript-graphql-poc/node_modules/ts-node/src/index.ts:1458:13)
    at Module.m._compile (/Users/suvidhapatekar/Downloads/typescript-graphql-poc/node_modules/ts-node/src/index.ts:1617:30)
    at Module._extensions..js (node:internal/modules/cjs/loader:1159:10)
    at Object.require.extensions.<computed> [as .ts] (/Users/suvidhapatekar/Downloads/typescript-graphql-poc/node_modules/ts-node/src/index.ts:1621:12)
    at Module.load (node:internal/modules/cjs/loader:981:32)
    at Function.Module._load (node:internal/modules/cjs/loader:822:12)
    at Module.require (node:internal/modules/cjs/loader:1005:19)
2024-07-25 18:08:32 error: uncaughtException: тип Unable to compile TypeScript:
[96msrc/controllers/localJsonController.ts[0m:[93m15[0m:[93m14[0m - [91merror[0m[90m TS1005: [0m',' expected.

[7m15[0m              res.status(200).json({
[7m  [0m [91m             ~~~[0m
[96msrc/controllers/localJsonController.ts[0m:[93m17[0m:[93m15[0m - [91merror[0m[90m TS1005: [0m')' expected.

[7m17[0m             });
[7m  [0m [91m              ~[0m
[96msrc/controllers/localJsonController.ts[0m:[93m18[0m:[93m11[0m - [91merror[0m[90m TS1128: [0mDeclaration or statement expected.

[7m18[0m           )
[7m  [0m [91m          ~[0m

TSError: тип Unable to compile TypeScript:
[96msrc/controllers/localJsonController.ts[0m:[93m15[0m:[93m14[0m - [91merror[0m[90m TS1005: [0m',' expected.

[7m15[0m              res.status(200).json({
[7m  [0m [91m             ~~~[0m
[96msrc/controllers/localJsonController.ts[0m:[93m17[0m:[93m15[0m - [91merror[0m[90m TS1005: [0m')' expected.

[7m17[0m             });
[7m  [0m [91m              ~[0m
[96msrc/controllers/localJsonController.ts[0m:[93m18[0m:[93m11[0m - [91merror[0m[90m TS1128: [0mDeclaration or statement expected.

[7m18[0m           )
[7m  [0m [91m          ~[0m

    at createTSError (/Users/suvidhapatekar/Downloads/typescript-graphql-poc/node_modules/ts-node/src/index.ts:859:12)
    at reportTSError (/Users/suvidhapatekar/Downloads/typescript-graphql-poc/node_modules/ts-node/src/index.ts:863:19)
    at /Users/suvidhapatekar/Downloads/typescript-graphql-poc/node_modules/ts-node/src/index.ts:1379:34
    at Object.compile (/Users/suvidhapatekar/Downloads/typescript-graphql-poc/node_modules/ts-node/src/index.ts:1458:13)
    at Module.m._compile (/Users/suvidhapatekar/Downloads/typescript-graphql-poc/node_modules/ts-node/src/index.ts:1617:30)
    at Module._extensions..js (node:internal/modules/cjs/loader:1159:10)
    at Object.require.extensions.<computed> [as .ts] (/Users/suvidhapatekar/Downloads/typescript-graphql-poc/node_modules/ts-node/src/index.ts:1621:12)
    at Module.load (node:internal/modules/cjs/loader:981:32)
    at Function.Module._load (node:internal/modules/cjs/loader:822:12)
    at Module.require (node:internal/modules/cjs/loader:1005:19)
2024-07-25 18:08:32 error: uncaughtException: тип Unable to compile TypeScript:
[96msrc/controllers/localJsonController.ts[0m:[93m15[0m:[93m14[0m - [91merror[0m[90m TS1005: [0m',' expected.

[7m15[0m              res.status(200).json({
[7m  [0m [91m             ~~~[0m
[96msrc/controllers/localJsonController.ts[0m:[93m17[0m:[93m15[0m - [91merror[0m[90m TS1005: [0m')' expected.

[7m17[0m             });
[7m  [0m [91m              ~[0m
[96msrc/controllers/localJsonController.ts[0m:[93m18[0m:[93m11[0m - [91merror[0m[90m TS1128: [0mDeclaration or statement expected.

[7m18[0m           )
[7m  [0m [91m          ~[0m

TSError: тип Unable to compile TypeScript:
[96msrc/controllers/localJsonController.ts[0m:[93m15[0m:[93m14[0m - [91merror[0m[90m TS1005: [0m',' expected.

[7m15[0m              res.status(200).json({
[7m  [0m [91m             ~~~[0m
[96msrc/controllers/localJsonController.ts[0m:[93m17[0m:[93m15[0m - [91merror[0m[90m TS1005: [0m')' expected.

[7m17[0m             });
[7m  [0m [91m              ~[0m
[96msrc/controllers/localJsonController.ts[0m:[93m18[0m:[93m11[0m - [91merror[0m[90m TS1128: [0mDeclaration or statement expected.

[7m18[0m           )
[7m  [0m [91m          ~[0m

    at createTSError (/Users/suvidhapatekar/Downloads/typescript-graphql-poc/node_modules/ts-node/src/index.ts:859:12)
    at reportTSError (/Users/suvidhapatekar/Downloads/typescript-graphql-poc/node_modules/ts-node/src/index.ts:863:19)
    at /Users/suvidhapatekar/Downloads/typescript-graphql-poc/node_modules/ts-node/src/index.ts:1379:34
    at Object.compile (/Users/suvidhapatekar/Downloads/typescript-graphql-poc/node_modules/ts-node/src/index.ts:1458:13)
    at Module.m._compile (/Users/suvidhapatekar/Downloads/typescript-graphql-poc/node_modules/ts-node/src/index.ts:1617:30)
    at Module._extensions..js (node:internal/modules/cjs/loader:1159:10)
    at Object.require.extensions.<computed> [as .ts] (/Users/suvidhapatekar/Downloads/typescript-graphql-poc/node_modules/ts-node/src/index.ts:1621:12)
    at Module.load (node:internal/modules/cjs/loader:981:32)
    at Function.Module._load (node:internal/modules/cjs/loader:822:12)
    at Module.require (node:internal/modules/cjs/loader:1005:19)
2024-07-25 18:08:33 error: uncaughtException: тип Unable to compile TypeScript:
[96msrc/controllers/localJsonController.ts[0m:[93m15[0m:[93m14[0m - [91merror[0m[90m TS1005: [0m',' expected.

[7m15[0m              res.status(200).json({
[7m  [0m [91m             ~~~[0m
[96msrc/controllers/localJsonController.ts[0m:[93m17[0m:[93m15[0m - [91merror[0m[90m TS1005: [0m')' expected.

[7m17[0m             });
[7m  [0m [91m              ~[0m
[96msrc/controllers/localJsonController.ts[0m:[93m18[0m:[93m11[0m - [91merror[0m[90m TS1128: [0mDeclaration or statement expected.

[7m18[0m           )
[7m  [0m [91m          ~[0m

TSError: тип Unable to compile TypeScript:
[96msrc/controllers/localJsonController.ts[0m:[93m15[0m:[93m14[0m - [91merror[0m[90m TS1005: [0m',' expected.

[7m15[0m              res.status(200).json({
[7m  [0m [91m             ~~~[0m
[96msrc/controllers/localJsonController.ts[0m:[93m17[0m:[93m15[0m - [91merror[0m[90m TS1005: [0m')' expected.

[7m17[0m             });
[7m  [0m [91m              ~[0m
[96msrc/controllers/localJsonController.ts[0m:[93m18[0m:[93m11[0m - [91merror[0m[90m TS1128: [0mDeclaration or statement expected.

[7m18[0m           )
[7m  [0m [91m          ~[0m

    at createTSError (/Users/suvidhapatekar/Downloads/typescript-graphql-poc/node_modules/ts-node/src/index.ts:859:12)
    at reportTSError (/Users/suvidhapatekar/Downloads/typescript-graphql-poc/node_modules/ts-node/src/index.ts:863:19)
    at /Users/suvidhapatekar/Downloads/typescript-graphql-poc/node_modules/ts-node/src/index.ts:1379:34
    at Object.compile (/Users/suvidhapatekar/Downloads/typescript-graphql-poc/node_modules/ts-node/src/index.ts:1458:13)
    at Module.m._compile (/Users/suvidhapatekar/Downloads/typescript-graphql-poc/node_modules/ts-node/src/index.ts:1617:30)
    at Module._extensions..js (node:internal/modules/cjs/loader:1159:10)
    at Object.require.extensions.<computed> [as .ts] (/Users/suvidhapatekar/Downloads/typescript-graphql-poc/node_modules/ts-node/src/index.ts:1621:12)
    at Module.load (node:internal/modules/cjs/loader:981:32)
    at Function.Module._load (node:internal/modules/cjs/loader:822:12)
    at Module.require (node:internal/modules/cjs/loader:1005:19)
2024-07-25 18:08:33 error: uncaughtException: тип Unable to compile TypeScript:
[96msrc/controllers/localJsonController.ts[0m:[93m15[0m:[93m14[0m - [91merror[0m[90m TS1005: [0m',' expected.

[7m15[0m              res.status(200).json({
[7m  [0m [91m             ~~~[0m
[96msrc/controllers/localJsonController.ts[0m:[93m17[0m:[93m15[0m - [91merror[0m[90m TS1005: [0m')' expected.

[7m17[0m             });
[7m  [0m [91m              ~[0m
[96msrc/controllers/localJsonController.ts[0m:[93m18[0m:[93m11[0m - [91merror[0m[90m TS1128: [0mDeclaration or statement expected.

[7m18[0m           )
[7m  [0m [91m          ~[0m

TSError: тип Unable to compile TypeScript:
[96msrc/controllers/localJsonController.ts[0m:[93m15[0m:[93m14[0m - [91merror[0m[90m TS1005: [0m',' expected.

[7m15[0m              res.status(200).json({
[7m  [0m [91m             ~~~[0m
[96msrc/controllers/localJsonController.ts[0m:[93m17[0m:[93m15[0m - [91merror[0m[90m TS1005: [0m')' expected.

[7m17[0m             });
[7m  [0m [91m              ~[0m
[96msrc/controllers/localJsonController.ts[0m:[93m18[0m:[93m11[0m - [91merror[0m[90m TS1128: [0mDeclaration or statement expected.

[7m18[0m           )
[7m  [0m [91m          ~[0m

    at createTSError (/Users/suvidhapatekar/Downloads/typescript-graphql-poc/node_modules/ts-node/src/index.ts:859:12)
    at reportTSError (/Users/suvidhapatekar/Downloads/typescript-graphql-poc/node_modules/ts-node/src/index.ts:863:19)
    at /Users/suvidhapatekar/Downloads/typescript-graphql-poc/node_modules/ts-node/src/index.ts:1379:34
    at Object.compile (/Users/suvidhapatekar/Downloads/typescript-graphql-poc/node_modules/ts-node/src/index.ts:1458:13)
    at Module.m._compile (/Users/suvidhapatekar/Downloads/typescript-graphql-poc/node_modules/ts-node/src/index.ts:1617:30)
    at Module._extensions..js (node:internal/modules/cjs/loader:1159:10)
    at Object.require.extensions.<computed> [as .ts] (/Users/suvidhapatekar/Downloads/typescript-graphql-poc/node_modules/ts-node/src/index.ts:1621:12)
    at Module.load (node:internal/modules/cjs/loader:981:32)
    at Function.Module._load (node:internal/modules/cjs/loader:822:12)
    at Module.require (node:internal/modules/cjs/loader:1005:19)
2024-07-25 18:08:39 error: uncaughtException: тип Unable to compile TypeScript:
[96msrc/controllers/localJsonController.ts[0m:[93m16[0m:[93m13[0m - [91merror[0m[90m TS1005: [0m',' expected.

[7m16[0m             console.log(`data is ${res}`)
[7m  [0m [91m            ~~~~~~~[0m
[96msrc/controllers/localJsonController.ts[0m:[93m17[0m:[93m14[0m - [91merror[0m[90m TS1005: [0m',' expected.

[7m17[0m              res.status(200).json({
[7m  [0m [91m             ~~~[0m
[96msrc/controllers/localJsonController.ts[0m:[93m19[0m:[93m15[0m - [91merror[0m[90m TS1005: [0m')' expected.

[7m19[0m             });
[7m  [0m [91m              ~[0m
[96msrc/controllers/localJsonController.ts[0m:[93m20[0m:[93m11[0m - [91merror[0m[90m TS1128: [0mDeclaration or statement expected.

[7m20[0m           )
[7m  [0m [91m          ~[0m

TSError: тип Unable to compile TypeScript:
[96msrc/controllers/localJsonController.ts[0m:[93m16[0m:[93m13[0m - [91merror[0m[90m TS1005: [0m',' expected.

[7m16[0m             console.log(`data is ${res}`)
[7m  [0m [91m            ~~~~~~~[0m
[96msrc/controllers/localJsonController.ts[0m:[93m17[0m:[93m14[0m - [91merror[0m[90m TS1005: [0m',' expected.

[7m17[0m              res.status(200).json({
[7m  [0m [91m             ~~~[0m
[96msrc/controllers/localJsonController.ts[0m:[93m19[0m:[93m15[0m - [91merror[0m[90m TS1005: [0m')' expected.

[7m19[0m             });
[7m  [0m [91m              ~[0m
[96msrc/controllers/localJsonController.ts[0m:[93m20[0m:[93m11[0m - [91merror[0m[90m TS1128: [0mDeclaration or statement expected.

[7m20[0m           )
[7m  [0m [91m          ~[0m

    at createTSError (/Users/suvidhapatekar/Downloads/typescript-graphql-poc/node_modules/ts-node/src/index.ts:859:12)
    at reportTSError (/Users/suvidhapatekar/Downloads/typescript-graphql-poc/node_modules/ts-node/src/index.ts:863:19)
    at /Users/suvidhapatekar/Downloads/typescript-graphql-poc/node_modules/ts-node/src/index.ts:1379:34
    at Object.compile (/Users/suvidhapatekar/Downloads/typescript-graphql-poc/node_modules/ts-node/src/index.ts:1458:13)
    at Module.m._compile (/Users/suvidhapatekar/Downloads/typescript-graphql-poc/node_modules/ts-node/src/index.ts:1617:30)
    at Module._extensions..js (node:internal/modules/cjs/loader:1159:10)
    at Object.require.extensions.<computed> [as .ts] (/Users/suvidhapatekar/Downloads/typescript-graphql-poc/node_modules/ts-node/src/index.ts:1621:12)
    at Module.load (node:internal/modules/cjs/loader:981:32)
    at Function.Module._load (node:internal/modules/cjs/loader:822:12)
    at Module.require (node:internal/modules/cjs/loader:1005:19)
2024-07-25 18:08:39 error: uncaughtException: тип Unable to compile TypeScript:
[96msrc/controllers/localJsonController.ts[0m:[93m16[0m:[93m13[0m - [91merror[0m[90m TS1005: [0m',' expected.

[7m16[0m             console.log(`data is ${res}`)
[7m  [0m [91m            ~~~~~~~[0m
[96msrc/controllers/localJsonController.ts[0m:[93m17[0m:[93m14[0m - [91merror[0m[90m TS1005: [0m',' expected.

[7m17[0m              res.status(200).json({
[7m  [0m [91m             ~~~[0m
[96msrc/controllers/localJsonController.ts[0m:[93m19[0m:[93m15[0m - [91merror[0m[90m TS1005: [0m')' expected.

[7m19[0m             });
[7m  [0m [91m              ~[0m
[96msrc/controllers/localJsonController.ts[0m:[93m20[0m:[93m11[0m - [91merror[0m[90m TS1128: [0mDeclaration or statement expected.

[7m20[0m           )
[7m  [0m [91m          ~[0m

TSError: тип Unable to compile TypeScript:
[96msrc/controllers/localJsonController.ts[0m:[93m16[0m:[93m13[0m - [91merror[0m[90m TS1005: [0m',' expected.

[7m16[0m             console.log(`data is ${res}`)
[7m  [0m [91m            ~~~~~~~[0m
[96msrc/controllers/localJsonController.ts[0m:[93m17[0m:[93m14[0m - [91merror[0m[90m TS1005: [0m',' expected.

[7m17[0m              res.status(200).json({
[7m  [0m [91m             ~~~[0m
[96msrc/controllers/localJsonController.ts[0m:[93m19[0m:[93m15[0m - [91merror[0m[90m TS1005: [0m')' expected.

[7m19[0m             });
[7m  [0m [91m              ~[0m
[96msrc/controllers/localJsonController.ts[0m:[93m20[0m:[93m11[0m - [91merror[0m[90m TS1128: [0mDeclaration or statement expected.

[7m20[0m           )
[7m  [0m [91m          ~[0m

    at createTSError (/Users/suvidhapatekar/Downloads/typescript-graphql-poc/node_modules/ts-node/src/index.ts:859:12)
    at reportTSError (/Users/suvidhapatekar/Downloads/typescript-graphql-poc/node_modules/ts-node/src/index.ts:863:19)
    at /Users/suvidhapatekar/Downloads/typescript-graphql-poc/node_modules/ts-node/src/index.ts:1379:34
    at Object.compile (/Users/suvidhapatekar/Downloads/typescript-graphql-poc/node_modules/ts-node/src/index.ts:1458:13)
    at Module.m._compile (/Users/suvidhapatekar/Downloads/typescript-graphql-poc/node_modules/ts-node/src/index.ts:1617:30)
    at Module._extensions..js (node:internal/modules/cjs/loader:1159:10)
    at Object.require.extensions.<computed> [as .ts] (/Users/suvidhapatekar/Downloads/typescript-graphql-poc/node_modules/ts-node/src/index.ts:1621:12)
    at Module.load (node:internal/modules/cjs/loader:981:32)
    at Function.Module._load (node:internal/modules/cjs/loader:822:12)
    at Module.require (node:internal/modules/cjs/loader:1005:19)
2024-07-25 18:08:41 error: uncaughtException: listen EADDRINUSE: address already in use :::3001
Error: listen EADDRINUSE: address already in use :::3001
    at Server.setupListenHandle [as _listen2] (node:net:1372:16)
    at listenInCluster (node:net:1420:12)
    at Server.listen (node:net:1508:7)
    at Function.listen (/Users/suvidhapatekar/Downloads/typescript-graphql-poc/node_modules/express/lib/application.js:635:24)
    at App.listen (/Users/suvidhapatekar/Downloads/typescript-graphql-poc/src/app.ts:14:14)
    at new Server (/Users/suvidhapatekar/Downloads/typescript-graphql-poc/src/server.ts:11:14)
    at Object.<anonymous> (/Users/suvidhapatekar/Downloads/typescript-graphql-poc/src/server.ts:15:16)
    at Module._compile (node:internal/modules/cjs/loader:1105:14)
    at Module.m._compile (/Users/suvidhapatekar/Downloads/typescript-graphql-poc/node_modules/ts-node/src/index.ts:1618:23)
    at Module._extensions..js (node:internal/modules/cjs/loader:1159:10)
2024-07-25 18:08:42 error: uncaughtException: listen EADDRINUSE: address already in use :::3001
Error: listen EADDRINUSE: address already in use :::3001
    at Server.setupListenHandle [as _listen2] (node:net:1372:16)
    at listenInCluster (node:net:1420:12)
    at Server.listen (node:net:1508:7)
    at Function.listen (/Users/suvidhapatekar/Downloads/typescript-graphql-poc/node_modules/express/lib/application.js:635:24)
    at App.listen (/Users/suvidhapatekar/Downloads/typescript-graphql-poc/src/app.ts:14:14)
    at new Server (/Users/suvidhapatekar/Downloads/typescript-graphql-poc/src/server.ts:11:14)
    at Object.<anonymous> (/Users/suvidhapatekar/Downloads/typescript-graphql-poc/src/server.ts:15:16)
    at Module._compile (node:internal/modules/cjs/loader:1105:14)
    at Module.m._compile (/Users/suvidhapatekar/Downloads/typescript-graphql-poc/node_modules/ts-node/src/index.ts:1618:23)
    at Module._extensions..js (node:internal/modules/cjs/loader:1159:10)
2024-07-25 18:08:54 error: uncaughtException: listen EADDRINUSE: address already in use :::3001
Error: listen EADDRINUSE: address already in use :::3001
    at Server.setupListenHandle [as _listen2] (node:net:1372:16)
    at listenInCluster (node:net:1420:12)
    at Server.listen (node:net:1508:7)
    at Function.listen (/Users/suvidhapatekar/Downloads/typescript-graphql-poc/node_modules/express/lib/application.js:635:24)
    at App.listen (/Users/suvidhapatekar/Downloads/typescript-graphql-poc/src/app.ts:14:14)
    at new Server (/Users/suvidhapatekar/Downloads/typescript-graphql-poc/src/server.ts:11:14)
    at Object.<anonymous> (/Users/suvidhapatekar/Downloads/typescript-graphql-poc/src/server.ts:15:16)
    at Module._compile (node:internal/modules/cjs/loader:1105:14)
    at Module.m._compile (/Users/suvidhapatekar/Downloads/typescript-graphql-poc/node_modules/ts-node/src/index.ts:1618:23)
    at Module._extensions..js (node:internal/modules/cjs/loader:1159:10)
2024-07-25 18:08:54 error: uncaughtException: listen EADDRINUSE: address already in use :::3001
Error: listen EADDRINUSE: address already in use :::3001
    at Server.setupListenHandle [as _listen2] (node:net:1372:16)
    at listenInCluster (node:net:1420:12)
    at Server.listen (node:net:1508:7)
    at Function.listen (/Users/suvidhapatekar/Downloads/typescript-graphql-poc/node_modules/express/lib/application.js:635:24)
    at App.listen (/Users/suvidhapatekar/Downloads/typescript-graphql-poc/src/app.ts:14:14)
    at new Server (/Users/suvidhapatekar/Downloads/typescript-graphql-poc/src/server.ts:11:14)
    at Object.<anonymous> (/Users/suvidhapatekar/Downloads/typescript-graphql-poc/src/server.ts:15:16)
    at Module._compile (node:internal/modules/cjs/loader:1105:14)
    at Module.m._compile (/Users/suvidhapatekar/Downloads/typescript-graphql-poc/node_modules/ts-node/src/index.ts:1618:23)
    at Module._extensions..js (node:internal/modules/cjs/loader:1159:10)
2024-07-25 18:09:03 error: uncaughtException: тип Unable to compile TypeScript:
[96msrc/controllers/localJsonController.ts[0m:[93m13[0m:[93m79[0m - [91merror[0m[90m TS1005: [0m',' expected.

[7m13[0m           return this.productService.getPageDetailsById("EeF9iVr5jC").then(res: Response => {
[7m  [0m [91m                                                                              ~[0m

TSError: тип Unable to compile TypeScript:
[96msrc/controllers/localJsonController.ts[0m:[93m13[0m:[93m79[0m - [91merror[0m[90m TS1005: [0m',' expected.

[7m13[0m           return this.productService.getPageDetailsById("EeF9iVr5jC").then(res: Response => {
[7m  [0m [91m                                                                              ~[0m

    at createTSError (/Users/suvidhapatekar/Downloads/typescript-graphql-poc/node_modules/ts-node/src/index.ts:859:12)
    at reportTSError (/Users/suvidhapatekar/Downloads/typescript-graphql-poc/node_modules/ts-node/src/index.ts:863:19)
    at /Users/suvidhapatekar/Downloads/typescript-graphql-poc/node_modules/ts-node/src/index.ts:1379:34
    at Object.compile (/Users/suvidhapatekar/Downloads/typescript-graphql-poc/node_modules/ts-node/src/index.ts:1458:13)
    at Module.m._compile (/Users/suvidhapatekar/Downloads/typescript-graphql-poc/node_modules/ts-node/src/index.ts:1617:30)
    at Module._extensions..js (node:internal/modules/cjs/loader:1159:10)
    at Object.require.extensions.<computed> [as .ts] (/Users/suvidhapatekar/Downloads/typescript-graphql-poc/node_modules/ts-node/src/index.ts:1621:12)
    at Module.load (node:internal/modules/cjs/loader:981:32)
    at Function.Module._load (node:internal/modules/cjs/loader:822:12)
    at Module.require (node:internal/modules/cjs/loader:1005:19)
2024-07-25 18:09:03 error: uncaughtException: тип Unable to compile TypeScript:
[96msrc/controllers/localJsonController.ts[0m:[93m13[0m:[93m79[0m - [91merror[0m[90m TS1005: [0m',' expected.

[7m13[0m           return this.productService.getPageDetailsById("EeF9iVr5jC").then(res: Response => {
[7m  [0m [91m                                                                              ~[0m

TSError: тип Unable to compile TypeScript:
[96msrc/controllers/localJsonController.ts[0m:[93m13[0m:[93m79[0m - [91merror[0m[90m TS1005: [0m',' expected.

[7m13[0m           return this.productService.getPageDetailsById("EeF9iVr5jC").then(res: Response => {
[7m  [0m [91m                                                                              ~[0m

    at createTSError (/Users/suvidhapatekar/Downloads/typescript-graphql-poc/node_modules/ts-node/src/index.ts:859:12)
    at reportTSError (/Users/suvidhapatekar/Downloads/typescript-graphql-poc/node_modules/ts-node/src/index.ts:863:19)
    at /Users/suvidhapatekar/Downloads/typescript-graphql-poc/node_modules/ts-node/src/index.ts:1379:34
    at Object.compile (/Users/suvidhapatekar/Downloads/typescript-graphql-poc/node_modules/ts-node/src/index.ts:1458:13)
    at Module.m._compile (/Users/suvidhapatekar/Downloads/typescript-graphql-poc/node_modules/ts-node/src/index.ts:1617:30)
    at Module._extensions..js (node:internal/modules/cjs/loader:1159:10)
    at Object.require.extensions.<computed> [as .ts] (/Users/suvidhapatekar/Downloads/typescript-graphql-poc/node_modules/ts-node/src/index.ts:1621:12)
    at Module.load (node:internal/modules/cjs/loader:981:32)
    at Function.Module._load (node:internal/modules/cjs/loader:822:12)
    at Module.require (node:internal/modules/cjs/loader:1005:19)
2024-07-25 18:09:09 error: uncaughtException: тип Unable to compile TypeScript:
[96msrc/controllers/localJsonController.ts[0m:[93m13[0m:[93m81[0m - [91merror[0m[90m TS1005: [0m',' expected.

[7m13[0m           return this.productService.getPageDetailsById("EeF9iVr5jC").then(res  Response => {
[7m  [0m [91m                                                                                ~~~~~~~~[0m

TSError: тип Unable to compile TypeScript:
[96msrc/controllers/localJsonController.ts[0m:[93m13[0m:[93m81[0m - [91merror[0m[90m TS1005: [0m',' expected.

[7m13[0m           return this.productService.getPageDetailsById("EeF9iVr5jC").then(res  Response => {
[7m  [0m [91m                                                                                ~~~~~~~~[0m

    at createTSError (/Users/suvidhapatekar/Downloads/typescript-graphql-poc/node_modules/ts-node/src/index.ts:859:12)
    at reportTSError (/Users/suvidhapatekar/Downloads/typescript-graphql-poc/node_modules/ts-node/src/index.ts:863:19)
    at /Users/suvidhapatekar/Downloads/typescript-graphql-poc/node_modules/ts-node/src/index.ts:1379:34
    at Object.compile (/Users/suvidhapatekar/Downloads/typescript-graphql-poc/node_modules/ts-node/src/index.ts:1458:13)
    at Module.m._compile (/Users/suvidhapatekar/Downloads/typescript-graphql-poc/node_modules/ts-node/src/index.ts:1617:30)
    at Module._extensions..js (node:internal/modules/cjs/loader:1159:10)
    at Object.require.extensions.<computed> [as .ts] (/Users/suvidhapatekar/Downloads/typescript-graphql-poc/node_modules/ts-node/src/index.ts:1621:12)
    at Module.load (node:internal/modules/cjs/loader:981:32)
    at Function.Module._load (node:internal/modules/cjs/loader:822:12)
    at Module.require (node:internal/modules/cjs/loader:1005:19)
2024-07-25 18:09:09 error: uncaughtException: тип Unable to compile TypeScript:
[96msrc/controllers/localJsonController.ts[0m:[93m13[0m:[93m81[0m - [91merror[0m[90m TS1005: [0m',' expected.

[7m13[0m           return this.productService.getPageDetailsById("EeF9iVr5jC").then(res  Response => {
[7m  [0m [91m                                                                                ~~~~~~~~[0m

TSError: тип Unable to compile TypeScript:
[96msrc/controllers/localJsonController.ts[0m:[93m13[0m:[93m81[0m - [91merror[0m[90m TS1005: [0m',' expected.

[7m13[0m           return this.productService.getPageDetailsById("EeF9iVr5jC").then(res  Response => {
[7m  [0m [91m                                                                                ~~~~~~~~[0m

    at createTSError (/Users/suvidhapatekar/Downloads/typescript-graphql-poc/node_modules/ts-node/src/index.ts:859:12)
    at reportTSError (/Users/suvidhapatekar/Downloads/typescript-graphql-poc/node_modules/ts-node/src/index.ts:863:19)
    at /Users/suvidhapatekar/Downloads/typescript-graphql-poc/node_modules/ts-node/src/index.ts:1379:34
    at Object.compile (/Users/suvidhapatekar/Downloads/typescript-graphql-poc/node_modules/ts-node/src/index.ts:1458:13)
    at Module.m._compile (/Users/suvidhapatekar/Downloads/typescript-graphql-poc/node_modules/ts-node/src/index.ts:1617:30)
    at Module._extensions..js (node:internal/modules/cjs/loader:1159:10)
    at Object.require.extensions.<computed> [as .ts] (/Users/suvidhapatekar/Downloads/typescript-graphql-poc/node_modules/ts-node/src/index.ts:1621:12)
    at Module.load (node:internal/modules/cjs/loader:981:32)
    at Function.Module._load (node:internal/modules/cjs/loader:822:12)
    at Module.require (node:internal/modules/cjs/loader:1005:19)
2024-07-25 18:09:11 error: uncaughtException: тип Unable to compile TypeScript:
[96msrc/controllers/localJsonController.ts[0m:[93m13[0m:[93m79[0m - [91merror[0m[90m TS1005: [0m',' expected.

[7m13[0m           return this.productService.getPageDetailsById("EeF9iVr5jC").then(res: Response => {
[7m  [0m [91m                                                                              ~[0m

TSError: тип Unable to compile TypeScript:
[96msrc/controllers/localJsonController.ts[0m:[93m13[0m:[93m79[0m - [91merror[0m[90m TS1005: [0m',' expected.

[7m13[0m           return this.productService.getPageDetailsById("EeF9iVr5jC").then(res: Response => {
[7m  [0m [91m                                                                              ~[0m

    at createTSError (/Users/suvidhapatekar/Downloads/typescript-graphql-poc/node_modules/ts-node/src/index.ts:859:12)
    at reportTSError (/Users/suvidhapatekar/Downloads/typescript-graphql-poc/node_modules/ts-node/src/index.ts:863:19)
    at /Users/suvidhapatekar/Downloads/typescript-graphql-poc/node_modules/ts-node/src/index.ts:1379:34
    at Object.compile (/Users/suvidhapatekar/Downloads/typescript-graphql-poc/node_modules/ts-node/src/index.ts:1458:13)
    at Module.m._compile (/Users/suvidhapatekar/Downloads/typescript-graphql-poc/node_modules/ts-node/src/index.ts:1617:30)
    at Module._extensions..js (node:internal/modules/cjs/loader:1159:10)
    at Object.require.extensions.<computed> [as .ts] (/Users/suvidhapatekar/Downloads/typescript-graphql-poc/node_modules/ts-node/src/index.ts:1621:12)
    at Module.load (node:internal/modules/cjs/loader:981:32)
    at Function.Module._load (node:internal/modules/cjs/loader:822:12)
    at Module.require (node:internal/modules/cjs/loader:1005:19)
2024-07-25 18:09:11 error: uncaughtException: тип Unable to compile TypeScript:
[96msrc/controllers/localJsonController.ts[0m:[93m13[0m:[93m79[0m - [91merror[0m[90m TS1005: [0m',' expected.

[7m13[0m           return this.productService.getPageDetailsById("EeF9iVr5jC").then(res: Response => {
[7m  [0m [91m                                                                              ~[0m

TSError: тип Unable to compile TypeScript:
[96msrc/controllers/localJsonController.ts[0m:[93m13[0m:[93m79[0m - [91merror[0m[90m TS1005: [0m',' expected.

[7m13[0m           return this.productService.getPageDetailsById("EeF9iVr5jC").then(res: Response => {
[7m  [0m [91m                                                                              ~[0m

    at createTSError (/Users/suvidhapatekar/Downloads/typescript-graphql-poc/node_modules/ts-node/src/index.ts:859:12)
    at reportTSError (/Users/suvidhapatekar/Downloads/typescript-graphql-poc/node_modules/ts-node/src/index.ts:863:19)
    at /Users/suvidhapatekar/Downloads/typescript-graphql-poc/node_modules/ts-node/src/index.ts:1379:34
    at Object.compile (/Users/suvidhapatekar/Downloads/typescript-graphql-poc/node_modules/ts-node/src/index.ts:1458:13)
    at Module.m._compile (/Users/suvidhapatekar/Downloads/typescript-graphql-poc/node_modules/ts-node/src/index.ts:1617:30)
    at Module._extensions..js (node:internal/modules/cjs/loader:1159:10)
    at Object.require.extensions.<computed> [as .ts] (/Users/suvidhapatekar/Downloads/typescript-graphql-poc/node_modules/ts-node/src/index.ts:1621:12)
    at Module.load (node:internal/modules/cjs/loader:981:32)
    at Function.Module._load (node:internal/modules/cjs/loader:822:12)
    at Module.require (node:internal/modules/cjs/loader:1005:19)
2024-07-25 18:09:17 error: uncaughtException: listen EADDRINUSE: address already in use :::3001
Error: listen EADDRINUSE: address already in use :::3001
    at Server.setupListenHandle [as _listen2] (node:net:1372:16)
    at listenInCluster (node:net:1420:12)
    at Server.listen (node:net:1508:7)
    at Function.listen (/Users/suvidhapatekar/Downloads/typescript-graphql-poc/node_modules/express/lib/application.js:635:24)
    at App.listen (/Users/suvidhapatekar/Downloads/typescript-graphql-poc/src/app.ts:14:14)
    at new Server (/Users/suvidhapatekar/Downloads/typescript-graphql-poc/src/server.ts:11:14)
    at Object.<anonymous> (/Users/suvidhapatekar/Downloads/typescript-graphql-poc/src/server.ts:15:16)
    at Module._compile (node:internal/modules/cjs/loader:1105:14)
    at Module.m._compile (/Users/suvidhapatekar/Downloads/typescript-graphql-poc/node_modules/ts-node/src/index.ts:1618:23)
    at Module._extensions..js (node:internal/modules/cjs/loader:1159:10)
2024-07-25 18:09:18 error: uncaughtException: listen EADDRINUSE: address already in use :::3001
Error: listen EADDRINUSE: address already in use :::3001
    at Server.setupListenHandle [as _listen2] (node:net:1372:16)
    at listenInCluster (node:net:1420:12)
    at Server.listen (node:net:1508:7)
    at Function.listen (/Users/suvidhapatekar/Downloads/typescript-graphql-poc/node_modules/express/lib/application.js:635:24)
    at App.listen (/Users/suvidhapatekar/Downloads/typescript-graphql-poc/src/app.ts:14:14)
    at new Server (/Users/suvidhapatekar/Downloads/typescript-graphql-poc/src/server.ts:11:14)
    at Object.<anonymous> (/Users/suvidhapatekar/Downloads/typescript-graphql-poc/src/server.ts:15:16)
    at Module._compile (node:internal/modules/cjs/loader:1105:14)
    at Module.m._compile (/Users/suvidhapatekar/Downloads/typescript-graphql-poc/node_modules/ts-node/src/index.ts:1618:23)
    at Module._extensions..js (node:internal/modules/cjs/loader:1159:10)
2024-07-25 18:09:24 error: uncaughtException: listen EADDRINUSE: address already in use :::3001
Error: listen EADDRINUSE: address already in use :::3001
    at Server.setupListenHandle [as _listen2] (node:net:1372:16)
    at listenInCluster (node:net:1420:12)
    at Server.listen (node:net:1508:7)
    at Function.listen (/Users/suvidhapatekar/Downloads/typescript-graphql-poc/node_modules/express/lib/application.js:635:24)
    at App.listen (/Users/suvidhapatekar/Downloads/typescript-graphql-poc/src/app.ts:14:14)
    at new Server (/Users/suvidhapatekar/Downloads/typescript-graphql-poc/src/server.ts:11:14)
    at Object.<anonymous> (/Users/suvidhapatekar/Downloads/typescript-graphql-poc/src/server.ts:15:16)
    at Module._compile (node:internal/modules/cjs/loader:1105:14)
    at Module.m._compile (/Users/suvidhapatekar/Downloads/typescript-graphql-poc/node_modules/ts-node/src/index.ts:1618:23)
    at Module._extensions..js (node:internal/modules/cjs/loader:1159:10)
2024-07-25 18:09:31 error: uncaughtException: listen EADDRINUSE: address already in use :::3001
Error: listen EADDRINUSE: address already in use :::3001
    at Server.setupListenHandle [as _listen2] (node:net:1372:16)
    at listenInCluster (node:net:1420:12)
    at Server.listen (node:net:1508:7)
    at Function.listen (/Users/suvidhapatekar/Downloads/typescript-graphql-poc/node_modules/express/lib/application.js:635:24)
    at App.listen (/Users/suvidhapatekar/Downloads/typescript-graphql-poc/src/app.ts:14:14)
    at new Server (/Users/suvidhapatekar/Downloads/typescript-graphql-poc/src/server.ts:11:14)
    at Object.<anonymous> (/Users/suvidhapatekar/Downloads/typescript-graphql-poc/src/server.ts:15:16)
    at Module._compile (node:internal/modules/cjs/loader:1105:14)
    at Module.m._compile (/Users/suvidhapatekar/Downloads/typescript-graphql-poc/node_modules/ts-node/src/index.ts:1618:23)
    at Module._extensions..js (node:internal/modules/cjs/loader:1159:10)
2024-07-25 18:09:35 error: uncaughtException: Cannot read properties of undefined (reading 'status')
TypeError: Cannot read properties of undefined (reading 'status')
    at /Users/suvidhapatekar/Downloads/typescript-graphql-poc/src/controllers/localJsonController.ts:15:17
    at processTicksAndRejections (node:internal/process/task_queues:96:5)
2024-07-25 18:09:51 error: uncaughtException: listen EADDRINUSE: address already in use :::3001
Error: listen EADDRINUSE: address already in use :::3001
    at Server.setupListenHandle [as _listen2] (node:net:1372:16)
    at listenInCluster (node:net:1420:12)
    at Server.listen (node:net:1508:7)
    at Function.listen (/Users/suvidhapatekar/Downloads/typescript-graphql-poc/node_modules/express/lib/application.js:635:24)
    at App.listen (/Users/suvidhapatekar/Downloads/typescript-graphql-poc/src/app.ts:14:14)
    at new Server (/Users/suvidhapatekar/Downloads/typescript-graphql-poc/src/server.ts:11:14)
    at Object.<anonymous> (/Users/suvidhapatekar/Downloads/typescript-graphql-poc/src/server.ts:15:16)
    at Module._compile (node:internal/modules/cjs/loader:1105:14)
    at Module.m._compile (/Users/suvidhapatekar/Downloads/typescript-graphql-poc/node_modules/ts-node/src/index.ts:1618:23)
    at Module._extensions..js (node:internal/modules/cjs/loader:1159:10)
2024-07-25 18:09:54 error: uncaughtException: тип Unable to compile TypeScript:
[96msrc/controllers/localJsonController.ts[0m:[93m20[0m:[93m11[0m - [91merror[0m[90m TS1005: [0m',' expected.

[7m20[0m           return
[7m  [0m [91m          ~~~~~~[0m
[96msrc/controllers/localJsonController.ts[0m:[93m21[0m:[93m9[0m - [91merror[0m[90m TS1128: [0mDeclaration or statement expected.

[7m21[0m         )
[7m  [0m [91m        ~[0m

TSError: тип Unable to compile TypeScript:
[96msrc/controllers/localJsonController.ts[0m:[93m20[0m:[93m11[0m - [91merror[0m[90m TS1005: [0m',' expected.

[7m20[0m           return
[7m  [0m [91m          ~~~~~~[0m
[96msrc/controllers/localJsonController.ts[0m:[93m21[0m:[93m9[0m - [91merror[0m[90m TS1128: [0mDeclaration or statement expected.

[7m21[0m         )
[7m  [0m [91m        ~[0m

    at createTSError (/Users/suvidhapatekar/Downloads/typescript-graphql-poc/node_modules/ts-node/src/index.ts:859:12)
    at reportTSError (/Users/suvidhapatekar/Downloads/typescript-graphql-poc/node_modules/ts-node/src/index.ts:863:19)
    at /Users/suvidhapatekar/Downloads/typescript-graphql-poc/node_modules/ts-node/src/index.ts:1379:34
    at Object.compile (/Users/suvidhapatekar/Downloads/typescript-graphql-poc/node_modules/ts-node/src/index.ts:1458:13)
    at Module.m._compile (/Users/suvidhapatekar/Downloads/typescript-graphql-poc/node_modules/ts-node/src/index.ts:1617:30)
    at Module._extensions..js (node:internal/modules/cjs/loader:1159:10)
    at Object.require.extensions.<computed> [as .ts] (/Users/suvidhapatekar/Downloads/typescript-graphql-poc/node_modules/ts-node/src/index.ts:1621:12)
    at Module.load (node:internal/modules/cjs/loader:981:32)
    at Function.Module._load (node:internal/modules/cjs/loader:822:12)
    at Module.require (node:internal/modules/cjs/loader:1005:19)
2024-07-25 18:09:54 error: uncaughtException: тип Unable to compile TypeScript:
[96msrc/controllers/localJsonController.ts[0m:[93m20[0m:[93m11[0m - [91merror[0m[90m TS1005: [0m',' expected.

[7m20[0m           return
[7m  [0m [91m          ~~~~~~[0m
[96msrc/controllers/localJsonController.ts[0m:[93m21[0m:[93m9[0m - [91merror[0m[90m TS1128: [0mDeclaration or statement expected.

[7m21[0m         )
[7m  [0m [91m        ~[0m

TSError: тип Unable to compile TypeScript:
[96msrc/controllers/localJsonController.ts[0m:[93m20[0m:[93m11[0m - [91merror[0m[90m TS1005: [0m',' expected.

[7m20[0m           return
[7m  [0m [91m          ~~~~~~[0m
[96msrc/controllers/localJsonController.ts[0m:[93m21[0m:[93m9[0m - [91merror[0m[90m TS1128: [0mDeclaration or statement expected.

[7m21[0m         )
[7m  [0m [91m        ~[0m

    at createTSError (/Users/suvidhapatekar/Downloads/typescript-graphql-poc/node_modules/ts-node/src/index.ts:859:12)
    at reportTSError (/Users/suvidhapatekar/Downloads/typescript-graphql-poc/node_modules/ts-node/src/index.ts:863:19)
    at /Users/suvidhapatekar/Downloads/typescript-graphql-poc/node_modules/ts-node/src/index.ts:1379:34
    at Object.compile (/Users/suvidhapatekar/Downloads/typescript-graphql-poc/node_modules/ts-node/src/index.ts:1458:13)
    at Module.m._compile (/Users/suvidhapatekar/Downloads/typescript-graphql-poc/node_modules/ts-node/src/index.ts:1617:30)
    at Module._extensions..js (node:internal/modules/cjs/loader:1159:10)
    at Object.require.extensions.<computed> [as .ts] (/Users/suvidhapatekar/Downloads/typescript-graphql-poc/node_modules/ts-node/src/index.ts:1621:12)
    at Module.load (node:internal/modules/cjs/loader:981:32)
    at Function.Module._load (node:internal/modules/cjs/loader:822:12)
    at Module.require (node:internal/modules/cjs/loader:1005:19)
2024-07-25 18:10:02 error: uncaughtException: тип Unable to compile TypeScript:
[96msrc/controllers/localJsonController.ts[0m:[93m18[0m:[93m11[0m - [91merror[0m[90m TS1005: [0m',' expected.

[7m18[0m           return
[7m  [0m [91m          ~~~~~~[0m
[96msrc/controllers/localJsonController.ts[0m:[93m19[0m:[93m9[0m - [91merror[0m[90m TS1128: [0mDeclaration or statement expected.

[7m19[0m         )
[7m  [0m [91m        ~[0m

TSError: тип Unable to compile TypeScript:
[96msrc/controllers/localJsonController.ts[0m:[93m18[0m:[93m11[0m - [91merror[0m[90m TS1005: [0m',' expected.

[7m18[0m           return
[7m  [0m [91m          ~~~~~~[0m
[96msrc/controllers/localJsonController.ts[0m:[93m19[0m:[93m9[0m - [91merror[0m[90m TS1128: [0mDeclaration or statement expected.

[7m19[0m         )
[7m  [0m [91m        ~[0m

    at createTSError (/Users/suvidhapatekar/Downloads/typescript-graphql-poc/node_modules/ts-node/src/index.ts:859:12)
    at reportTSError (/Users/suvidhapatekar/Downloads/typescript-graphql-poc/node_modules/ts-node/src/index.ts:863:19)
    at /Users/suvidhapatekar/Downloads/typescript-graphql-poc/node_modules/ts-node/src/index.ts:1379:34
    at Object.compile (/Users/suvidhapatekar/Downloads/typescript-graphql-poc/node_modules/ts-node/src/index.ts:1458:13)
    at Module.m._compile (/Users/suvidhapatekar/Downloads/typescript-graphql-poc/node_modules/ts-node/src/index.ts:1617:30)
    at Module._extensions..js (node:internal/modules/cjs/loader:1159:10)
    at Object.require.extensions.<computed> [as .ts] (/Users/suvidhapatekar/Downloads/typescript-graphql-poc/node_modules/ts-node/src/index.ts:1621:12)
    at Module.load (node:internal/modules/cjs/loader:981:32)
    at Function.Module._load (node:internal/modules/cjs/loader:822:12)
    at Module.require (node:internal/modules/cjs/loader:1005:19)
2024-07-25 18:10:02 error: uncaughtException: тип Unable to compile TypeScript:
[96msrc/controllers/localJsonController.ts[0m:[93m18[0m:[93m11[0m - [91merror[0m[90m TS1005: [0m',' expected.

[7m18[0m           return
[7m  [0m [91m          ~~~~~~[0m
[96msrc/controllers/localJsonController.ts[0m:[93m19[0m:[93m9[0m - [91merror[0m[90m TS1128: [0mDeclaration or statement expected.

[7m19[0m         )
[7m  [0m [91m        ~[0m

TSError: тип Unable to compile TypeScript:
[96msrc/controllers/localJsonController.ts[0m:[93m18[0m:[93m11[0m - [91merror[0m[90m TS1005: [0m',' expected.

[7m18[0m           return
[7m  [0m [91m          ~~~~~~[0m
[96msrc/controllers/localJsonController.ts[0m:[93m19[0m:[93m9[0m - [91merror[0m[90m TS1128: [0mDeclaration or statement expected.

[7m19[0m         )
[7m  [0m [91m        ~[0m

    at createTSError (/Users/suvidhapatekar/Downloads/typescript-graphql-poc/node_modules/ts-node/src/index.ts:859:12)
    at reportTSError (/Users/suvidhapatekar/Downloads/typescript-graphql-poc/node_modules/ts-node/src/index.ts:863:19)
    at /Users/suvidhapatekar/Downloads/typescript-graphql-poc/node_modules/ts-node/src/index.ts:1379:34
    at Object.compile (/Users/suvidhapatekar/Downloads/typescript-graphql-poc/node_modules/ts-node/src/index.ts:1458:13)
    at Module.m._compile (/Users/suvidhapatekar/Downloads/typescript-graphql-poc/node_modules/ts-node/src/index.ts:1617:30)
    at Module._extensions..js (node:internal/modules/cjs/loader:1159:10)
    at Object.require.extensions.<computed> [as .ts] (/Users/suvidhapatekar/Downloads/typescript-graphql-poc/node_modules/ts-node/src/index.ts:1621:12)
    at Module.load (node:internal/modules/cjs/loader:981:32)
    at Function.Module._load (node:internal/modules/cjs/loader:822:12)
    at Module.require (node:internal/modules/cjs/loader:1005:19)
2024-07-25 18:10:03 error: uncaughtException: тип Unable to compile TypeScript:
[96msrc/controllers/localJsonController.ts[0m:[93m18[0m:[93m11[0m - [91merror[0m[90m TS1005: [0m',' expected.

[7m18[0m           res.status(200).json({
[7m  [0m [91m          ~~~[0m
[96msrc/controllers/localJsonController.ts[0m:[93m20[0m:[93m13[0m - [91merror[0m[90m TS1005: [0m')' expected.

[7m20[0m           });
[7m  [0m [91m            ~[0m
[96msrc/controllers/localJsonController.ts[0m:[93m21[0m:[93m9[0m - [91merror[0m[90m TS1128: [0mDeclaration or statement expected.

[7m21[0m         )
[7m  [0m [91m        ~[0m

TSError: тип Unable to compile TypeScript:
[96msrc/controllers/localJsonController.ts[0m:[93m18[0m:[93m11[0m - [91merror[0m[90m TS1005: [0m',' expected.

[7m18[0m           res.status(200).json({
[7m  [0m [91m          ~~~[0m
[96msrc/controllers/localJsonController.ts[0m:[93m20[0m:[93m13[0m - [91merror[0m[90m TS1005: [0m')' expected.

[7m20[0m           });
[7m  [0m [91m            ~[0m
[96msrc/controllers/localJsonController.ts[0m:[93m21[0m:[93m9[0m - [91merror[0m[90m TS1128: [0mDeclaration or statement expected.

[7m21[0m         )
[7m  [0m [91m        ~[0m

    at createTSError (/Users/suvidhapatekar/Downloads/typescript-graphql-poc/node_modules/ts-node/src/index.ts:859:12)
    at reportTSError (/Users/suvidhapatekar/Downloads/typescript-graphql-poc/node_modules/ts-node/src/index.ts:863:19)
    at /Users/suvidhapatekar/Downloads/typescript-graphql-poc/node_modules/ts-node/src/index.ts:1379:34
    at Object.compile (/Users/suvidhapatekar/Downloads/typescript-graphql-poc/node_modules/ts-node/src/index.ts:1458:13)
    at Module.m._compile (/Users/suvidhapatekar/Downloads/typescript-graphql-poc/node_modules/ts-node/src/index.ts:1617:30)
    at Module._extensions..js (node:internal/modules/cjs/loader:1159:10)
    at Object.require.extensions.<computed> [as .ts] (/Users/suvidhapatekar/Downloads/typescript-graphql-poc/node_modules/ts-node/src/index.ts:1621:12)
    at Module.load (node:internal/modules/cjs/loader:981:32)
    at Function.Module._load (node:internal/modules/cjs/loader:822:12)
    at Module.require (node:internal/modules/cjs/loader:1005:19)
2024-07-25 18:10:03 error: uncaughtException: тип Unable to compile TypeScript:
[96msrc/controllers/localJsonController.ts[0m:[93m18[0m:[93m11[0m - [91merror[0m[90m TS1005: [0m',' expected.

[7m18[0m           res.status(200).json({
[7m  [0m [91m          ~~~[0m
[96msrc/controllers/localJsonController.ts[0m:[93m20[0m:[93m13[0m - [91merror[0m[90m TS1005: [0m')' expected.

[7m20[0m           });
[7m  [0m [91m            ~[0m
[96msrc/controllers/localJsonController.ts[0m:[93m21[0m:[93m9[0m - [91merror[0m[90m TS1128: [0mDeclaration or statement expected.

[7m21[0m         )
[7m  [0m [91m        ~[0m

TSError: тип Unable to compile TypeScript:
[96msrc/controllers/localJsonController.ts[0m:[93m18[0m:[93m11[0m - [91merror[0m[90m TS1005: [0m',' expected.

[7m18[0m           res.status(200).json({
[7m  [0m [91m          ~~~[0m
[96msrc/controllers/localJsonController.ts[0m:[93m20[0m:[93m13[0m - [91merror[0m[90m TS1005: [0m')' expected.

[7m20[0m           });
[7m  [0m [91m            ~[0m
[96msrc/controllers/localJsonController.ts[0m:[93m21[0m:[93m9[0m - [91merror[0m[90m TS1128: [0mDeclaration or statement expected.

[7m21[0m         )
[7m  [0m [91m        ~[0m

    at createTSError (/Users/suvidhapatekar/Downloads/typescript-graphql-poc/node_modules/ts-node/src/index.ts:859:12)
    at reportTSError (/Users/suvidhapatekar/Downloads/typescript-graphql-poc/node_modules/ts-node/src/index.ts:863:19)
    at /Users/suvidhapatekar/Downloads/typescript-graphql-poc/node_modules/ts-node/src/index.ts:1379:34
    at Object.compile (/Users/suvidhapatekar/Downloads/typescript-graphql-poc/node_modules/ts-node/src/index.ts:1458:13)
    at Module.m._compile (/Users/suvidhapatekar/Downloads/typescript-graphql-poc/node_modules/ts-node/src/index.ts:1617:30)
    at Module._extensions..js (node:internal/modules/cjs/loader:1159:10)
    at Object.require.extensions.<computed> [as .ts] (/Users/suvidhapatekar/Downloads/typescript-graphql-poc/node_modules/ts-node/src/index.ts:1621:12)
    at Module.load (node:internal/modules/cjs/loader:981:32)
    at Function.Module._load (node:internal/modules/cjs/loader:822:12)
    at Module.require (node:internal/modules/cjs/loader:1005:19)
2024-07-25 18:10:06 error: uncaughtException: тип Unable to compile TypeScript:
[96msrc/controllers/localJsonController.ts[0m:[93m18[0m:[93m11[0m - [91merror[0m[90m TS1005: [0m',' expected.

[7m18[0m           return res.status(200).json({
[7m  [0m [91m          ~~~~~~[0m
[96msrc/controllers/localJsonController.ts[0m:[93m21[0m:[93m9[0m - [91merror[0m[90m TS1128: [0mDeclaration or statement expected.

[7m21[0m         )
[7m  [0m [91m        ~[0m

TSError: тип Unable to compile TypeScript:
[96msrc/controllers/localJsonController.ts[0m:[93m18[0m:[93m11[0m - [91merror[0m[90m TS1005: [0m',' expected.

[7m18[0m           return res.status(200).json({
[7m  [0m [91m          ~~~~~~[0m
[96msrc/controllers/localJsonController.ts[0m:[93m21[0m:[93m9[0m - [91merror[0m[90m TS1128: [0mDeclaration or statement expected.

[7m21[0m         )
[7m  [0m [91m        ~[0m

    at createTSError (/Users/suvidhapatekar/Downloads/typescript-graphql-poc/node_modules/ts-node/src/index.ts:859:12)
    at reportTSError (/Users/suvidhapatekar/Downloads/typescript-graphql-poc/node_modules/ts-node/src/index.ts:863:19)
    at /Users/suvidhapatekar/Downloads/typescript-graphql-poc/node_modules/ts-node/src/index.ts:1379:34
    at Object.compile (/Users/suvidhapatekar/Downloads/typescript-graphql-poc/node_modules/ts-node/src/index.ts:1458:13)
    at Module.m._compile (/Users/suvidhapatekar/Downloads/typescript-graphql-poc/node_modules/ts-node/src/index.ts:1617:30)
    at Module._extensions..js (node:internal/modules/cjs/loader:1159:10)
    at Object.require.extensions.<computed> [as .ts] (/Users/suvidhapatekar/Downloads/typescript-graphql-poc/node_modules/ts-node/src/index.ts:1621:12)
    at Module.load (node:internal/modules/cjs/loader:981:32)
    at Function.Module._load (node:internal/modules/cjs/loader:822:12)
    at Module.require (node:internal/modules/cjs/loader:1005:19)
2024-07-25 18:10:06 error: uncaughtException: тип Unable to compile TypeScript:
[96msrc/controllers/localJsonController.ts[0m:[93m18[0m:[93m11[0m - [91merror[0m[90m TS1005: [0m',' expected.

[7m18[0m           return res.status(200).json({
[7m  [0m [91m          ~~~~~~[0m
[96msrc/controllers/localJsonController.ts[0m:[93m21[0m:[93m9[0m - [91merror[0m[90m TS1128: [0mDeclaration or statement expected.

[7m21[0m         )
[7m  [0m [91m        ~[0m

TSError: тип Unable to compile TypeScript:
[96msrc/controllers/localJsonController.ts[0m:[93m18[0m:[93m11[0m - [91merror[0m[90m TS1005: [0m',' expected.

[7m18[0m           return res.status(200).json({
[7m  [0m [91m          ~~~~~~[0m
[96msrc/controllers/localJsonController.ts[0m:[93m21[0m:[93m9[0m - [91merror[0m[90m TS1128: [0mDeclaration or statement expected.

[7m21[0m         )
[7m  [0m [91m        ~[0m

    at createTSError (/Users/suvidhapatekar/Downloads/typescript-graphql-poc/node_modules/ts-node/src/index.ts:859:12)
    at reportTSError (/Users/suvidhapatekar/Downloads/typescript-graphql-poc/node_modules/ts-node/src/index.ts:863:19)
    at /Users/suvidhapatekar/Downloads/typescript-graphql-poc/node_modules/ts-node/src/index.ts:1379:34
    at Object.compile (/Users/suvidhapatekar/Downloads/typescript-graphql-poc/node_modules/ts-node/src/index.ts:1458:13)
    at Module.m._compile (/Users/suvidhapatekar/Downloads/typescript-graphql-poc/node_modules/ts-node/src/index.ts:1617:30)
    at Module._extensions..js (node:internal/modules/cjs/loader:1159:10)
    at Object.require.extensions.<computed> [as .ts] (/Users/suvidhapatekar/Downloads/typescript-graphql-poc/node_modules/ts-node/src/index.ts:1621:12)
    at Module.load (node:internal/modules/cjs/loader:981:32)
    at Function.Module._load (node:internal/modules/cjs/loader:822:12)
    at Module.require (node:internal/modules/cjs/loader:1005:19)
2024-07-25 18:10:09 error: uncaughtException: тип Unable to compile TypeScript:
[96msrc/controllers/localJsonController.ts[0m:[93m21[0m:[93m9[0m - [91merror[0m[90m TS1128: [0mDeclaration or statement expected.

[7m21[0m         )
[7m  [0m [91m        ~[0m

TSError: тип Unable to compile TypeScript:
[96msrc/controllers/localJsonController.ts[0m:[93m21[0m:[93m9[0m - [91merror[0m[90m TS1128: [0mDeclaration or statement expected.

[7m21[0m         )
[7m  [0m [91m        ~[0m

    at createTSError (/Users/suvidhapatekar/Downloads/typescript-graphql-poc/node_modules/ts-node/src/index.ts:859:12)
    at reportTSError (/Users/suvidhapatekar/Downloads/typescript-graphql-poc/node_modules/ts-node/src/index.ts:863:19)
    at /Users/suvidhapatekar/Downloads/typescript-graphql-poc/node_modules/ts-node/src/index.ts:1379:34
    at Object.compile (/Users/suvidhapatekar/Downloads/typescript-graphql-poc/node_modules/ts-node/src/index.ts:1458:13)
    at Module.m._compile (/Users/suvidhapatekar/Downloads/typescript-graphql-poc/node_modules/ts-node/src/index.ts:1617:30)
    at Module._extensions..js (node:internal/modules/cjs/loader:1159:10)
    at Object.require.extensions.<computed> [as .ts] (/Users/suvidhapatekar/Downloads/typescript-graphql-poc/node_modules/ts-node/src/index.ts:1621:12)
    at Module.load (node:internal/modules/cjs/loader:981:32)
    at Function.Module._load (node:internal/modules/cjs/loader:822:12)
    at Module.require (node:internal/modules/cjs/loader:1005:19)
2024-07-25 18:10:09 error: uncaughtException: тип Unable to compile TypeScript:
[96msrc/controllers/localJsonController.ts[0m:[93m21[0m:[93m9[0m - [91merror[0m[90m TS1128: [0mDeclaration or statement expected.

[7m21[0m         )
[7m  [0m [91m        ~[0m

TSError: тип Unable to compile TypeScript:
[96msrc/controllers/localJsonController.ts[0m:[93m21[0m:[93m9[0m - [91merror[0m[90m TS1128: [0mDeclaration or statement expected.

[7m21[0m         )
[7m  [0m [91m        ~[0m

    at createTSError (/Users/suvidhapatekar/Downloads/typescript-graphql-poc/node_modules/ts-node/src/index.ts:859:12)
    at reportTSError (/Users/suvidhapatekar/Downloads/typescript-graphql-poc/node_modules/ts-node/src/index.ts:863:19)
    at /Users/suvidhapatekar/Downloads/typescript-graphql-poc/node_modules/ts-node/src/index.ts:1379:34
    at Object.compile (/Users/suvidhapatekar/Downloads/typescript-graphql-poc/node_modules/ts-node/src/index.ts:1458:13)
    at Module.m._compile (/Users/suvidhapatekar/Downloads/typescript-graphql-poc/node_modules/ts-node/src/index.ts:1617:30)
    at Module._extensions..js (node:internal/modules/cjs/loader:1159:10)
    at Object.require.extensions.<computed> [as .ts] (/Users/suvidhapatekar/Downloads/typescript-graphql-poc/node_modules/ts-node/src/index.ts:1621:12)
    at Module.load (node:internal/modules/cjs/loader:981:32)
    at Function.Module._load (node:internal/modules/cjs/loader:822:12)
    at Module.require (node:internal/modules/cjs/loader:1005:19)
2024-07-25 18:10:12 error: uncaughtException: тип Unable to compile TypeScript:
[96msrc/controllers/localJsonController.ts[0m:[93m21[0m:[93m9[0m - [91merror[0m[90m TS1128: [0mDeclaration or statement expected.

[7m21[0m         )
[7m  [0m [91m        ~[0m

TSError: тип Unable to compile TypeScript:
[96msrc/controllers/localJsonController.ts[0m:[93m21[0m:[93m9[0m - [91merror[0m[90m TS1128: [0mDeclaration or statement expected.

[7m21[0m         )
[7m  [0m [91m        ~[0m

    at createTSError (/Users/suvidhapatekar/Downloads/typescript-graphql-poc/node_modules/ts-node/src/index.ts:859:12)
    at reportTSError (/Users/suvidhapatekar/Downloads/typescript-graphql-poc/node_modules/ts-node/src/index.ts:863:19)
    at /Users/suvidhapatekar/Downloads/typescript-graphql-poc/node_modules/ts-node/src/index.ts:1379:34
    at Object.compile (/Users/suvidhapatekar/Downloads/typescript-graphql-poc/node_modules/ts-node/src/index.ts:1458:13)
    at Module.m._compile (/Users/suvidhapatekar/Downloads/typescript-graphql-poc/node_modules/ts-node/src/index.ts:1617:30)
    at Module._extensions..js (node:internal/modules/cjs/loader:1159:10)
    at Object.require.extensions.<computed> [as .ts] (/Users/suvidhapatekar/Downloads/typescript-graphql-poc/node_modules/ts-node/src/index.ts:1621:12)
    at Module.load (node:internal/modules/cjs/loader:981:32)
    at Function.Module._load (node:internal/modules/cjs/loader:822:12)
    at Module.require (node:internal/modules/cjs/loader:1005:19)
2024-07-25 18:10:12 error: uncaughtException: тип Unable to compile TypeScript:
[96msrc/controllers/localJsonController.ts[0m:[93m21[0m:[93m9[0m - [91merror[0m[90m TS1128: [0mDeclaration or statement expected.

[7m21[0m         )
[7m  [0m [91m        ~[0m

TSError: тип Unable to compile TypeScript:
[96msrc/controllers/localJsonController.ts[0m:[93m21[0m:[93m9[0m - [91merror[0m[90m TS1128: [0mDeclaration or statement expected.

[7m21[0m         )
[7m  [0m [91m        ~[0m

    at createTSError (/Users/suvidhapatekar/Downloads/typescript-graphql-poc/node_modules/ts-node/src/index.ts:859:12)
    at reportTSError (/Users/suvidhapatekar/Downloads/typescript-graphql-poc/node_modules/ts-node/src/index.ts:863:19)
    at /Users/suvidhapatekar/Downloads/typescript-graphql-poc/node_modules/ts-node/src/index.ts:1379:34
    at Object.compile (/Users/suvidhapatekar/Downloads/typescript-graphql-poc/node_modules/ts-node/src/index.ts:1458:13)
    at Module.m._compile (/Users/suvidhapatekar/Downloads/typescript-graphql-poc/node_modules/ts-node/src/index.ts:1617:30)
    at Module._extensions..js (node:internal/modules/cjs/loader:1159:10)
    at Object.require.extensions.<computed> [as .ts] (/Users/suvidhapatekar/Downloads/typescript-graphql-poc/node_modules/ts-node/src/index.ts:1621:12)
    at Module.load (node:internal/modules/cjs/loader:981:32)
    at Function.Module._load (node:internal/modules/cjs/loader:822:12)
    at Module.require (node:internal/modules/cjs/loader:1005:19)
2024-07-25 18:10:17 error: uncaughtException: listen EADDRINUSE: address already in use :::3001
Error: listen EADDRINUSE: address already in use :::3001
    at Server.setupListenHandle [as _listen2] (node:net:1372:16)
    at listenInCluster (node:net:1420:12)
    at Server.listen (node:net:1508:7)
    at Function.listen (/Users/suvidhapatekar/Downloads/typescript-graphql-poc/node_modules/express/lib/application.js:635:24)
    at App.listen (/Users/suvidhapatekar/Downloads/typescript-graphql-poc/src/app.ts:14:14)
    at new Server (/Users/suvidhapatekar/Downloads/typescript-graphql-poc/src/server.ts:11:14)
    at Object.<anonymous> (/Users/suvidhapatekar/Downloads/typescript-graphql-poc/src/server.ts:15:16)
    at Module._compile (node:internal/modules/cjs/loader:1105:14)
    at Module.m._compile (/Users/suvidhapatekar/Downloads/typescript-graphql-poc/node_modules/ts-node/src/index.ts:1618:23)
    at Module._extensions..js (node:internal/modules/cjs/loader:1159:10)
2024-07-25 18:10:24 error: uncaughtException: listen EADDRINUSE: address already in use :::3001
Error: listen EADDRINUSE: address already in use :::3001
    at Server.setupListenHandle [as _listen2] (node:net:1372:16)
    at listenInCluster (node:net:1420:12)
    at Server.listen (node:net:1508:7)
    at Function.listen (/Users/suvidhapatekar/Downloads/typescript-graphql-poc/node_modules/express/lib/application.js:635:24)
    at App.listen (/Users/suvidhapatekar/Downloads/typescript-graphql-poc/src/app.ts:14:14)
    at new Server (/Users/suvidhapatekar/Downloads/typescript-graphql-poc/src/server.ts:11:14)
    at Object.<anonymous> (/Users/suvidhapatekar/Downloads/typescript-graphql-poc/src/server.ts:15:16)
    at Module._compile (node:internal/modules/cjs/loader:1105:14)
    at Module.m._compile (/Users/suvidhapatekar/Downloads/typescript-graphql-poc/node_modules/ts-node/src/index.ts:1618:23)
    at Module._extensions..js (node:internal/modules/cjs/loader:1159:10)
2024-07-25 18:10:30 error: uncaughtException: listen EADDRINUSE: address already in use :::3001
Error: listen EADDRINUSE: address already in use :::3001
    at Server.setupListenHandle [as _listen2] (node:net:1372:16)
    at listenInCluster (node:net:1420:12)
    at Server.listen (node:net:1508:7)
    at Function.listen (/Users/suvidhapatekar/Downloads/typescript-graphql-poc/node_modules/express/lib/application.js:635:24)
    at App.listen (/Users/suvidhapatekar/Downloads/typescript-graphql-poc/src/app.ts:14:14)
    at new Server (/Users/suvidhapatekar/Downloads/typescript-graphql-poc/src/server.ts:11:14)
    at Object.<anonymous> (/Users/suvidhapatekar/Downloads/typescript-graphql-poc/src/server.ts:15:16)
    at Module._compile (node:internal/modules/cjs/loader:1105:14)
    at Module.m._compile (/Users/suvidhapatekar/Downloads/typescript-graphql-poc/node_modules/ts-node/src/index.ts:1618:23)
    at Module._extensions..js (node:internal/modules/cjs/loader:1159:10)
2024-07-25 18:10:34 error: uncaughtException: listen EADDRINUSE: address already in use :::3001
Error: listen EADDRINUSE: address already in use :::3001
    at Server.setupListenHandle [as _listen2] (node:net:1372:16)
    at listenInCluster (node:net:1420:12)
    at Server.listen (node:net:1508:7)
    at Function.listen (/Users/suvidhapatekar/Downloads/typescript-graphql-poc/node_modules/express/lib/application.js:635:24)
    at App.listen (/Users/suvidhapatekar/Downloads/typescript-graphql-poc/src/app.ts:14:14)
    at new Server (/Users/suvidhapatekar/Downloads/typescript-graphql-poc/src/server.ts:11:14)
    at Object.<anonymous> (/Users/suvidhapatekar/Downloads/typescript-graphql-poc/src/server.ts:15:16)
    at Module._compile (node:internal/modules/cjs/loader:1105:14)
    at Module.m._compile (/Users/suvidhapatekar/Downloads/typescript-graphql-poc/node_modules/ts-node/src/index.ts:1618:23)
    at Module._extensions..js (node:internal/modules/cjs/loader:1159:10)
2024-07-25 18:10:37 error: uncaughtException: listen EADDRINUSE: address already in use :::3001
Error: listen EADDRINUSE: address already in use :::3001
    at Server.setupListenHandle [as _listen2] (node:net:1372:16)
    at listenInCluster (node:net:1420:12)
    at Server.listen (node:net:1508:7)
    at Function.listen (/Users/suvidhapatekar/Downloads/typescript-graphql-poc/node_modules/express/lib/application.js:635:24)
    at App.listen (/Users/suvidhapatekar/Downloads/typescript-graphql-poc/src/app.ts:14:14)
    at new Server (/Users/suvidhapatekar/Downloads/typescript-graphql-poc/src/server.ts:11:14)
    at Object.<anonymous> (/Users/suvidhapatekar/Downloads/typescript-graphql-poc/src/server.ts:15:16)
    at Module._compile (node:internal/modules/cjs/loader:1105:14)
    at Module.m._compile (/Users/suvidhapatekar/Downloads/typescript-graphql-poc/node_modules/ts-node/src/index.ts:1618:23)
    at Module._extensions..js (node:internal/modules/cjs/loader:1159:10)
2024-07-25 18:10:40 error: uncaughtException: listen EADDRINUSE: address already in use :::3001
Error: listen EADDRINUSE: address already in use :::3001
    at Server.setupListenHandle [as _listen2] (node:net:1372:16)
    at listenInCluster (node:net:1420:12)
    at Server.listen (node:net:1508:7)
    at Function.listen (/Users/suvidhapatekar/Downloads/typescript-graphql-poc/node_modules/express/lib/application.js:635:24)
    at App.listen (/Users/suvidhapatekar/Downloads/typescript-graphql-poc/src/app.ts:14:14)
    at new Server (/Users/suvidhapatekar/Downloads/typescript-graphql-poc/src/server.ts:11:14)
    at Object.<anonymous> (/Users/suvidhapatekar/Downloads/typescript-graphql-poc/src/server.ts:15:16)
    at Module._compile (node:internal/modules/cjs/loader:1105:14)
    at Module.m._compile (/Users/suvidhapatekar/Downloads/typescript-graphql-poc/node_modules/ts-node/src/index.ts:1618:23)
    at Module._extensions..js (node:internal/modules/cjs/loader:1159:10)
2024-07-25 18:10:46 error: uncaughtException: listen EADDRINUSE: address already in use :::3001
Error: listen EADDRINUSE: address already in use :::3001
    at Server.setupListenHandle [as _listen2] (node:net:1372:16)
    at listenInCluster (node:net:1420:12)
    at Server.listen (node:net:1508:7)
    at Function.listen (/Users/suvidhapatekar/Downloads/typescript-graphql-poc/node_modules/express/lib/application.js:635:24)
    at App.listen (/Users/suvidhapatekar/Downloads/typescript-graphql-poc/src/app.ts:14:14)
    at new Server (/Users/suvidhapatekar/Downloads/typescript-graphql-poc/src/server.ts:11:14)
    at Object.<anonymous> (/Users/suvidhapatekar/Downloads/typescript-graphql-poc/src/server.ts:15:16)
    at Module._compile (node:internal/modules/cjs/loader:1105:14)
    at Module.m._compile (/Users/suvidhapatekar/Downloads/typescript-graphql-poc/node_modules/ts-node/src/index.ts:1618:23)
    at Module._extensions..js (node:internal/modules/cjs/loader:1159:10)
2024-07-25 18:11:01 error: uncaughtException: listen EADDRINUSE: address already in use :::3001
Error: listen EADDRINUSE: address already in use :::3001
    at Server.setupListenHandle [as _listen2] (node:net:1372:16)
    at listenInCluster (node:net:1420:12)
    at Server.listen (node:net:1508:7)
    at Function.listen (/Users/suvidhapatekar/Downloads/typescript-graphql-poc/node_modules/express/lib/application.js:635:24)
    at App.listen (/Users/suvidhapatekar/Downloads/typescript-graphql-poc/src/app.ts:14:14)
    at new Server (/Users/suvidhapatekar/Downloads/typescript-graphql-poc/src/server.ts:11:14)
    at Object.<anonymous> (/Users/suvidhapatekar/Downloads/typescript-graphql-poc/src/server.ts:15:16)
    at Module._compile (node:internal/modules/cjs/loader:1105:14)
    at Module.m._compile (/Users/suvidhapatekar/Downloads/typescript-graphql-poc/node_modules/ts-node/src/index.ts:1618:23)
    at Module._extensions..js (node:internal/modules/cjs/loader:1159:10)
2024-07-25 18:11:04 error: uncaughtException: listen EADDRINUSE: address already in use :::3001
Error: listen EADDRINUSE: address already in use :::3001
    at Server.setupListenHandle [as _listen2] (node:net:1372:16)
    at listenInCluster (node:net:1420:12)
    at Server.listen (node:net:1508:7)
    at Function.listen (/Users/suvidhapatekar/Downloads/typescript-graphql-poc/node_modules/express/lib/application.js:635:24)
    at App.listen (/Users/suvidhapatekar/Downloads/typescript-graphql-poc/src/app.ts:14:14)
    at new Server (/Users/suvidhapatekar/Downloads/typescript-graphql-poc/src/server.ts:11:14)
    at Object.<anonymous> (/Users/suvidhapatekar/Downloads/typescript-graphql-poc/src/server.ts:15:16)
    at Module._compile (node:internal/modules/cjs/loader:1105:14)
    at Module.m._compile (/Users/suvidhapatekar/Downloads/typescript-graphql-poc/node_modules/ts-node/src/index.ts:1618:23)
    at Module._extensions..js (node:internal/modules/cjs/loader:1159:10)
2024-07-25 18:11:20 error: uncaughtException: listen EADDRINUSE: address already in use :::3001
Error: listen EADDRINUSE: address already in use :::3001
    at Server.setupListenHandle [as _listen2] (node:net:1372:16)
    at listenInCluster (node:net:1420:12)
    at Server.listen (node:net:1508:7)
    at Function.listen (/Users/suvidhapatekar/Downloads/typescript-graphql-poc/node_modules/express/lib/application.js:635:24)
    at App.listen (/Users/suvidhapatekar/Downloads/typescript-graphql-poc/src/app.ts:14:14)
    at new Server (/Users/suvidhapatekar/Downloads/typescript-graphql-poc/src/server.ts:11:14)
    at Object.<anonymous> (/Users/suvidhapatekar/Downloads/typescript-graphql-poc/src/server.ts:15:16)
    at Module._compile (node:internal/modules/cjs/loader:1105:14)
    at Module.m._compile (/Users/suvidhapatekar/Downloads/typescript-graphql-poc/node_modules/ts-node/src/index.ts:1618:23)
    at Module._extensions..js (node:internal/modules/cjs/loader:1159:10)
2024-07-25 18:11:22 error: uncaughtException: listen EADDRINUSE: address already in use :::3001
Error: listen EADDRINUSE: address already in use :::3001
    at Server.setupListenHandle [as _listen2] (node:net:1372:16)
    at listenInCluster (node:net:1420:12)
    at Server.listen (node:net:1508:7)
    at Function.listen (/Users/suvidhapatekar/Downloads/typescript-graphql-poc/node_modules/express/lib/application.js:635:24)
    at App.listen (/Users/suvidhapatekar/Downloads/typescript-graphql-poc/src/app.ts:14:14)
    at new Server (/Users/suvidhapatekar/Downloads/typescript-graphql-poc/src/server.ts:11:14)
    at Object.<anonymous> (/Users/suvidhapatekar/Downloads/typescript-graphql-poc/src/server.ts:15:16)
    at Module._compile (node:internal/modules/cjs/loader:1105:14)
    at Module.m._compile (/Users/suvidhapatekar/Downloads/typescript-graphql-poc/node_modules/ts-node/src/index.ts:1618:23)
    at Module._extensions..js (node:internal/modules/cjs/loader:1159:10)
2024-07-25 18:11:23 error: uncaughtException: listen EADDRINUSE: address already in use :::3001
Error: listen EADDRINUSE: address already in use :::3001
    at Server.setupListenHandle [as _listen2] (node:net:1372:16)
    at listenInCluster (node:net:1420:12)
    at Server.listen (node:net:1508:7)
    at Function.listen (/Users/suvidhapatekar/Downloads/typescript-graphql-poc/node_modules/express/lib/application.js:635:24)
    at App.listen (/Users/suvidhapatekar/Downloads/typescript-graphql-poc/src/app.ts:14:14)
    at new Server (/Users/suvidhapatekar/Downloads/typescript-graphql-poc/src/server.ts:11:14)
    at Object.<anonymous> (/Users/suvidhapatekar/Downloads/typescript-graphql-poc/src/server.ts:15:16)
    at Module._compile (node:internal/modules/cjs/loader:1105:14)
    at Module.m._compile (/Users/suvidhapatekar/Downloads/typescript-graphql-poc/node_modules/ts-node/src/index.ts:1618:23)
    at Module._extensions..js (node:internal/modules/cjs/loader:1159:10)
2024-07-25 18:13:30 error: uncaughtException: listen EADDRINUSE: address already in use :::3001
Error: listen EADDRINUSE: address already in use :::3001
    at Server.setupListenHandle [as _listen2] (node:net:1372:16)
    at listenInCluster (node:net:1420:12)
    at Server.listen (node:net:1508:7)
    at Function.listen (/Users/suvidhapatekar/Downloads/typescript-graphql-poc/node_modules/express/lib/application.js:635:24)
    at App.listen (/Users/suvidhapatekar/Downloads/typescript-graphql-poc/src/app.ts:14:14)
    at new Server (/Users/suvidhapatekar/Downloads/typescript-graphql-poc/src/server.ts:11:14)
    at Object.<anonymous> (/Users/suvidhapatekar/Downloads/typescript-graphql-poc/src/server.ts:15:16)
    at Module._compile (node:internal/modules/cjs/loader:1105:14)
    at Module.m._compile (/Users/suvidhapatekar/Downloads/typescript-graphql-poc/node_modules/ts-node/src/index.ts:1618:23)
    at Module._extensions..js (node:internal/modules/cjs/loader:1159:10)
2024-07-25 18:13:42 error: uncaughtException: listen EADDRINUSE: address already in use :::3001
Error: listen EADDRINUSE: address already in use :::3001
    at Server.setupListenHandle [as _listen2] (node:net:1372:16)
    at listenInCluster (node:net:1420:12)
    at Server.listen (node:net:1508:7)
    at Function.listen (/Users/suvidhapatekar/Downloads/typescript-graphql-poc/node_modules/express/lib/application.js:635:24)
    at App.listen (/Users/suvidhapatekar/Downloads/typescript-graphql-poc/src/app.ts:14:14)
    at new Server (/Users/suvidhapatekar/Downloads/typescript-graphql-poc/src/server.ts:11:14)
    at Object.<anonymous> (/Users/suvidhapatekar/Downloads/typescript-graphql-poc/src/server.ts:15:16)
    at Module._compile (node:internal/modules/cjs/loader:1105:14)
    at Module.m._compile (/Users/suvidhapatekar/Downloads/typescript-graphql-poc/node_modules/ts-node/src/index.ts:1618:23)
    at Module._extensions..js (node:internal/modules/cjs/loader:1159:10)
2024-07-25 19:35:44 error: uncaughtException: listen EADDRINUSE: address already in use :::3001
Error: listen EADDRINUSE: address already in use :::3001
    at Server.setupListenHandle [as _listen2] (node:net:1372:16)
    at listenInCluster (node:net:1420:12)
    at Server.listen (node:net:1508:7)
    at Function.listen (/Users/suvidhapatekar/Downloads/typescript-graphql-poc/node_modules/express/lib/application.js:635:24)
    at App.listen (/Users/suvidhapatekar/Downloads/typescript-graphql-poc/src/app.ts:14:14)
    at new Server (/Users/suvidhapatekar/Downloads/typescript-graphql-poc/src/server.ts:11:14)
    at Object.<anonymous> (/Users/suvidhapatekar/Downloads/typescript-graphql-poc/src/server.ts:15:16)
    at Module._compile (node:internal/modules/cjs/loader:1105:14)
    at Module.m._compile (/Users/suvidhapatekar/Downloads/typescript-graphql-poc/node_modules/ts-node/src/index.ts:1618:23)
    at Module._extensions..js (node:internal/modules/cjs/loader:1159:10)
2024-07-25 19:35:45 error: uncaughtException: listen EADDRINUSE: address already in use :::3001
Error: listen EADDRINUSE: address already in use :::3001
    at Server.setupListenHandle [as _listen2] (node:net:1372:16)
    at listenInCluster (node:net:1420:12)
    at Server.listen (node:net:1508:7)
    at Function.listen (/Users/suvidhapatekar/Downloads/typescript-graphql-poc/node_modules/express/lib/application.js:635:24)
    at App.listen (/Users/suvidhapatekar/Downloads/typescript-graphql-poc/src/app.ts:14:14)
    at new Server (/Users/suvidhapatekar/Downloads/typescript-graphql-poc/src/server.ts:11:14)
    at Object.<anonymous> (/Users/suvidhapatekar/Downloads/typescript-graphql-poc/src/server.ts:15:16)
    at Module._compile (node:internal/modules/cjs/loader:1105:14)
    at Module.m._compile (/Users/suvidhapatekar/Downloads/typescript-graphql-poc/node_modules/ts-node/src/index.ts:1618:23)
    at Module._extensions..js (node:internal/modules/cjs/loader:1159:10)
2024-07-25 19:35:51 error: uncaughtException: listen EADDRINUSE: address already in use :::3001
Error: listen EADDRINUSE: address already in use :::3001
    at Server.setupListenHandle [as _listen2] (node:net:1372:16)
    at listenInCluster (node:net:1420:12)
    at Server.listen (node:net:1508:7)
    at Function.listen (/Users/suvidhapatekar/Downloads/typescript-graphql-poc/node_modules/express/lib/application.js:635:24)
    at App.listen (/Users/suvidhapatekar/Downloads/typescript-graphql-poc/src/app.ts:14:14)
    at new Server (/Users/suvidhapatekar/Downloads/typescript-graphql-poc/src/server.ts:11:14)
    at Object.<anonymous> (/Users/suvidhapatekar/Downloads/typescript-graphql-poc/src/server.ts:15:16)
    at Module._compile (node:internal/modules/cjs/loader:1105:14)
    at Module.m._compile (/Users/suvidhapatekar/Downloads/typescript-graphql-poc/node_modules/ts-node/src/index.ts:1618:23)
    at Module._extensions..js (node:internal/modules/cjs/loader:1159:10)
2024-07-25 19:35:51 error: uncaughtException: listen EADDRINUSE: address already in use :::3001
Error: listen EADDRINUSE: address already in use :::3001
    at Server.setupListenHandle [as _listen2] (node:net:1372:16)
    at listenInCluster (node:net:1420:12)
    at Server.listen (node:net:1508:7)
    at Function.listen (/Users/suvidhapatekar/Downloads/typescript-graphql-poc/node_modules/express/lib/application.js:635:24)
    at App.listen (/Users/suvidhapatekar/Downloads/typescript-graphql-poc/src/app.ts:14:14)
    at new Server (/Users/suvidhapatekar/Downloads/typescript-graphql-poc/src/server.ts:11:14)
    at Object.<anonymous> (/Users/suvidhapatekar/Downloads/typescript-graphql-poc/src/server.ts:15:16)
    at Module._compile (node:internal/modules/cjs/loader:1105:14)
    at Module.m._compile (/Users/suvidhapatekar/Downloads/typescript-graphql-poc/node_modules/ts-node/src/index.ts:1618:23)
    at Module._extensions..js (node:internal/modules/cjs/loader:1159:10)
2024-07-25 19:54:08 error: uncaughtException: prakshth is not defined
ReferenceError: prakshth is not defined
    at new PrashthInternal (/Users/suvidhapatekar/Downloads/typescript-graphql-poc/src/http/prashth.http.ts:5:29)
    at new ProductService (/Users/suvidhapatekar/Downloads/typescript-graphql-poc/src/services/product.service.ts:5:30)
    at new LocalJsonController (/Users/suvidhapatekar/Downloads/typescript-graphql-poc/src/controllers/localJsonController.ts:8:30)
    at new ExternalRoute (/Users/suvidhapatekar/Downloads/typescript-graphql-poc/src/routes/external.route.ts:9:33)
    at new Server (/Users/suvidhapatekar/Downloads/typescript-graphql-poc/src/server.ts:10:43)
    at Object.<anonymous> (/Users/suvidhapatekar/Downloads/typescript-graphql-poc/src/server.ts:15:16)
    at Module._compile (node:internal/modules/cjs/loader:1105:14)
    at Module.m._compile (/Users/suvidhapatekar/Downloads/typescript-graphql-poc/node_modules/ts-node/src/index.ts:1618:23)
    at Module._extensions..js (node:internal/modules/cjs/loader:1159:10)
    at Object.require.extensions.<computed> [as .ts] (/Users/suvidhapatekar/Downloads/typescript-graphql-poc/node_modules/ts-node/src/index.ts:1621:12)
2024-07-25 19:54:08 error: uncaughtException: prakshth is not defined
ReferenceError: prakshth is not defined
    at new PrashthInternal (/Users/suvidhapatekar/Downloads/typescript-graphql-poc/src/http/prashth.http.ts:5:29)
    at new ProductService (/Users/suvidhapatekar/Downloads/typescript-graphql-poc/src/services/product.service.ts:5:30)
    at new LocalJsonController (/Users/suvidhapatekar/Downloads/typescript-graphql-poc/src/controllers/localJsonController.ts:8:30)
    at new ExternalRoute (/Users/suvidhapatekar/Downloads/typescript-graphql-poc/src/routes/external.route.ts:9:33)
    at new Server (/Users/suvidhapatekar/Downloads/typescript-graphql-poc/src/server.ts:10:43)
    at Object.<anonymous> (/Users/suvidhapatekar/Downloads/typescript-graphql-poc/src/server.ts:15:16)
    at Module._compile (node:internal/modules/cjs/loader:1105:14)
    at Module.m._compile (/Users/suvidhapatekar/Downloads/typescript-graphql-poc/node_modules/ts-node/src/index.ts:1618:23)
    at Module._extensions..js (node:internal/modules/cjs/loader:1159:10)
    at Object.require.extensions.<computed> [as .ts] (/Users/suvidhapatekar/Downloads/typescript-graphql-poc/node_modules/ts-node/src/index.ts:1621:12)
2024-07-25 19:54:22 error: uncaughtException: listen EADDRINUSE: address already in use :::3001
Error: listen EADDRINUSE: address already in use :::3001
    at Server.setupListenHandle [as _listen2] (node:net:1372:16)
    at listenInCluster (node:net:1420:12)
    at Server.listen (node:net:1508:7)
    at Function.listen (/Users/suvidhapatekar/Downloads/typescript-graphql-poc/node_modules/express/lib/application.js:635:24)
    at App.listen (/Users/suvidhapatekar/Downloads/typescript-graphql-poc/src/app.ts:14:14)
    at new Server (/Users/suvidhapatekar/Downloads/typescript-graphql-poc/src/server.ts:11:14)
    at Object.<anonymous> (/Users/suvidhapatekar/Downloads/typescript-graphql-poc/src/server.ts:15:16)
    at Module._compile (node:internal/modules/cjs/loader:1105:14)
    at Module.m._compile (/Users/suvidhapatekar/Downloads/typescript-graphql-poc/node_modules/ts-node/src/index.ts:1618:23)
    at Module._extensions..js (node:internal/modules/cjs/loader:1159:10)
