2024-07-30 11:12:34 error: uncaughtException: тип Unable to compile TypeScript:
[96msrc/controllers/localJsonController.ts[0m:[93m18[0m:[93m34[0m - [91merror[0m[90m TS1003: [0mIdentifier expected.

[7m18[0m             jsonData.args.values.
[7m  [0m [91m                                 [0m

TSError: тип Unable to compile TypeScript:
[96msrc/controllers/localJsonController.ts[0m:[93m18[0m:[93m34[0m - [91merror[0m[90m TS1003: [0mIdentifier expected.

[7m18[0m             jsonData.args.values.
[7m  [0m [91m                                 [0m

    at createTSError (/Users/suvidhapatekar/Downloads/typescript-graphql-poc/node_modules/ts-node/src/index.ts:859:12)
    at reportTSError (/Users/suvidhapatekar/Downloads/typescript-graphql-poc/node_modules/ts-node/src/index.ts:863:19)
    at /Users/suvidhapatekar/Downloads/typescript-graphql-poc/node_modules/ts-node/src/index.ts:1379:34
    at Object.compile (/Users/suvidhapatekar/Downloads/typescript-graphql-poc/node_modules/ts-node/src/index.ts:1458:13)
    at Module.m._compile (/Users/suvidhapatekar/Downloads/typescript-graphql-poc/node_modules/ts-node/src/index.ts:1617:30)
    at Module._extensions..js (node:internal/modules/cjs/loader:1159:10)
    at Object.require.extensions.<computed> [as .ts] (/Users/suvidhapatekar/Downloads/typescript-graphql-poc/node_modules/ts-node/src/index.ts:1621:12)
    at Module.load (node:internal/modules/cjs/loader:981:32)
    at Function.Module._load (node:internal/modules/cjs/loader:822:12)
    at Module.require (node:internal/modules/cjs/loader:1005:19)
2024-07-30 11:12:36 error: uncaughtException: тип Unable to compile TypeScript:
[96msrc/controllers/localJsonController.ts[0m:[93m18[0m:[93m34[0m - [91merror[0m[90m TS1003: [0mIdentifier expected.

[7m18[0m             jsonData.args.values.
[7m  [0m [91m                                 [0m

TSError: тип Unable to compile TypeScript:
[96msrc/controllers/localJsonController.ts[0m:[93m18[0m:[93m34[0m - [91merror[0m[90m TS1003: [0mIdentifier expected.

[7m18[0m             jsonData.args.values.
[7m  [0m [91m                                 [0m

    at createTSError (/Users/suvidhapatekar/Downloads/typescript-graphql-poc/node_modules/ts-node/src/index.ts:859:12)
    at reportTSError (/Users/suvidhapatekar/Downloads/typescript-graphql-poc/node_modules/ts-node/src/index.ts:863:19)
    at /Users/suvidhapatekar/Downloads/typescript-graphql-poc/node_modules/ts-node/src/index.ts:1379:34
    at Object.compile (/Users/suvidhapatekar/Downloads/typescript-graphql-poc/node_modules/ts-node/src/index.ts:1458:13)
    at Module.m._compile (/Users/suvidhapatekar/Downloads/typescript-graphql-poc/node_modules/ts-node/src/index.ts:1617:30)
    at Module._extensions..js (node:internal/modules/cjs/loader:1159:10)
    at Object.require.extensions.<computed> [as .ts] (/Users/suvidhapatekar/Downloads/typescript-graphql-poc/node_modules/ts-node/src/index.ts:1621:12)
    at Module.load (node:internal/modules/cjs/loader:981:32)
    at Function.Module._load (node:internal/modules/cjs/loader:822:12)
    at Module.require (node:internal/modules/cjs/loader:1005:19)
2024-07-30 11:13:06 error: uncaughtException: тип Unable to compile TypeScript:
[96msrc/controllers/localJsonController.ts[0m:[93m18[0m:[93m40[0m - [91merror[0m[90m TS1003: [0mIdentifier expected.

[7m18[0m             jsonData.args.values.child.
[7m  [0m [91m                                       [0m

TSError: тип Unable to compile TypeScript:
[96msrc/controllers/localJsonController.ts[0m:[93m18[0m:[93m40[0m - [91merror[0m[90m TS1003: [0mIdentifier expected.

[7m18[0m             jsonData.args.values.child.
[7m  [0m [91m                                       [0m

    at createTSError (/Users/suvidhapatekar/Downloads/typescript-graphql-poc/node_modules/ts-node/src/index.ts:859:12)
    at reportTSError (/Users/suvidhapatekar/Downloads/typescript-graphql-poc/node_modules/ts-node/src/index.ts:863:19)
    at /Users/suvidhapatekar/Downloads/typescript-graphql-poc/node_modules/ts-node/src/index.ts:1379:34
    at Object.compile (/Users/suvidhapatekar/Downloads/typescript-graphql-poc/node_modules/ts-node/src/index.ts:1458:13)
    at Module.m._compile (/Users/suvidhapatekar/Downloads/typescript-graphql-poc/node_modules/ts-node/src/index.ts:1617:30)
    at Module._extensions..js (node:internal/modules/cjs/loader:1159:10)
    at Object.require.extensions.<computed> [as .ts] (/Users/suvidhapatekar/Downloads/typescript-graphql-poc/node_modules/ts-node/src/index.ts:1621:12)
    at Module.load (node:internal/modules/cjs/loader:981:32)
    at Function.Module._load (node:internal/modules/cjs/loader:822:12)
    at Module.require (node:internal/modules/cjs/loader:1005:19)
2024-07-30 11:13:31 error: uncaughtException: тип Unable to compile TypeScript:
[96msrc/controllers/localJsonController.ts[0m:[93m20[0m:[93m13[0m - [91merror[0m[90m TS1109: [0mExpression expected.

[7m20[0m             return res.status(200).json({
[7m  [0m [91m            ~~~~~~[0m

TSError: тип Unable to compile TypeScript:
[96msrc/controllers/localJsonController.ts[0m:[93m20[0m:[93m13[0m - [91merror[0m[90m TS1109: [0mExpression expected.

[7m20[0m             return res.status(200).json({
[7m  [0m [91m            ~~~~~~[0m

    at createTSError (/Users/suvidhapatekar/Downloads/typescript-graphql-poc/node_modules/ts-node/src/index.ts:859:12)
    at reportTSError (/Users/suvidhapatekar/Downloads/typescript-graphql-poc/node_modules/ts-node/src/index.ts:863:19)
    at /Users/suvidhapatekar/Downloads/typescript-graphql-poc/node_modules/ts-node/src/index.ts:1379:34
    at Object.compile (/Users/suvidhapatekar/Downloads/typescript-graphql-poc/node_modules/ts-node/src/index.ts:1458:13)
    at Module.m._compile (/Users/suvidhapatekar/Downloads/typescript-graphql-poc/node_modules/ts-node/src/index.ts:1617:30)
    at Module._extensions..js (node:internal/modules/cjs/loader:1159:10)
    at Object.require.extensions.<computed> [as .ts] (/Users/suvidhapatekar/Downloads/typescript-graphql-poc/node_modules/ts-node/src/index.ts:1621:12)
    at Module.load (node:internal/modules/cjs/loader:981:32)
    at Function.Module._load (node:internal/modules/cjs/loader:822:12)
    at Module.require (node:internal/modules/cjs/loader:1005:19)
2024-07-30 11:13:32 error: uncaughtException: тип Unable to compile TypeScript:
[96msrc/controllers/localJsonController.ts[0m:[93m20[0m:[93m13[0m - [91merror[0m[90m TS1109: [0mExpression expected.

[7m20[0m             return res.status(200).json({
[7m  [0m [91m            ~~~~~~[0m

TSError: тип Unable to compile TypeScript:
[96msrc/controllers/localJsonController.ts[0m:[93m20[0m:[93m13[0m - [91merror[0m[90m TS1109: [0mExpression expected.

[7m20[0m             return res.status(200).json({
[7m  [0m [91m            ~~~~~~[0m

    at createTSError (/Users/suvidhapatekar/Downloads/typescript-graphql-poc/node_modules/ts-node/src/index.ts:859:12)
    at reportTSError (/Users/suvidhapatekar/Downloads/typescript-graphql-poc/node_modules/ts-node/src/index.ts:863:19)
    at /Users/suvidhapatekar/Downloads/typescript-graphql-poc/node_modules/ts-node/src/index.ts:1379:34
    at Object.compile (/Users/suvidhapatekar/Downloads/typescript-graphql-poc/node_modules/ts-node/src/index.ts:1458:13)
    at Module.m._compile (/Users/suvidhapatekar/Downloads/typescript-graphql-poc/node_modules/ts-node/src/index.ts:1617:30)
    at Module._extensions..js (node:internal/modules/cjs/loader:1159:10)
    at Object.require.extensions.<computed> [as .ts] (/Users/suvidhapatekar/Downloads/typescript-graphql-poc/node_modules/ts-node/src/index.ts:1621:12)
    at Module.load (node:internal/modules/cjs/loader:981:32)
    at Function.Module._load (node:internal/modules/cjs/loader:822:12)
    at Module.require (node:internal/modules/cjs/loader:1005:19)
2024-07-30 11:13:42 error: uncaughtException: тип Unable to compile TypeScript:
[96msrc/controllers/localJsonController.ts[0m:[93m20[0m:[93m13[0m - [91merror[0m[90m TS1109: [0mExpression expected.

[7m20[0m             return res.status(200).json({
[7m  [0m [91m            ~~~~~~[0m

TSError: тип Unable to compile TypeScript:
[96msrc/controllers/localJsonController.ts[0m:[93m20[0m:[93m13[0m - [91merror[0m[90m TS1109: [0mExpression expected.

[7m20[0m             return res.status(200).json({
[7m  [0m [91m            ~~~~~~[0m

    at createTSError (/Users/suvidhapatekar/Downloads/typescript-graphql-poc/node_modules/ts-node/src/index.ts:859:12)
    at reportTSError (/Users/suvidhapatekar/Downloads/typescript-graphql-poc/node_modules/ts-node/src/index.ts:863:19)
    at /Users/suvidhapatekar/Downloads/typescript-graphql-poc/node_modules/ts-node/src/index.ts:1379:34
    at Object.compile (/Users/suvidhapatekar/Downloads/typescript-graphql-poc/node_modules/ts-node/src/index.ts:1458:13)
    at Module.m._compile (/Users/suvidhapatekar/Downloads/typescript-graphql-poc/node_modules/ts-node/src/index.ts:1617:30)
    at Module._extensions..js (node:internal/modules/cjs/loader:1159:10)
    at Object.require.extensions.<computed> [as .ts] (/Users/suvidhapatekar/Downloads/typescript-graphql-poc/node_modules/ts-node/src/index.ts:1621:12)
    at Module.load (node:internal/modules/cjs/loader:981:32)
    at Function.Module._load (node:internal/modules/cjs/loader:822:12)
    at Module.require (node:internal/modules/cjs/loader:1005:19)
2024-07-30 11:13:45 error: uncaughtException: тип Unable to compile TypeScript:
[96msrc/controllers/localJsonController.ts[0m:[93m20[0m:[93m13[0m - [91merror[0m[90m TS1109: [0mExpression expected.

[7m20[0m             return res.status(200).json({
[7m  [0m [91m            ~~~~~~[0m

TSError: тип Unable to compile TypeScript:
[96msrc/controllers/localJsonController.ts[0m:[93m20[0m:[93m13[0m - [91merror[0m[90m TS1109: [0mExpression expected.

[7m20[0m             return res.status(200).json({
[7m  [0m [91m            ~~~~~~[0m

    at createTSError (/Users/suvidhapatekar/Downloads/typescript-graphql-poc/node_modules/ts-node/src/index.ts:859:12)
    at reportTSError (/Users/suvidhapatekar/Downloads/typescript-graphql-poc/node_modules/ts-node/src/index.ts:863:19)
    at /Users/suvidhapatekar/Downloads/typescript-graphql-poc/node_modules/ts-node/src/index.ts:1379:34
    at Object.compile (/Users/suvidhapatekar/Downloads/typescript-graphql-poc/node_modules/ts-node/src/index.ts:1458:13)
    at Module.m._compile (/Users/suvidhapatekar/Downloads/typescript-graphql-poc/node_modules/ts-node/src/index.ts:1617:30)
    at Module._extensions..js (node:internal/modules/cjs/loader:1159:10)
    at Object.require.extensions.<computed> [as .ts] (/Users/suvidhapatekar/Downloads/typescript-graphql-poc/node_modules/ts-node/src/index.ts:1621:12)
    at Module.load (node:internal/modules/cjs/loader:981:32)
    at Function.Module._load (node:internal/modules/cjs/loader:822:12)
    at Module.require (node:internal/modules/cjs/loader:1005:19)
2024-07-30 11:13:51 error: uncaughtException: тип Unable to compile TypeScript:
[96msrc/controllers/localJsonController.ts[0m:[93m20[0m:[93m13[0m - [91merror[0m[90m TS1109: [0mExpression expected.

[7m20[0m             return res.status(200).json({
[7m  [0m [91m            ~~~~~~[0m

TSError: тип Unable to compile TypeScript:
[96msrc/controllers/localJsonController.ts[0m:[93m20[0m:[93m13[0m - [91merror[0m[90m TS1109: [0mExpression expected.

[7m20[0m             return res.status(200).json({
[7m  [0m [91m            ~~~~~~[0m

    at createTSError (/Users/suvidhapatekar/Downloads/typescript-graphql-poc/node_modules/ts-node/src/index.ts:859:12)
    at reportTSError (/Users/suvidhapatekar/Downloads/typescript-graphql-poc/node_modules/ts-node/src/index.ts:863:19)
    at /Users/suvidhapatekar/Downloads/typescript-graphql-poc/node_modules/ts-node/src/index.ts:1379:34
    at Object.compile (/Users/suvidhapatekar/Downloads/typescript-graphql-poc/node_modules/ts-node/src/index.ts:1458:13)
    at Module.m._compile (/Users/suvidhapatekar/Downloads/typescript-graphql-poc/node_modules/ts-node/src/index.ts:1617:30)
    at Module._extensions..js (node:internal/modules/cjs/loader:1159:10)
    at Object.require.extensions.<computed> [as .ts] (/Users/suvidhapatekar/Downloads/typescript-graphql-poc/node_modules/ts-node/src/index.ts:1621:12)
    at Module.load (node:internal/modules/cjs/loader:981:32)
    at Function.Module._load (node:internal/modules/cjs/loader:822:12)
    at Module.require (node:internal/modules/cjs/loader:1005:19)
2024-07-30 11:13:56 error: uncaughtException: тип Unable to compile TypeScript:
[96msrc/controllers/localJsonController.ts[0m:[93m20[0m:[93m13[0m - [91merror[0m[90m TS1109: [0mExpression expected.

[7m20[0m             return res.status(200).json({
[7m  [0m [91m            ~~~~~~[0m

TSError: тип Unable to compile TypeScript:
[96msrc/controllers/localJsonController.ts[0m:[93m20[0m:[93m13[0m - [91merror[0m[90m TS1109: [0mExpression expected.

[7m20[0m             return res.status(200).json({
[7m  [0m [91m            ~~~~~~[0m

    at createTSError (/Users/suvidhapatekar/Downloads/typescript-graphql-poc/node_modules/ts-node/src/index.ts:859:12)
    at reportTSError (/Users/suvidhapatekar/Downloads/typescript-graphql-poc/node_modules/ts-node/src/index.ts:863:19)
    at /Users/suvidhapatekar/Downloads/typescript-graphql-poc/node_modules/ts-node/src/index.ts:1379:34
    at Object.compile (/Users/suvidhapatekar/Downloads/typescript-graphql-poc/node_modules/ts-node/src/index.ts:1458:13)
    at Module.m._compile (/Users/suvidhapatekar/Downloads/typescript-graphql-poc/node_modules/ts-node/src/index.ts:1617:30)
    at Module._extensions..js (node:internal/modules/cjs/loader:1159:10)
    at Object.require.extensions.<computed> [as .ts] (/Users/suvidhapatekar/Downloads/typescript-graphql-poc/node_modules/ts-node/src/index.ts:1621:12)
    at Module.load (node:internal/modules/cjs/loader:981:32)
    at Function.Module._load (node:internal/modules/cjs/loader:822:12)
    at Module.require (node:internal/modules/cjs/loader:1005:19)
2024-07-30 11:13:58 error: uncaughtException: тип Unable to compile TypeScript:
[96msrc/controllers/localJsonController.ts[0m:[93m20[0m:[93m13[0m - [91merror[0m[90m TS1109: [0mExpression expected.

[7m20[0m             return res.status(200).json({
[7m  [0m [91m            ~~~~~~[0m

TSError: тип Unable to compile TypeScript:
[96msrc/controllers/localJsonController.ts[0m:[93m20[0m:[93m13[0m - [91merror[0m[90m TS1109: [0mExpression expected.

[7m20[0m             return res.status(200).json({
[7m  [0m [91m            ~~~~~~[0m

    at createTSError (/Users/suvidhapatekar/Downloads/typescript-graphql-poc/node_modules/ts-node/src/index.ts:859:12)
    at reportTSError (/Users/suvidhapatekar/Downloads/typescript-graphql-poc/node_modules/ts-node/src/index.ts:863:19)
    at /Users/suvidhapatekar/Downloads/typescript-graphql-poc/node_modules/ts-node/src/index.ts:1379:34
    at Object.compile (/Users/suvidhapatekar/Downloads/typescript-graphql-poc/node_modules/ts-node/src/index.ts:1458:13)
    at Module.m._compile (/Users/suvidhapatekar/Downloads/typescript-graphql-poc/node_modules/ts-node/src/index.ts:1617:30)
    at Module._extensions..js (node:internal/modules/cjs/loader:1159:10)
    at Object.require.extensions.<computed> [as .ts] (/Users/suvidhapatekar/Downloads/typescript-graphql-poc/node_modules/ts-node/src/index.ts:1621:12)
    at Module.load (node:internal/modules/cjs/loader:981:32)
    at Function.Module._load (node:internal/modules/cjs/loader:822:12)
    at Module.require (node:internal/modules/cjs/loader:1005:19)
2024-07-30 11:14:31 error: uncaughtException: тип Unable to compile TypeScript:
[96msrc/controllers/localJsonController.ts[0m:[93m20[0m:[93m13[0m - [91merror[0m[90m TS1109: [0mExpression expected.

[7m20[0m             return res.status(200).json({
[7m  [0m [91m            ~~~~~~[0m

TSError: тип Unable to compile TypeScript:
[96msrc/controllers/localJsonController.ts[0m:[93m20[0m:[93m13[0m - [91merror[0m[90m TS1109: [0mExpression expected.

[7m20[0m             return res.status(200).json({
[7m  [0m [91m            ~~~~~~[0m

    at createTSError (/Users/suvidhapatekar/Downloads/typescript-graphql-poc/node_modules/ts-node/src/index.ts:859:12)
    at reportTSError (/Users/suvidhapatekar/Downloads/typescript-graphql-poc/node_modules/ts-node/src/index.ts:863:19)
    at /Users/suvidhapatekar/Downloads/typescript-graphql-poc/node_modules/ts-node/src/index.ts:1379:34
    at Object.compile (/Users/suvidhapatekar/Downloads/typescript-graphql-poc/node_modules/ts-node/src/index.ts:1458:13)
    at Module.m._compile (/Users/suvidhapatekar/Downloads/typescript-graphql-poc/node_modules/ts-node/src/index.ts:1617:30)
    at Module._extensions..js (node:internal/modules/cjs/loader:1159:10)
    at Object.require.extensions.<computed> [as .ts] (/Users/suvidhapatekar/Downloads/typescript-graphql-poc/node_modules/ts-node/src/index.ts:1621:12)
    at Module.load (node:internal/modules/cjs/loader:981:32)
    at Function.Module._load (node:internal/modules/cjs/loader:822:12)
    at Module.require (node:internal/modules/cjs/loader:1005:19)
2024-07-30 11:14:37 error: uncaughtException: тип Unable to compile TypeScript:
[96msrc/controllers/localJsonController.ts[0m:[93m20[0m:[93m13[0m - [91merror[0m[90m TS1109: [0mExpression expected.

[7m20[0m             return res.status(200).json({
[7m  [0m [91m            ~~~~~~[0m

TSError: тип Unable to compile TypeScript:
[96msrc/controllers/localJsonController.ts[0m:[93m20[0m:[93m13[0m - [91merror[0m[90m TS1109: [0mExpression expected.

[7m20[0m             return res.status(200).json({
[7m  [0m [91m            ~~~~~~[0m

    at createTSError (/Users/suvidhapatekar/Downloads/typescript-graphql-poc/node_modules/ts-node/src/index.ts:859:12)
    at reportTSError (/Users/suvidhapatekar/Downloads/typescript-graphql-poc/node_modules/ts-node/src/index.ts:863:19)
    at /Users/suvidhapatekar/Downloads/typescript-graphql-poc/node_modules/ts-node/src/index.ts:1379:34
    at Object.compile (/Users/suvidhapatekar/Downloads/typescript-graphql-poc/node_modules/ts-node/src/index.ts:1458:13)
    at Module.m._compile (/Users/suvidhapatekar/Downloads/typescript-graphql-poc/node_modules/ts-node/src/index.ts:1617:30)
    at Module._extensions..js (node:internal/modules/cjs/loader:1159:10)
    at Object.require.extensions.<computed> [as .ts] (/Users/suvidhapatekar/Downloads/typescript-graphql-poc/node_modules/ts-node/src/index.ts:1621:12)
    at Module.load (node:internal/modules/cjs/loader:981:32)
    at Function.Module._load (node:internal/modules/cjs/loader:822:12)
    at Module.require (node:internal/modules/cjs/loader:1005:19)
2024-07-30 11:21:04 error: uncaughtException: Cannot read properties of undefined (reading 'args')
TypeError: Cannot read properties of undefined (reading 'args')
    at /Users/suvidhapatekar/Downloads/typescript-graphql-poc/src/controllers/localJsonController.ts:18:40
    at processTicksAndRejections (node:internal/process/task_queues:96:5)
2024-07-30 12:15:27 error: uncaughtException: тип Unable to compile TypeScript:
[96msrc/controllers/localJsonController.ts[0m:[93m18[0m:[93m56[0m - [91merror[0m[90m TS1003: [0mIdentifier expected.

[7m18[0m             jsonData.args.child.args.body = jsonDataUI.
[7m  [0m [91m                                                       [0m

TSError: тип Unable to compile TypeScript:
[96msrc/controllers/localJsonController.ts[0m:[93m18[0m:[93m56[0m - [91merror[0m[90m TS1003: [0mIdentifier expected.

[7m18[0m             jsonData.args.child.args.body = jsonDataUI.
[7m  [0m [91m                                                       [0m

    at createTSError (/Users/suvidhapatekar/Downloads/typescript-graphql-poc/node_modules/ts-node/src/index.ts:859:12)
    at reportTSError (/Users/suvidhapatekar/Downloads/typescript-graphql-poc/node_modules/ts-node/src/index.ts:863:19)
    at /Users/suvidhapatekar/Downloads/typescript-graphql-poc/node_modules/ts-node/src/index.ts:1379:34
    at Object.compile (/Users/suvidhapatekar/Downloads/typescript-graphql-poc/node_modules/ts-node/src/index.ts:1458:13)
    at Module.m._compile (/Users/suvidhapatekar/Downloads/typescript-graphql-poc/node_modules/ts-node/src/index.ts:1617:30)
    at Module._extensions..js (node:internal/modules/cjs/loader:1159:10)
    at Object.require.extensions.<computed> [as .ts] (/Users/suvidhapatekar/Downloads/typescript-graphql-poc/node_modules/ts-node/src/index.ts:1621:12)
    at Module.load (node:internal/modules/cjs/loader:981:32)
    at Function.Module._load (node:internal/modules/cjs/loader:822:12)
    at Module.require (node:internal/modules/cjs/loader:1005:19)
2024-07-30 12:17:56 error: uncaughtException: тип Unable to compile TypeScript:
[96msrc/controllers/localJsonController.ts[0m:[93m20[0m:[93m65[0m - [91merror[0m[90m TS1109: [0mExpression expected.

[7m20[0m             console.log(`inside getPageDetailsById jsonDataUI ${}`)
[7m  [0m [91m                                                                ~[0m

TSError: тип Unable to compile TypeScript:
[96msrc/controllers/localJsonController.ts[0m:[93m20[0m:[93m65[0m - [91merror[0m[90m TS1109: [0mExpression expected.

[7m20[0m             console.log(`inside getPageDetailsById jsonDataUI ${}`)
[7m  [0m [91m                                                                ~[0m

    at createTSError (/Users/suvidhapatekar/Downloads/typescript-graphql-poc/node_modules/ts-node/src/index.ts:859:12)
    at reportTSError (/Users/suvidhapatekar/Downloads/typescript-graphql-poc/node_modules/ts-node/src/index.ts:863:19)
    at /Users/suvidhapatekar/Downloads/typescript-graphql-poc/node_modules/ts-node/src/index.ts:1379:34
    at Object.compile (/Users/suvidhapatekar/Downloads/typescript-graphql-poc/node_modules/ts-node/src/index.ts:1458:13)
    at Module.m._compile (/Users/suvidhapatekar/Downloads/typescript-graphql-poc/node_modules/ts-node/src/index.ts:1617:30)
    at Module._extensions..js (node:internal/modules/cjs/loader:1159:10)
    at Object.require.extensions.<computed> [as .ts] (/Users/suvidhapatekar/Downloads/typescript-graphql-poc/node_modules/ts-node/src/index.ts:1621:12)
    at Module.load (node:internal/modules/cjs/loader:981:32)
    at Function.Module._load (node:internal/modules/cjs/loader:822:12)
    at Module.require (node:internal/modules/cjs/loader:1005:19)
2024-07-30 12:24:42 error: uncaughtException: тип Unable to compile TypeScript:
[96msrc/http/prashth.http.ts[0m:[93m18[0m:[93m23[0m - [91merror[0m[90m TS1005: [0m',' expected.

[7m18[0m       'wm_visitor_id' : '35b647f0-4a8c-11ef-829e-67da6ea1276d',
[7m  [0m [91m                      ~[0m
[96msrc/http/prashth.http.ts[0m:[93m18[0m:[93m63[0m - [91merror[0m[90m TS1005: [0m':' expected.

[7m18[0m       'wm_visitor_id' : '35b647f0-4a8c-11ef-829e-67da6ea1276d',
[7m  [0m [91m                                                              ~[0m

TSError: тип Unable to compile TypeScript:
[96msrc/http/prashth.http.ts[0m:[93m18[0m:[93m23[0m - [91merror[0m[90m TS1005: [0m',' expected.

[7m18[0m       'wm_visitor_id' : '35b647f0-4a8c-11ef-829e-67da6ea1276d',
[7m  [0m [91m                      ~[0m
[96msrc/http/prashth.http.ts[0m:[93m18[0m:[93m63[0m - [91merror[0m[90m TS1005: [0m':' expected.

[7m18[0m       'wm_visitor_id' : '35b647f0-4a8c-11ef-829e-67da6ea1276d',
[7m  [0m [91m                                                              ~[0m

    at createTSError (/Users/suvidhapatekar/Downloads/typescript-graphql-poc/node_modules/ts-node/src/index.ts:859:12)
    at reportTSError (/Users/suvidhapatekar/Downloads/typescript-graphql-poc/node_modules/ts-node/src/index.ts:863:19)
    at /Users/suvidhapatekar/Downloads/typescript-graphql-poc/node_modules/ts-node/src/index.ts:1379:34
    at Object.compile (/Users/suvidhapatekar/Downloads/typescript-graphql-poc/node_modules/ts-node/src/index.ts:1458:13)
    at Module.m._compile (/Users/suvidhapatekar/Downloads/typescript-graphql-poc/node_modules/ts-node/src/index.ts:1617:30)
    at Module._extensions..js (node:internal/modules/cjs/loader:1159:10)
    at Object.require.extensions.<computed> [as .ts] (/Users/suvidhapatekar/Downloads/typescript-graphql-poc/node_modules/ts-node/src/index.ts:1621:12)
    at Module.load (node:internal/modules/cjs/loader:981:32)
    at Function.Module._load (node:internal/modules/cjs/loader:822:12)
    at Module.require (node:internal/modules/cjs/loader:1005:19)
2024-07-30 12:24:48 error: uncaughtException: тип Unable to compile TypeScript:
[96msrc/http/prashth.http.ts[0m:[93m18[0m:[93m23[0m - [91merror[0m[90m TS1005: [0m',' expected.

[7m18[0m       'wm_visitor_id' : '35b647f0-4a8c-11ef-829e-67da6ea1276d',
[7m  [0m [91m                      ~[0m
[96msrc/http/prashth.http.ts[0m:[93m18[0m:[93m63[0m - [91merror[0m[90m TS1005: [0m':' expected.

[7m18[0m       'wm_visitor_id' : '35b647f0-4a8c-11ef-829e-67da6ea1276d',
[7m  [0m [91m                                                              ~[0m

TSError: тип Unable to compile TypeScript:
[96msrc/http/prashth.http.ts[0m:[93m18[0m:[93m23[0m - [91merror[0m[90m TS1005: [0m',' expected.

[7m18[0m       'wm_visitor_id' : '35b647f0-4a8c-11ef-829e-67da6ea1276d',
[7m  [0m [91m                      ~[0m
[96msrc/http/prashth.http.ts[0m:[93m18[0m:[93m63[0m - [91merror[0m[90m TS1005: [0m':' expected.

[7m18[0m       'wm_visitor_id' : '35b647f0-4a8c-11ef-829e-67da6ea1276d',
[7m  [0m [91m                                                              ~[0m

    at createTSError (/Users/suvidhapatekar/Downloads/typescript-graphql-poc/node_modules/ts-node/src/index.ts:859:12)
    at reportTSError (/Users/suvidhapatekar/Downloads/typescript-graphql-poc/node_modules/ts-node/src/index.ts:863:19)
    at /Users/suvidhapatekar/Downloads/typescript-graphql-poc/node_modules/ts-node/src/index.ts:1379:34
    at Object.compile (/Users/suvidhapatekar/Downloads/typescript-graphql-poc/node_modules/ts-node/src/index.ts:1458:13)
    at Module.m._compile (/Users/suvidhapatekar/Downloads/typescript-graphql-poc/node_modules/ts-node/src/index.ts:1617:30)
    at Module._extensions..js (node:internal/modules/cjs/loader:1159:10)
    at Object.require.extensions.<computed> [as .ts] (/Users/suvidhapatekar/Downloads/typescript-graphql-poc/node_modules/ts-node/src/index.ts:1621:12)
    at Module.load (node:internal/modules/cjs/loader:981:32)
    at Function.Module._load (node:internal/modules/cjs/loader:822:12)
    at Module.require (node:internal/modules/cjs/loader:1005:19)
2024-07-30 12:24:50 error: uncaughtException: тип Unable to compile TypeScript:
[96msrc/http/prashth.http.ts[0m:[93m18[0m:[93m23[0m - [91merror[0m[90m TS1005: [0m',' expected.

[7m18[0m       'wm_visitor_id' : '35b647f0-4a8c-11ef-829e-67da6ea1276d',
[7m  [0m [91m                      ~[0m
[96msrc/http/prashth.http.ts[0m:[93m18[0m:[93m63[0m - [91merror[0m[90m TS1005: [0m':' expected.

[7m18[0m       'wm_visitor_id' : '35b647f0-4a8c-11ef-829e-67da6ea1276d',
[7m  [0m [91m                                                              ~[0m

TSError: тип Unable to compile TypeScript:
[96msrc/http/prashth.http.ts[0m:[93m18[0m:[93m23[0m - [91merror[0m[90m TS1005: [0m',' expected.

[7m18[0m       'wm_visitor_id' : '35b647f0-4a8c-11ef-829e-67da6ea1276d',
[7m  [0m [91m                      ~[0m
[96msrc/http/prashth.http.ts[0m:[93m18[0m:[93m63[0m - [91merror[0m[90m TS1005: [0m':' expected.

[7m18[0m       'wm_visitor_id' : '35b647f0-4a8c-11ef-829e-67da6ea1276d',
[7m  [0m [91m                                                              ~[0m

    at createTSError (/Users/suvidhapatekar/Downloads/typescript-graphql-poc/node_modules/ts-node/src/index.ts:859:12)
    at reportTSError (/Users/suvidhapatekar/Downloads/typescript-graphql-poc/node_modules/ts-node/src/index.ts:863:19)
    at /Users/suvidhapatekar/Downloads/typescript-graphql-poc/node_modules/ts-node/src/index.ts:1379:34
    at Object.compile (/Users/suvidhapatekar/Downloads/typescript-graphql-poc/node_modules/ts-node/src/index.ts:1458:13)
    at Module.m._compile (/Users/suvidhapatekar/Downloads/typescript-graphql-poc/node_modules/ts-node/src/index.ts:1617:30)
    at Module._extensions..js (node:internal/modules/cjs/loader:1159:10)
    at Object.require.extensions.<computed> [as .ts] (/Users/suvidhapatekar/Downloads/typescript-graphql-poc/node_modules/ts-node/src/index.ts:1621:12)
    at Module.load (node:internal/modules/cjs/loader:981:32)
    at Function.Module._load (node:internal/modules/cjs/loader:822:12)
    at Module.require (node:internal/modules/cjs/loader:1005:19)
2024-07-30 12:24:54 error: uncaughtException: тип Unable to compile TypeScript:
[96msrc/http/prashth.http.ts[0m:[93m18[0m:[93m23[0m - [91merror[0m[90m TS1005: [0m',' expected.

[7m18[0m       'wm_visitor_id' : '35b647f0-4a8c-11ef-829e-67da6ea1276d',
[7m  [0m [91m                      ~[0m
[96msrc/http/prashth.http.ts[0m:[93m18[0m:[93m63[0m - [91merror[0m[90m TS1005: [0m':' expected.

[7m18[0m       'wm_visitor_id' : '35b647f0-4a8c-11ef-829e-67da6ea1276d',
[7m  [0m [91m                                                              ~[0m

TSError: тип Unable to compile TypeScript:
[96msrc/http/prashth.http.ts[0m:[93m18[0m:[93m23[0m - [91merror[0m[90m TS1005: [0m',' expected.

[7m18[0m       'wm_visitor_id' : '35b647f0-4a8c-11ef-829e-67da6ea1276d',
[7m  [0m [91m                      ~[0m
[96msrc/http/prashth.http.ts[0m:[93m18[0m:[93m63[0m - [91merror[0m[90m TS1005: [0m':' expected.

[7m18[0m       'wm_visitor_id' : '35b647f0-4a8c-11ef-829e-67da6ea1276d',
[7m  [0m [91m                                                              ~[0m

    at createTSError (/Users/suvidhapatekar/Downloads/typescript-graphql-poc/node_modules/ts-node/src/index.ts:859:12)
    at reportTSError (/Users/suvidhapatekar/Downloads/typescript-graphql-poc/node_modules/ts-node/src/index.ts:863:19)
    at /Users/suvidhapatekar/Downloads/typescript-graphql-poc/node_modules/ts-node/src/index.ts:1379:34
    at Object.compile (/Users/suvidhapatekar/Downloads/typescript-graphql-poc/node_modules/ts-node/src/index.ts:1458:13)
    at Module.m._compile (/Users/suvidhapatekar/Downloads/typescript-graphql-poc/node_modules/ts-node/src/index.ts:1617:30)
    at Module._extensions..js (node:internal/modules/cjs/loader:1159:10)
    at Object.require.extensions.<computed> [as .ts] (/Users/suvidhapatekar/Downloads/typescript-graphql-poc/node_modules/ts-node/src/index.ts:1621:12)
    at Module.load (node:internal/modules/cjs/loader:981:32)
    at Function.Module._load (node:internal/modules/cjs/loader:822:12)
    at Module.require (node:internal/modules/cjs/loader:1005:19)
2024-07-30 12:41:09 error: uncaughtException: Cannot read properties of undefined (reading 'forEach')
TypeError: Cannot read properties of undefined (reading 'forEach')
    at /Users/suvidhapatekar/Downloads/typescript-graphql-poc/src/controllers/localJsonController.ts:18:39
    at processTicksAndRejections (node:internal/process/task_queues:96:5)
2024-07-30 12:57:28 error: uncaughtException: тип Unable to compile TypeScript:
[96msrc/controllers/localJsonController.ts[0m:[93m22[0m:[93m23[0m - [91merror[0m[90m TS1109: [0mExpression expected.

[7m22[0m               else if()
[7m  [0m [91m                      ~[0m
[96msrc/controllers/localJsonController.ts[0m:[93m23[0m:[93m13[0m - [91merror[0m[90m TS1109: [0mExpression expected.

[7m23[0m             });
[7m  [0m [91m            ~[0m

TSError: тип Unable to compile TypeScript:
[96msrc/controllers/localJsonController.ts[0m:[93m22[0m:[93m23[0m - [91merror[0m[90m TS1109: [0mExpression expected.

[7m22[0m               else if()
[7m  [0m [91m                      ~[0m
[96msrc/controllers/localJsonController.ts[0m:[93m23[0m:[93m13[0m - [91merror[0m[90m TS1109: [0mExpression expected.

[7m23[0m             });
[7m  [0m [91m            ~[0m

    at createTSError (C:\ShopDeck\typescript-graphql-poc\node_modules\ts-node\src\index.ts:859:12)
    at reportTSError (C:\ShopDeck\typescript-graphql-poc\node_modules\ts-node\src\index.ts:863:19)
    at C:\ShopDeck\typescript-graphql-poc\node_modules\ts-node\src\index.ts:1379:34
    at Object.compile (C:\ShopDeck\typescript-graphql-poc\node_modules\ts-node\src\index.ts:1458:13)
    at Module.m._compile (C:\ShopDeck\typescript-graphql-poc\node_modules\ts-node\src\index.ts:1617:30)
    at Module._extensions..js (node:internal/modules/cjs/loader:1416:10)
    at Object.require.extensions.<computed> [as .ts] (C:\ShopDeck\typescript-graphql-poc\node_modules\ts-node\src\index.ts:1621:12)
    at Module.load (node:internal/modules/cjs/loader:1208:32)
    at Function.Module._load (node:internal/modules/cjs/loader:1024:12)
    at Module.require (node:internal/modules/cjs/loader:1233:19)
2024-07-30 12:57:35 error: uncaughtException: тип Unable to compile TypeScript:
[96msrc/controllers/localJsonController.ts[0m:[93m23[0m:[93m13[0m - [91merror[0m[90m TS1109: [0mExpression expected.

[7m23[0m             });
[7m  [0m [91m            ~[0m

TSError: тип Unable to compile TypeScript:
[96msrc/controllers/localJsonController.ts[0m:[93m23[0m:[93m13[0m - [91merror[0m[90m TS1109: [0mExpression expected.

[7m23[0m             });
[7m  [0m [91m            ~[0m

    at createTSError (C:\ShopDeck\typescript-graphql-poc\node_modules\ts-node\src\index.ts:859:12)
    at reportTSError (C:\ShopDeck\typescript-graphql-poc\node_modules\ts-node\src\index.ts:863:19)
    at C:\ShopDeck\typescript-graphql-poc\node_modules\ts-node\src\index.ts:1379:34
    at Object.compile (C:\ShopDeck\typescript-graphql-poc\node_modules\ts-node\src\index.ts:1458:13)
    at Module.m._compile (C:\ShopDeck\typescript-graphql-poc\node_modules\ts-node\src\index.ts:1617:30)
    at Module._extensions..js (node:internal/modules/cjs/loader:1416:10)
    at Object.require.extensions.<computed> [as .ts] (C:\ShopDeck\typescript-graphql-poc\node_modules\ts-node\src\index.ts:1621:12)
    at Module.load (node:internal/modules/cjs/loader:1208:32)
    at Function.Module._load (node:internal/modules/cjs/loader:1024:12)
    at Module.require (node:internal/modules/cjs/loader:1233:19)
2024-07-30 12:57:38 error: uncaughtException: тип Unable to compile TypeScript:
[96msrc/controllers/localJsonController.ts[0m:[93m23[0m:[93m13[0m - [91merror[0m[90m TS1109: [0mExpression expected.

[7m23[0m             });
[7m  [0m [91m            ~[0m

TSError: тип Unable to compile TypeScript:
[96msrc/controllers/localJsonController.ts[0m:[93m23[0m:[93m13[0m - [91merror[0m[90m TS1109: [0mExpression expected.

[7m23[0m             });
[7m  [0m [91m            ~[0m

    at createTSError (C:\ShopDeck\typescript-graphql-poc\node_modules\ts-node\src\index.ts:859:12)
    at reportTSError (C:\ShopDeck\typescript-graphql-poc\node_modules\ts-node\src\index.ts:863:19)
    at C:\ShopDeck\typescript-graphql-poc\node_modules\ts-node\src\index.ts:1379:34
    at Object.compile (C:\ShopDeck\typescript-graphql-poc\node_modules\ts-node\src\index.ts:1458:13)
    at Module.m._compile (C:\ShopDeck\typescript-graphql-poc\node_modules\ts-node\src\index.ts:1617:30)
    at Module._extensions..js (node:internal/modules/cjs/loader:1416:10)
    at Object.require.extensions.<computed> [as .ts] (C:\ShopDeck\typescript-graphql-poc\node_modules\ts-node\src\index.ts:1621:12)
    at Module.load (node:internal/modules/cjs/loader:1208:32)
    at Function.Module._load (node:internal/modules/cjs/loader:1024:12)
    at Module.require (node:internal/modules/cjs/loader:1233:19)
2024-07-30 12:57:41 error: uncaughtException: тип Unable to compile TypeScript:
[96msrc/controllers/localJsonController.ts[0m:[93m23[0m:[93m13[0m - [91merror[0m[90m TS1109: [0mExpression expected.

[7m23[0m             });
[7m  [0m [91m            ~[0m

TSError: тип Unable to compile TypeScript:
[96msrc/controllers/localJsonController.ts[0m:[93m23[0m:[93m13[0m - [91merror[0m[90m TS1109: [0mExpression expected.

[7m23[0m             });
[7m  [0m [91m            ~[0m

    at createTSError (C:\ShopDeck\typescript-graphql-poc\node_modules\ts-node\src\index.ts:859:12)
    at reportTSError (C:\ShopDeck\typescript-graphql-poc\node_modules\ts-node\src\index.ts:863:19)
    at C:\ShopDeck\typescript-graphql-poc\node_modules\ts-node\src\index.ts:1379:34
    at Object.compile (C:\ShopDeck\typescript-graphql-poc\node_modules\ts-node\src\index.ts:1458:13)
    at Module.m._compile (C:\ShopDeck\typescript-graphql-poc\node_modules\ts-node\src\index.ts:1617:30)
    at Module._extensions..js (node:internal/modules/cjs/loader:1416:10)
    at Object.require.extensions.<computed> [as .ts] (C:\ShopDeck\typescript-graphql-poc\node_modules\ts-node\src\index.ts:1621:12)
    at Module.load (node:internal/modules/cjs/loader:1208:32)
    at Function.Module._load (node:internal/modules/cjs/loader:1024:12)
    at Module.require (node:internal/modules/cjs/loader:1233:19)
2024-07-30 12:58:37 error: uncaughtException: тип Unable to compile TypeScript:
[96msrc/controllers/localJsonController.ts[0m:[93m23[0m:[93m13[0m - [91merror[0m[90m TS1109: [0mExpression expected.

[7m23[0m             });
[7m  [0m [91m            ~[0m

TSError: тип Unable to compile TypeScript:
[96msrc/controllers/localJsonController.ts[0m:[93m23[0m:[93m13[0m - [91merror[0m[90m TS1109: [0mExpression expected.

[7m23[0m             });
[7m  [0m [91m            ~[0m

    at createTSError (C:\ShopDeck\typescript-graphql-poc\node_modules\ts-node\src\index.ts:859:12)
    at reportTSError (C:\ShopDeck\typescript-graphql-poc\node_modules\ts-node\src\index.ts:863:19)
    at C:\ShopDeck\typescript-graphql-poc\node_modules\ts-node\src\index.ts:1379:34
    at Object.compile (C:\ShopDeck\typescript-graphql-poc\node_modules\ts-node\src\index.ts:1458:13)
    at Module.m._compile (C:\ShopDeck\typescript-graphql-poc\node_modules\ts-node\src\index.ts:1617:30)
    at Module._extensions..js (node:internal/modules/cjs/loader:1416:10)
    at Object.require.extensions.<computed> [as .ts] (C:\ShopDeck\typescript-graphql-poc\node_modules\ts-node\src\index.ts:1621:12)
    at Module.load (node:internal/modules/cjs/loader:1208:32)
    at Function.Module._load (node:internal/modules/cjs/loader:1024:12)
    at Module.require (node:internal/modules/cjs/loader:1233:19)
2024-07-30 12:58:42 error: uncaughtException: тип Unable to compile TypeScript:
[96msrc/controllers/localJsonController.ts[0m:[93m23[0m:[93m13[0m - [91merror[0m[90m TS1109: [0mExpression expected.

[7m23[0m             });
[7m  [0m [91m            ~[0m

TSError: тип Unable to compile TypeScript:
[96msrc/controllers/localJsonController.ts[0m:[93m23[0m:[93m13[0m - [91merror[0m[90m TS1109: [0mExpression expected.

[7m23[0m             });
[7m  [0m [91m            ~[0m

    at createTSError (C:\ShopDeck\typescript-graphql-poc\node_modules\ts-node\src\index.ts:859:12)
    at reportTSError (C:\ShopDeck\typescript-graphql-poc\node_modules\ts-node\src\index.ts:863:19)
    at C:\ShopDeck\typescript-graphql-poc\node_modules\ts-node\src\index.ts:1379:34
    at Object.compile (C:\ShopDeck\typescript-graphql-poc\node_modules\ts-node\src\index.ts:1458:13)
    at Module.m._compile (C:\ShopDeck\typescript-graphql-poc\node_modules\ts-node\src\index.ts:1617:30)
    at Module._extensions..js (node:internal/modules/cjs/loader:1416:10)
    at Object.require.extensions.<computed> [as .ts] (C:\ShopDeck\typescript-graphql-poc\node_modules\ts-node\src\index.ts:1621:12)
    at Module.load (node:internal/modules/cjs/loader:1208:32)
    at Function.Module._load (node:internal/modules/cjs/loader:1024:12)
    at Module.require (node:internal/modules/cjs/loader:1233:19)
2024-07-30 12:58:55 error: uncaughtException: тип Unable to compile TypeScript:
[96msrc/controllers/localJsonController.ts[0m:[93m20[0m:[93m84[0m - [91merror[0m[90m TS1002: [0mUnterminated string literal.

[7m20[0m                 console.log('inside foreach and for element type ${} and carousel")
[7m  [0m [91m                                                                                   [0m
[96msrc/controllers/localJsonController.ts[0m:[93m21[0m:[93m15[0m - [91merror[0m[90m TS1005: [0m',' expected.

[7m21[0m               }
[7m  [0m [91m              ~[0m

TSError: тип Unable to compile TypeScript:
[96msrc/controllers/localJsonController.ts[0m:[93m20[0m:[93m84[0m - [91merror[0m[90m TS1002: [0mUnterminated string literal.

[7m20[0m                 console.log('inside foreach and for element type ${} and carousel")
[7m  [0m [91m                                                                                   [0m
[96msrc/controllers/localJsonController.ts[0m:[93m21[0m:[93m15[0m - [91merror[0m[90m TS1005: [0m',' expected.

[7m21[0m               }
[7m  [0m [91m              ~[0m

    at createTSError (C:\ShopDeck\typescript-graphql-poc\node_modules\ts-node\src\index.ts:859:12)
    at reportTSError (C:\ShopDeck\typescript-graphql-poc\node_modules\ts-node\src\index.ts:863:19)
    at C:\ShopDeck\typescript-graphql-poc\node_modules\ts-node\src\index.ts:1379:34
    at Object.compile (C:\ShopDeck\typescript-graphql-poc\node_modules\ts-node\src\index.ts:1458:13)
    at Module.m._compile (C:\ShopDeck\typescript-graphql-poc\node_modules\ts-node\src\index.ts:1617:30)
    at Module._extensions..js (node:internal/modules/cjs/loader:1416:10)
    at Object.require.extensions.<computed> [as .ts] (C:\ShopDeck\typescript-graphql-poc\node_modules\ts-node\src\index.ts:1621:12)
    at Module.load (node:internal/modules/cjs/loader:1208:32)
    at Function.Module._load (node:internal/modules/cjs/loader:1024:12)
    at Module.require (node:internal/modules/cjs/loader:1233:19)
2024-07-30 12:58:57 error: uncaughtException: тип Unable to compile TypeScript:
[96msrc/controllers/localJsonController.ts[0m:[93m20[0m:[93m68[0m - [91merror[0m[90m TS1109: [0mExpression expected.

[7m20[0m                 console.log(`inside foreach and for element type ${} and carousel")
[7m  [0m [91m                                                                   ~[0m
[96msrc/controllers/localJsonController.ts[0m:[93m30[0m:[93m26[0m - [91merror[0m[90m TS1005: [0m',' expected.

[7m30[0m             console.log(`inside getPageDetailsById jsonDataUI ${jsonDataUI} and data = ${jsonData}`)
[7m  [0m [91m                         ~~~~~~[0m
[96msrc/controllers/localJsonController.ts[0m:[93m30[0m:[93m33[0m - [91merror[0m[90m TS1005: [0m',' expected.

[7m30[0m             console.log(`inside getPageDetailsById jsonDataUI ${jsonDataUI} and data = ${jsonData}`)
[7m  [0m [91m                                ~~~~~~~~~~~~~~~~~~[0m
[96msrc/controllers/localJsonController.ts[0m:[93m30[0m:[93m52[0m - [91merror[0m[90m TS1005: [0m',' expected.

[7m30[0m             console.log(`inside getPageDetailsById jsonDataUI ${jsonDataUI} and data = ${jsonData}`)
[7m  [0m [91m                                                   ~~~~~~~~~~[0m
[96msrc/controllers/localJsonController.ts[0m:[93m30[0m:[93m63[0m - [91merror[0m[90m TS1005: [0m',' expected.

[7m30[0m             console.log(`inside getPageDetailsById jsonDataUI ${jsonDataUI} and data = ${jsonData}`)
[7m  [0m [91m                                                              ~[0m
[96msrc/controllers/localJsonController.ts[0m:[93m30[0m:[93m64[0m - [91merror[0m[90m TS1005: [0m',' expected.

[7m30[0m             console.log(`inside getPageDetailsById jsonDataUI ${jsonDataUI} and data = ${jsonData}`)
[7m  [0m [91m                                                               ~[0m
[96msrc/controllers/localJsonController.ts[0m:[93m30[0m:[93m77[0m - [91merror[0m[90m TS1005: [0m',' expected.

[7m30[0m             console.log(`inside getPageDetailsById jsonDataUI ${jsonDataUI} and data = ${jsonData}`)
[7m  [0m [91m                                                                            ~~~[0m
[96msrc/controllers/localJsonController.ts[0m:[93m30[0m:[93m81[0m - [91merror[0m[90m TS1005: [0m',' expected.

[7m30[0m             console.log(`inside getPageDetailsById jsonDataUI ${jsonDataUI} and data = ${jsonData}`)
[7m  [0m [91m                                                                                ~~~~[0m
[96msrc/controllers/localJsonController.ts[0m:[93m30[0m:[93m89[0m - [91merror[0m[90m TS1005: [0m',' expected.

[7m30[0m             console.log(`inside getPageDetailsById jsonDataUI ${jsonDataUI} and data = ${jsonData}`)
[7m  [0m [91m                                                                                        ~[0m
[96msrc/controllers/localJsonController.ts[0m:[93m43[0m:[93m36[0m - [91merror[0m[90m TS1160: [0mUnterminated template literal.

[7m43[0m export default LocalJsonController;
[7m  [0m [91m                                   [0m

TSError: тип Unable to compile TypeScript:
[96msrc/controllers/localJsonController.ts[0m:[93m20[0m:[93m68[0m - [91merror[0m[90m TS1109: [0mExpression expected.

[7m20[0m                 console.log(`inside foreach and for element type ${} and carousel")
[7m  [0m [91m                                                                   ~[0m
[96msrc/controllers/localJsonController.ts[0m:[93m30[0m:[93m26[0m - [91merror[0m[90m TS1005: [0m',' expected.

[7m30[0m             console.log(`inside getPageDetailsById jsonDataUI ${jsonDataUI} and data = ${jsonData}`)
[7m  [0m [91m                         ~~~~~~[0m
[96msrc/controllers/localJsonController.ts[0m:[93m30[0m:[93m33[0m - [91merror[0m[90m TS1005: [0m',' expected.

[7m30[0m             console.log(`inside getPageDetailsById jsonDataUI ${jsonDataUI} and data = ${jsonData}`)
[7m  [0m [91m                                ~~~~~~~~~~~~~~~~~~[0m
[96msrc/controllers/localJsonController.ts[0m:[93m30[0m:[93m52[0m - [91merror[0m[90m TS1005: [0m',' expected.

[7m30[0m             console.log(`inside getPageDetailsById jsonDataUI ${jsonDataUI} and data = ${jsonData}`)
[7m  [0m [91m                                                   ~~~~~~~~~~[0m
[96msrc/controllers/localJsonController.ts[0m:[93m30[0m:[93m63[0m - [91merror[0m[90m TS1005: [0m',' expected.

[7m30[0m             console.log(`inside getPageDetailsById jsonDataUI ${jsonDataUI} and data = ${jsonData}`)
[7m  [0m [91m                                                              ~[0m
[96msrc/controllers/localJsonController.ts[0m:[93m30[0m:[93m64[0m - [91merror[0m[90m TS1005: [0m',' expected.

[7m30[0m             console.log(`inside getPageDetailsById jsonDataUI ${jsonDataUI} and data = ${jsonData}`)
[7m  [0m [91m                                                               ~[0m
[96msrc/controllers/localJsonController.ts[0m:[93m30[0m:[93m77[0m - [91merror[0m[90m TS1005: [0m',' expected.

[7m30[0m             console.log(`inside getPageDetailsById jsonDataUI ${jsonDataUI} and data = ${jsonData}`)
[7m  [0m [91m                                                                            ~~~[0m
[96msrc/controllers/localJsonController.ts[0m:[93m30[0m:[93m81[0m - [91merror[0m[90m TS1005: [0m',' expected.

[7m30[0m             console.log(`inside getPageDetailsById jsonDataUI ${jsonDataUI} and data = ${jsonData}`)
[7m  [0m [91m                                                                                ~~~~[0m
[96msrc/controllers/localJsonController.ts[0m:[93m30[0m:[93m89[0m - [91merror[0m[90m TS1005: [0m',' expected.

[7m30[0m             console.log(`inside getPageDetailsById jsonDataUI ${jsonDataUI} and data = ${jsonData}`)
[7m  [0m [91m                                                                                        ~[0m
[96msrc/controllers/localJsonController.ts[0m:[93m43[0m:[93m36[0m - [91merror[0m[90m TS1160: [0mUnterminated template literal.

[7m43[0m export default LocalJsonController;
[7m  [0m [91m                                   [0m

    at createTSError (C:\ShopDeck\typescript-graphql-poc\node_modules\ts-node\src\index.ts:859:12)
    at reportTSError (C:\ShopDeck\typescript-graphql-poc\node_modules\ts-node\src\index.ts:863:19)
    at C:\ShopDeck\typescript-graphql-poc\node_modules\ts-node\src\index.ts:1379:34
    at Object.compile (C:\ShopDeck\typescript-graphql-poc\node_modules\ts-node\src\index.ts:1458:13)
    at Module.m._compile (C:\ShopDeck\typescript-graphql-poc\node_modules\ts-node\src\index.ts:1617:30)
    at Module._extensions..js (node:internal/modules/cjs/loader:1416:10)
    at Object.require.extensions.<computed> [as .ts] (C:\ShopDeck\typescript-graphql-poc\node_modules\ts-node\src\index.ts:1621:12)
    at Module.load (node:internal/modules/cjs/loader:1208:32)
    at Function.Module._load (node:internal/modules/cjs/loader:1024:12)
    at Module.require (node:internal/modules/cjs/loader:1233:19)
2024-07-30 12:58:58 error: uncaughtException: тип Unable to compile TypeScript:
[96msrc/controllers/localJsonController.ts[0m:[93m20[0m:[93m68[0m - [91merror[0m[90m TS1109: [0mExpression expected.

[7m20[0m                 console.log(`inside foreach and for element type ${} and carousel1)
[7m  [0m [91m                                                                   ~[0m
[96msrc/controllers/localJsonController.ts[0m:[93m30[0m:[93m26[0m - [91merror[0m[90m TS1005: [0m',' expected.

[7m30[0m             console.log(`inside getPageDetailsById jsonDataUI ${jsonDataUI} and data = ${jsonData}`)
[7m  [0m [91m                         ~~~~~~[0m
[96msrc/controllers/localJsonController.ts[0m:[93m30[0m:[93m33[0m - [91merror[0m[90m TS1005: [0m',' expected.

[7m30[0m             console.log(`inside getPageDetailsById jsonDataUI ${jsonDataUI} and data = ${jsonData}`)
[7m  [0m [91m                                ~~~~~~~~~~~~~~~~~~[0m
[96msrc/controllers/localJsonController.ts[0m:[93m30[0m:[93m52[0m - [91merror[0m[90m TS1005: [0m',' expected.

[7m30[0m             console.log(`inside getPageDetailsById jsonDataUI ${jsonDataUI} and data = ${jsonData}`)
[7m  [0m [91m                                                   ~~~~~~~~~~[0m
[96msrc/controllers/localJsonController.ts[0m:[93m30[0m:[93m63[0m - [91merror[0m[90m TS1005: [0m',' expected.

[7m30[0m             console.log(`inside getPageDetailsById jsonDataUI ${jsonDataUI} and data = ${jsonData}`)
[7m  [0m [91m                                                              ~[0m
[96msrc/controllers/localJsonController.ts[0m:[93m30[0m:[93m64[0m - [91merror[0m[90m TS1005: [0m',' expected.

[7m30[0m             console.log(`inside getPageDetailsById jsonDataUI ${jsonDataUI} and data = ${jsonData}`)
[7m  [0m [91m                                                               ~[0m
[96msrc/controllers/localJsonController.ts[0m:[93m30[0m:[93m77[0m - [91merror[0m[90m TS1005: [0m',' expected.

[7m30[0m             console.log(`inside getPageDetailsById jsonDataUI ${jsonDataUI} and data = ${jsonData}`)
[7m  [0m [91m                                                                            ~~~[0m
[96msrc/controllers/localJsonController.ts[0m:[93m30[0m:[93m81[0m - [91merror[0m[90m TS1005: [0m',' expected.

[7m30[0m             console.log(`inside getPageDetailsById jsonDataUI ${jsonDataUI} and data = ${jsonData}`)
[7m  [0m [91m                                                                                ~~~~[0m
[96msrc/controllers/localJsonController.ts[0m:[93m30[0m:[93m89[0m - [91merror[0m[90m TS1005: [0m',' expected.

[7m30[0m             console.log(`inside getPageDetailsById jsonDataUI ${jsonDataUI} and data = ${jsonData}`)
[7m  [0m [91m                                                                                        ~[0m
[96msrc/controllers/localJsonController.ts[0m:[93m43[0m:[93m36[0m - [91merror[0m[90m TS1160: [0mUnterminated template literal.

[7m43[0m export default LocalJsonController;
[7m  [0m [91m                                   [0m

TSError: тип Unable to compile TypeScript:
[96msrc/controllers/localJsonController.ts[0m:[93m20[0m:[93m68[0m - [91merror[0m[90m TS1109: [0mExpression expected.

[7m20[0m                 console.log(`inside foreach and for element type ${} and carousel1)
[7m  [0m [91m                                                                   ~[0m
[96msrc/controllers/localJsonController.ts[0m:[93m30[0m:[93m26[0m - [91merror[0m[90m TS1005: [0m',' expected.

[7m30[0m             console.log(`inside getPageDetailsById jsonDataUI ${jsonDataUI} and data = ${jsonData}`)
[7m  [0m [91m                         ~~~~~~[0m
[96msrc/controllers/localJsonController.ts[0m:[93m30[0m:[93m33[0m - [91merror[0m[90m TS1005: [0m',' expected.

[7m30[0m             console.log(`inside getPageDetailsById jsonDataUI ${jsonDataUI} and data = ${jsonData}`)
[7m  [0m [91m                                ~~~~~~~~~~~~~~~~~~[0m
[96msrc/controllers/localJsonController.ts[0m:[93m30[0m:[93m52[0m - [91merror[0m[90m TS1005: [0m',' expected.

[7m30[0m             console.log(`inside getPageDetailsById jsonDataUI ${jsonDataUI} and data = ${jsonData}`)
[7m  [0m [91m                                                   ~~~~~~~~~~[0m
[96msrc/controllers/localJsonController.ts[0m:[93m30[0m:[93m63[0m - [91merror[0m[90m TS1005: [0m',' expected.

[7m30[0m             console.log(`inside getPageDetailsById jsonDataUI ${jsonDataUI} and data = ${jsonData}`)
[7m  [0m [91m                                                              ~[0m
[96msrc/controllers/localJsonController.ts[0m:[93m30[0m:[93m64[0m - [91merror[0m[90m TS1005: [0m',' expected.

[7m30[0m             console.log(`inside getPageDetailsById jsonDataUI ${jsonDataUI} and data = ${jsonData}`)
[7m  [0m [91m                                                               ~[0m
[96msrc/controllers/localJsonController.ts[0m:[93m30[0m:[93m77[0m - [91merror[0m[90m TS1005: [0m',' expected.

[7m30[0m             console.log(`inside getPageDetailsById jsonDataUI ${jsonDataUI} and data = ${jsonData}`)
[7m  [0m [91m                                                                            ~~~[0m
[96msrc/controllers/localJsonController.ts[0m:[93m30[0m:[93m81[0m - [91merror[0m[90m TS1005: [0m',' expected.

[7m30[0m             console.log(`inside getPageDetailsById jsonDataUI ${jsonDataUI} and data = ${jsonData}`)
[7m  [0m [91m                                                                                ~~~~[0m
[96msrc/controllers/localJsonController.ts[0m:[93m30[0m:[93m89[0m - [91merror[0m[90m TS1005: [0m',' expected.

[7m30[0m             console.log(`inside getPageDetailsById jsonDataUI ${jsonDataUI} and data = ${jsonData}`)
[7m  [0m [91m                                                                                        ~[0m
[96msrc/controllers/localJsonController.ts[0m:[93m43[0m:[93m36[0m - [91merror[0m[90m TS1160: [0mUnterminated template literal.

[7m43[0m export default LocalJsonController;
[7m  [0m [91m                                   [0m

    at createTSError (C:\ShopDeck\typescript-graphql-poc\node_modules\ts-node\src\index.ts:859:12)
    at reportTSError (C:\ShopDeck\typescript-graphql-poc\node_modules\ts-node\src\index.ts:863:19)
    at C:\ShopDeck\typescript-graphql-poc\node_modules\ts-node\src\index.ts:1379:34
    at Object.compile (C:\ShopDeck\typescript-graphql-poc\node_modules\ts-node\src\index.ts:1458:13)
    at Module.m._compile (C:\ShopDeck\typescript-graphql-poc\node_modules\ts-node\src\index.ts:1617:30)
    at Module._extensions..js (node:internal/modules/cjs/loader:1416:10)
    at Object.require.extensions.<computed> [as .ts] (C:\ShopDeck\typescript-graphql-poc\node_modules\ts-node\src\index.ts:1621:12)
    at Module.load (node:internal/modules/cjs/loader:1208:32)
    at Function.Module._load (node:internal/modules/cjs/loader:1024:12)
    at Module.require (node:internal/modules/cjs/loader:1233:19)
2024-07-30 12:59:00 error: uncaughtException: тип Unable to compile TypeScript:
[96msrc/controllers/localJsonController.ts[0m:[93m20[0m:[93m68[0m - [91merror[0m[90m TS1109: [0mExpression expected.

[7m20[0m                 console.log(`inside foreach and for element type ${} and carousel1`)
[7m  [0m [91m                                                                   ~[0m

TSError: тип Unable to compile TypeScript:
[96msrc/controllers/localJsonController.ts[0m:[93m20[0m:[93m68[0m - [91merror[0m[90m TS1109: [0mExpression expected.

[7m20[0m                 console.log(`inside foreach and for element type ${} and carousel1`)
[7m  [0m [91m                                                                   ~[0m

    at createTSError (C:\ShopDeck\typescript-graphql-poc\node_modules\ts-node\src\index.ts:859:12)
    at reportTSError (C:\ShopDeck\typescript-graphql-poc\node_modules\ts-node\src\index.ts:863:19)
    at C:\ShopDeck\typescript-graphql-poc\node_modules\ts-node\src\index.ts:1379:34
    at Object.compile (C:\ShopDeck\typescript-graphql-poc\node_modules\ts-node\src\index.ts:1458:13)
    at Module.m._compile (C:\ShopDeck\typescript-graphql-poc\node_modules\ts-node\src\index.ts:1617:30)
    at Module._extensions..js (node:internal/modules/cjs/loader:1416:10)
    at Object.require.extensions.<computed> [as .ts] (C:\ShopDeck\typescript-graphql-poc\node_modules\ts-node\src\index.ts:1621:12)
    at Module.load (node:internal/modules/cjs/loader:1208:32)
    at Function.Module._load (node:internal/modules/cjs/loader:1024:12)
    at Module.require (node:internal/modules/cjs/loader:1233:19)
2024-07-30 12:59:03 error: uncaughtException: тип Unable to compile TypeScript:
[96msrc/controllers/localJsonController.ts[0m:[93m20[0m:[93m68[0m - [91merror[0m[90m TS1109: [0mExpression expected.

[7m20[0m                 console.log(`inside foreach and for element type ${} and `)
[7m  [0m [91m                                                                   ~[0m

TSError: тип Unable to compile TypeScript:
[96msrc/controllers/localJsonController.ts[0m:[93m20[0m:[93m68[0m - [91merror[0m[90m TS1109: [0mExpression expected.

[7m20[0m                 console.log(`inside foreach and for element type ${} and `)
[7m  [0m [91m                                                                   ~[0m

    at createTSError (C:\ShopDeck\typescript-graphql-poc\node_modules\ts-node\src\index.ts:859:12)
    at reportTSError (C:\ShopDeck\typescript-graphql-poc\node_modules\ts-node\src\index.ts:863:19)
    at C:\ShopDeck\typescript-graphql-poc\node_modules\ts-node\src\index.ts:1379:34
    at Object.compile (C:\ShopDeck\typescript-graphql-poc\node_modules\ts-node\src\index.ts:1458:13)
    at Module.m._compile (C:\ShopDeck\typescript-graphql-poc\node_modules\ts-node\src\index.ts:1617:30)
    at Module._extensions..js (node:internal/modules/cjs/loader:1416:10)
    at Object.require.extensions.<computed> [as .ts] (C:\ShopDeck\typescript-graphql-poc\node_modules\ts-node\src\index.ts:1621:12)
    at Module.load (node:internal/modules/cjs/loader:1208:32)
    at Function.Module._load (node:internal/modules/cjs/loader:1024:12)
    at Module.require (node:internal/modules/cjs/loader:1233:19)
2024-07-30 12:59:05 error: uncaughtException: тип Unable to compile TypeScript:
[96msrc/controllers/localJsonController.ts[0m:[93m20[0m:[93m68[0m - [91merror[0m[90m TS1109: [0mExpression expected.

[7m20[0m                 console.log(`inside foreach and for element type ${} and ${}`)
[7m  [0m [91m                                                                   ~[0m
[96msrc/controllers/localJsonController.ts[0m:[93m20[0m:[93m76[0m - [91merror[0m[90m TS1109: [0mExpression expected.

[7m20[0m                 console.log(`inside foreach and for element type ${} and ${}`)
[7m  [0m [91m                                                                           ~[0m

TSError: тип Unable to compile TypeScript:
[96msrc/controllers/localJsonController.ts[0m:[93m20[0m:[93m68[0m - [91merror[0m[90m TS1109: [0mExpression expected.

[7m20[0m                 console.log(`inside foreach and for element type ${} and ${}`)
[7m  [0m [91m                                                                   ~[0m
[96msrc/controllers/localJsonController.ts[0m:[93m20[0m:[93m76[0m - [91merror[0m[90m TS1109: [0mExpression expected.

[7m20[0m                 console.log(`inside foreach and for element type ${} and ${}`)
[7m  [0m [91m                                                                           ~[0m

    at createTSError (C:\ShopDeck\typescript-graphql-poc\node_modules\ts-node\src\index.ts:859:12)
    at reportTSError (C:\ShopDeck\typescript-graphql-poc\node_modules\ts-node\src\index.ts:863:19)
    at C:\ShopDeck\typescript-graphql-poc\node_modules\ts-node\src\index.ts:1379:34
    at Object.compile (C:\ShopDeck\typescript-graphql-poc\node_modules\ts-node\src\index.ts:1458:13)
    at Module.m._compile (C:\ShopDeck\typescript-graphql-poc\node_modules\ts-node\src\index.ts:1617:30)
    at Module._extensions..js (node:internal/modules/cjs/loader:1416:10)
    at Object.require.extensions.<computed> [as .ts] (C:\ShopDeck\typescript-graphql-poc\node_modules\ts-node\src\index.ts:1621:12)
    at Module.load (node:internal/modules/cjs/loader:1208:32)
    at Function.Module._load (node:internal/modules/cjs/loader:1024:12)
    at Module.require (node:internal/modules/cjs/loader:1233:19)
2024-07-30 12:59:09 error: uncaughtException: тип Unable to compile TypeScript:
[96msrc/controllers/localJsonController.ts[0m:[93m20[0m:[93m88[0m - [91merror[0m[90m TS1109: [0mExpression expected.

[7m20[0m                 console.log(`inside foreach and for element type ${element.type} and ${}`)
[7m  [0m [91m                                                                                       ~[0m

TSError: тип Unable to compile TypeScript:
[96msrc/controllers/localJsonController.ts[0m:[93m20[0m:[93m88[0m - [91merror[0m[90m TS1109: [0mExpression expected.

[7m20[0m                 console.log(`inside foreach and for element type ${element.type} and ${}`)
[7m  [0m [91m                                                                                       ~[0m

    at createTSError (C:\ShopDeck\typescript-graphql-poc\node_modules\ts-node\src\index.ts:859:12)
    at reportTSError (C:\ShopDeck\typescript-graphql-poc\node_modules\ts-node\src\index.ts:863:19)
    at C:\ShopDeck\typescript-graphql-poc\node_modules\ts-node\src\index.ts:1379:34
    at Object.compile (C:\ShopDeck\typescript-graphql-poc\node_modules\ts-node\src\index.ts:1458:13)
    at Module.m._compile (C:\ShopDeck\typescript-graphql-poc\node_modules\ts-node\src\index.ts:1617:30)
    at Module._extensions..js (node:internal/modules/cjs/loader:1416:10)
    at Object.require.extensions.<computed> [as .ts] (C:\ShopDeck\typescript-graphql-poc\node_modules\ts-node\src\index.ts:1621:12)
    at Module.load (node:internal/modules/cjs/loader:1208:32)
    at Function.Module._load (node:internal/modules/cjs/loader:1024:12)
    at Module.require (node:internal/modules/cjs/loader:1233:19)
<<<<<<< HEAD
2024-07-30 13:07:32 error: uncaughtException: тип Unable to compile TypeScript:
[96msrc/controllers/localJsonController.ts[0m:[93m18[0m:[93m48[0m - [91merror[0m[90m TS1110: [0mType expected.

[7m18[0m             result.data.widgets.forEach((value:, index) => {
[7m  [0m [91m                                               ~[0m

TSError: тип Unable to compile TypeScript:
[96msrc/controllers/localJsonController.ts[0m:[93m18[0m:[93m48[0m - [91merror[0m[90m TS1110: [0mType expected.

[7m18[0m             result.data.widgets.forEach((value:, index) => {
[7m  [0m [91m                                               ~[0m

    at createTSError (C:\ShopDeck\typescript-graphql-poc\node_modules\ts-node\src\index.ts:859:12)
    at reportTSError (C:\ShopDeck\typescript-graphql-poc\node_modules\ts-node\src\index.ts:863:19)
    at C:\ShopDeck\typescript-graphql-poc\node_modules\ts-node\src\index.ts:1379:34
    at Object.compile (C:\ShopDeck\typescript-graphql-poc\node_modules\ts-node\src\index.ts:1458:13)
    at Module.m._compile (C:\ShopDeck\typescript-graphql-poc\node_modules\ts-node\src\index.ts:1617:30)
    at Module._extensions..js (node:internal/modules/cjs/loader:1416:10)
    at Object.require.extensions.<computed> [as .ts] (C:\ShopDeck\typescript-graphql-poc\node_modules\ts-node\src\index.ts:1621:12)
    at Module.load (node:internal/modules/cjs/loader:1208:32)
    at Function.Module._load (node:internal/modules/cjs/loader:1024:12)
    at Module.require (node:internal/modules/cjs/loader:1233:19)
2024-07-30 13:23:58 error: uncaughtException: тип Unable to compile TypeScript:
[96msrc/controllers/localJsonController.ts[0m:[93m18[0m:[93m55[0m - [91merror[0m[90m TS1110: [0mType expected.

[7m18[0m             result.data.widgets.forEach((value, index:) => {
[7m  [0m [91m                                                      ~[0m

TSError: тип Unable to compile TypeScript:
[96msrc/controllers/localJsonController.ts[0m:[93m18[0m:[93m55[0m - [91merror[0m[90m TS1110: [0mType expected.

[7m18[0m             result.data.widgets.forEach((value, index:) => {
[7m  [0m [91m                                                      ~[0m

    at createTSError (C:\ShopDeck\typescript-graphql-poc\node_modules\ts-node\src\index.ts:859:12)
    at reportTSError (C:\ShopDeck\typescript-graphql-poc\node_modules\ts-node\src\index.ts:863:19)
    at C:\ShopDeck\typescript-graphql-poc\node_modules\ts-node\src\index.ts:1379:34
    at Object.compile (C:\ShopDeck\typescript-graphql-poc\node_modules\ts-node\src\index.ts:1458:13)
    at Module.m._compile (C:\ShopDeck\typescript-graphql-poc\node_modules\ts-node\src\index.ts:1617:30)
    at Module._extensions..js (node:internal/modules/cjs/loader:1416:10)
    at Object.require.extensions.<computed> [as .ts] (C:\ShopDeck\typescript-graphql-poc\node_modules\ts-node\src\index.ts:1621:12)
    at Module.load (node:internal/modules/cjs/loader:1208:32)
    at Function.Module._load (node:internal/modules/cjs/loader:1024:12)
    at Module.require (node:internal/modules/cjs/loader:1233:19)
=======

>>>>>>> 7bc42e60813ac40d8d01cc1271081c5c4dac4537
